{"/home/travis/build/npmtest/node-npmtest-react-router/test.js":{"path":"/home/travis/build/npmtest/node-npmtest-react-router/test.js","s":{"1":2,"2":2,"3":2,"4":2,"5":2,"6":2,"7":2,"8":1,"9":2,"10":2,"11":1,"12":1,"13":1,"14":1,"15":2,"16":2,"17":2,"18":2,"19":1,"20":1,"21":2,"22":2,"23":2,"24":1,"25":1,"26":1,"27":1,"28":1,"29":1,"30":1,"31":1,"32":1,"33":1,"34":1,"35":1,"36":2,"37":2,"38":1,"39":2,"40":2,"41":1,"42":2,"43":2,"44":1,"45":1,"46":1,"47":1,"48":1},"b":{"1":[2,1,1,1],"2":[1,1,1,1],"3":[1,1],"4":[1,1],"5":[1,1],"6":[1,1],"7":[1,1],"8":[1,1],"9":[1,1,1],"10":[1,1],"11":[1,1],"12":[1,1],"13":[1,1],"14":[1,1],"15":[1,1]},"f":{"1":2,"2":2,"3":2,"4":2,"5":2,"6":1,"7":1,"8":2,"9":2,"10":2,"11":1},"fnMap":{"1":{"name":"(anonymous_1)","line":12,"loc":{"start":{"line":12,"column":1},"end":{"line":12,"column":13}}},"2":{"name":"(anonymous_2)","line":19,"loc":{"start":{"line":19,"column":5},"end":{"line":19,"column":17}}},"3":{"name":"(anonymous_3)","line":23,"loc":{"start":{"line":23,"column":24},"end":{"line":23,"column":36}}},"4":{"name":"(anonymous_4)","line":61,"loc":{"start":{"line":61,"column":5},"end":{"line":61,"column":17}}},"5":{"name":"(anonymous_5)","line":82,"loc":{"start":{"line":82,"column":5},"end":{"line":82,"column":17}}},"6":{"name":"(anonymous_6)","line":102,"loc":{"start":{"line":102,"column":83},"end":{"line":105,"column":10}},"skip":true},"7":{"name":"(anonymous_7)","line":113,"loc":{"start":{"line":113,"column":77},"end":{"line":116,"column":10}},"skip":true},"8":{"name":"(anonymous_8)","line":127,"loc":{"start":{"line":127,"column":77},"end":{"line":130,"column":10}},"skip":true},"9":{"name":"(anonymous_9)","line":138,"loc":{"start":{"line":138,"column":83},"end":{"line":141,"column":10}},"skip":true},"10":{"name":"(anonymous_10)","line":149,"loc":{"start":{"line":149,"column":79},"end":{"line":152,"column":10}},"skip":true},"11":{"name":"(anonymous_11)","line":160,"loc":{"start":{"line":160,"column":75},"end":{"line":163,"column":10}},"skip":true}},"statementMap":{"1":{"start":{"line":12,"column":0},"end":{"line":175,"column":5}},"2":{"start":{"line":14,"column":4},"end":{"line":14,"column":14}},"3":{"start":{"line":19,"column":4},"end":{"line":56,"column":9}},"4":{"start":{"line":21,"column":8},"end":{"line":21,"column":19}},"5":{"start":{"line":23,"column":8},"end":{"line":35,"column":13}},"6":{"start":{"line":24,"column":12},"end":{"line":34,"column":13}},"7":{"start":{"line":25,"column":16},"end":{"line":28,"column":30}},"8":{"start":{"line":30,"column":16},"end":{"line":33,"column":27}},"9":{"start":{"line":37,"column":8},"end":{"line":39,"column":21}},"10":{"start":{"line":40,"column":8},"end":{"line":53,"column":9}},"11":{"start":{"line":43,"column":12},"end":{"line":46,"column":14}},"12":{"start":{"line":47,"column":12},"end":{"line":47,"column":18}},"13":{"start":{"line":50,"column":12},"end":{"line":51,"column":46}},"14":{"start":{"line":52,"column":12},"end":{"line":52,"column":18}},"15":{"start":{"line":55,"column":8},"end":{"line":55,"column":35}},"16":{"start":{"line":61,"column":4},"end":{"line":63,"column":9}},"17":{"start":{"line":62,"column":8},"end":{"line":62,"column":15}},"18":{"start":{"line":64,"column":4},"end":{"line":77,"column":5}},"19":{"start":{"line":70,"column":8},"end":{"line":70,"column":14}},"20":{"start":{"line":76,"column":8},"end":{"line":76,"column":14}},"21":{"start":{"line":82,"column":4},"end":{"line":84,"column":9}},"22":{"start":{"line":83,"column":8},"end":{"line":83,"column":15}},"23":{"start":{"line":85,"column":4},"end":{"line":174,"column":5}},"24":{"start":{"line":92,"column":8},"end":{"line":94,"column":63}},"25":{"start":{"line":95,"column":8},"end":{"line":95,"column":14}},"26":{"start":{"line":102,"column":8},"end":{"line":111,"column":10},"skip":true},"27":{"start":{"line":109,"column":12},"end":{"line":109,"column":55},"skip":true},"28":{"start":{"line":110,"column":12},"end":{"line":110,"column":48},"skip":true},"29":{"start":{"line":113,"column":8},"end":{"line":125,"column":10},"skip":true},"30":{"start":{"line":120,"column":12},"end":{"line":120,"column":76},"skip":true},"31":{"start":{"line":121,"column":12},"end":{"line":121,"column":73},"skip":true},"32":{"start":{"line":122,"column":12},"end":{"line":122,"column":74},"skip":true},"33":{"start":{"line":123,"column":12},"end":{"line":123,"column":25},"skip":true},"34":{"start":{"line":124,"column":12},"end":{"line":124,"column":45},"skip":true},"35":{"start":{"line":127,"column":8},"end":{"line":136,"column":10},"skip":true},"36":{"start":{"line":134,"column":12},"end":{"line":134,"column":25},"skip":true},"37":{"start":{"line":135,"column":12},"end":{"line":135,"column":45},"skip":true},"38":{"start":{"line":138,"column":8},"end":{"line":147,"column":10},"skip":true},"39":{"start":{"line":145,"column":12},"end":{"line":145,"column":25},"skip":true},"40":{"start":{"line":146,"column":12},"end":{"line":146,"column":48},"skip":true},"41":{"start":{"line":149,"column":8},"end":{"line":158,"column":10},"skip":true},"42":{"start":{"line":156,"column":12},"end":{"line":156,"column":25},"skip":true},"43":{"start":{"line":157,"column":12},"end":{"line":157,"column":46},"skip":true},"44":{"start":{"line":160,"column":8},"end":{"line":169,"column":10},"skip":true},"45":{"start":{"line":167,"column":12},"end":{"line":167,"column":94},"skip":true},"46":{"start":{"line":168,"column":12},"end":{"line":168,"column":48},"skip":true},"47":{"start":{"line":172,"column":8},"end":{"line":172,"column":35},"skip":true},"48":{"start":{"line":173,"column":8},"end":{"line":173,"column":14},"skip":true}},"branchMap":{"1":{"line":25,"type":"binary-expr","locations":[{"start":{"line":25,"column":23},"end":{"line":25,"column":62}},{"start":{"line":26,"column":20},"end":{"line":26,"column":70}},{"start":{"line":27,"column":20},"end":{"line":27,"column":71}},{"start":{"line":28,"column":20},"end":{"line":28,"column":29}}]},"2":{"line":30,"type":"binary-expr","locations":[{"start":{"line":30,"column":23},"end":{"line":30,"column":37}},{"start":{"line":31,"column":20},"end":{"line":31,"column":61}},{"start":{"line":32,"column":20},"end":{"line":32,"column":70}},{"start":{"line":33,"column":20},"end":{"line":33,"column":26}}]},"3":{"line":37,"type":"cond-expr","locations":[{"start":{"line":38,"column":14},"end":{"line":38,"column":20}},{"start":{"line":39,"column":14},"end":{"line":39,"column":20}}]},"4":{"line":40,"type":"switch","locations":[{"start":{"line":42,"column":8},"end":{"line":47,"column":18}},{"start":{"line":49,"column":8},"end":{"line":52,"column":18}}]},"5":{"line":44,"type":"binary-expr","locations":[{"start":{"line":44,"column":16},"end":{"line":44,"column":44}},{"start":{"line":44,"column":48},"end":{"line":44,"column":66}}]},"6":{"line":50,"type":"binary-expr","locations":[{"start":{"line":50,"column":21},"end":{"line":50,"column":49}},{"start":{"line":50,"column":53},"end":{"line":50,"column":72}}]},"7":{"line":64,"type":"switch","locations":[{"start":{"line":69,"column":4},"end":{"line":70,"column":14}},{"start":{"line":75,"column":4},"end":{"line":76,"column":14}}]},"8":{"line":85,"type":"switch","locations":[{"start":{"line":90,"column":4},"end":{"line":95,"column":14}},{"start":{"line":101,"column":4},"end":{"line":173,"column":14},"skip":true}]},"9":{"line":92,"type":"binary-expr","locations":[{"start":{"line":92,"column":18},"end":{"line":92,"column":32}},{"start":{"line":93,"column":12},"end":{"line":93,"column":53}},{"start":{"line":94,"column":12},"end":{"line":94,"column":61}}]},"10":{"line":102,"type":"binary-expr","locations":[{"start":{"line":102,"column":45},"end":{"line":102,"column":79},"skip":true},{"start":{"line":102,"column":83},"end":{"line":111,"column":9},"skip":true}]},"11":{"line":113,"type":"binary-expr","locations":[{"start":{"line":113,"column":42},"end":{"line":113,"column":73},"skip":true},{"start":{"line":113,"column":77},"end":{"line":125,"column":9},"skip":true}]},"12":{"line":127,"type":"binary-expr","locations":[{"start":{"line":127,"column":42},"end":{"line":127,"column":73},"skip":true},{"start":{"line":127,"column":77},"end":{"line":136,"column":9},"skip":true}]},"13":{"line":138,"type":"binary-expr","locations":[{"start":{"line":138,"column":45},"end":{"line":138,"column":79},"skip":true},{"start":{"line":138,"column":83},"end":{"line":147,"column":9},"skip":true}]},"14":{"line":149,"type":"binary-expr","locations":[{"start":{"line":149,"column":43},"end":{"line":149,"column":75},"skip":true},{"start":{"line":149,"column":79},"end":{"line":158,"column":9},"skip":true}]},"15":{"line":160,"type":"binary-expr","locations":[{"start":{"line":160,"column":41},"end":{"line":160,"column":71},"skip":true},{"start":{"line":160,"column":75},"end":{"line":169,"column":9},"skip":true}]}},"code":["/* istanbul instrument in package npmtest_react_router */","/*jslint","    bitwise: true,","    browser: true,","    maxerr: 8,","    maxlen: 96,","    node: true,","    nomen: true,","    regexp: true,","    stupid: true","*/","(function () {","    'use strict';","    var local;","","","","    // run shared js-env code - pre-init","    (function () {","        // init local","        local = {};","        // init modeJs","        local.modeJs = (function () {","            try {","                return typeof navigator.userAgent === 'string' &&","                    typeof document.querySelector('body') === 'object' &&","                    typeof XMLHttpRequest.prototype.open === 'function' &&","                    'browser';","            } catch (errorCaughtBrowser) {","                return module.exports &&","                    typeof process.versions.node === 'string' &&","                    typeof require('http').createServer === 'function' &&","                    'node';","            }","        }());","        // init global","        local.global = local.modeJs === 'browser'","            ? window","            : global;","        switch (local.modeJs) {","        // re-init local from window.local","        case 'browser':","            local = local.global.utility2.objectSetDefault(","                local.global.utility2_rollup || local.global.local,","                local.global.utility2","            );","            break;","        // re-init local from example.js","        case 'node':","            local = (local.global.utility2_rollup || require('utility2'))","                .requireExampleJsFromReadme();","            break;","        }","        // export local","        local.global.local = local;","    }());","","","","    // run shared js-env code - function","    (function () {","        return;","    }());","    switch (local.modeJs) {","","","","    // run browser js-env code - function","    case 'browser':","        break;","","","","    // run node js-env code - function","    case 'node':","        break;","    }","","","","    // run shared js-env code - post-init","    (function () {","        return;","    }());","    switch (local.modeJs) {","","","","    // run browser js-env code - post-init","    case 'browser':","        // run tests","        local.nop(local.modeTest &&","            document.querySelector('#testRunButton1') &&","            document.querySelector('#testRunButton1').click());","        break;","","","","    // run node js-env code - post-init","    /* istanbul ignore next */","    case 'node':","        local.testCase_buildApidoc_default = local.testCase_buildApidoc_default || function (","            options,","            onError","        ) {","        /*","         * this function will test buildApidoc's default handling-behavior-behavior","         */","            options = { modulePathList: module.paths };","            local.buildApidoc(options, onError);","        };","","        local.testCase_buildApp_default = local.testCase_buildApp_default || function (","            options,","            onError","        ) {","        /*","         * this function will test buildApp's default handling-behavior-behavior","         */","            local.testCase_buildReadme_default(options, local.onErrorThrow);","            local.testCase_buildLib_default(options, local.onErrorThrow);","            local.testCase_buildTest_default(options, local.onErrorThrow);","            options = [];","            local.buildApp(options, onError);","        };","","        local.testCase_buildLib_default = local.testCase_buildLib_default || function (","            options,","            onError","        ) {","        /*","         * this function will test buildLib's default handling-behavior","         */","            options = {};","            local.buildLib(options, onError);","        };","","        local.testCase_buildReadme_default = local.testCase_buildReadme_default || function (","            options,","            onError","        ) {","        /*","         * this function will test buildReadme's default handling-behavior-behavior","         */","            options = {};","            local.buildReadme(options, onError);","        };","","        local.testCase_buildTest_default = local.testCase_buildTest_default || function (","            options,","            onError","        ) {","        /*","         * this function will test buildTest's default handling-behavior","         */","            options = {};","            local.buildTest(options, onError);","        };","","        local.testCase_webpage_default = local.testCase_webpage_default || function (","            options,","            onError","        ) {","        /*","         * this function will test webpage's default handling-behavior","         */","            options = { modeCoverageMerge: true, url: local.serverLocalHost + '?modeTest=1' };","            local.browserTest(options, onError);","        };","","        // run test-server","        local.testRunServer(local);","        break;","    }","}());",""],"l":{"12":2,"14":2,"19":2,"21":2,"23":2,"24":2,"25":2,"30":1,"37":2,"40":2,"43":1,"47":1,"50":1,"52":1,"55":2,"61":2,"62":2,"64":2,"70":1,"76":1,"82":2,"83":2,"85":2,"92":1,"95":1,"102":1,"109":1,"110":1,"113":1,"120":1,"121":1,"122":1,"123":1,"124":1,"127":1,"134":2,"135":2,"138":1,"145":2,"146":2,"149":1,"156":2,"157":2,"160":1,"167":1,"168":1,"172":1,"173":1}},"/home/travis/build/npmtest/node-npmtest-react-router/lib.npmtest_react_router.js":{"path":"/home/travis/build/npmtest/node-npmtest-react-router/lib.npmtest_react_router.js","s":{"1":2,"2":2,"3":2,"4":2,"5":2,"6":2,"7":2,"8":1,"9":2,"10":2,"11":2,"12":2,"13":1,"14":1,"15":1,"16":1},"b":{"1":[2,1,1,1],"2":[1,1,1,1],"3":[1,1],"4":[2,2],"5":[1,1]},"f":{"1":2,"2":2,"3":2},"fnMap":{"1":{"name":"(anonymous_1)","line":12,"loc":{"start":{"line":12,"column":1},"end":{"line":12,"column":13}}},"2":{"name":"(anonymous_2)","line":19,"loc":{"start":{"line":19,"column":5},"end":{"line":19,"column":17}}},"3":{"name":"(anonymous_3)","line":23,"loc":{"start":{"line":23,"column":24},"end":{"line":23,"column":36}}}},"statementMap":{"1":{"start":{"line":12,"column":0},"end":{"line":53,"column":5}},"2":{"start":{"line":14,"column":4},"end":{"line":14,"column":14}},"3":{"start":{"line":19,"column":4},"end":{"line":52,"column":9}},"4":{"start":{"line":21,"column":8},"end":{"line":21,"column":19}},"5":{"start":{"line":23,"column":8},"end":{"line":35,"column":13}},"6":{"start":{"line":24,"column":12},"end":{"line":34,"column":13}},"7":{"start":{"line":25,"column":16},"end":{"line":28,"column":30}},"8":{"start":{"line":30,"column":16},"end":{"line":33,"column":27}},"9":{"start":{"line":37,"column":8},"end":{"line":39,"column":21}},"10":{"start":{"line":41,"column":8},"end":{"line":41,"column":54}},"11":{"start":{"line":43,"column":8},"end":{"line":43,"column":57}},"12":{"start":{"line":45,"column":8},"end":{"line":51,"column":9}},"13":{"start":{"line":46,"column":12},"end":{"line":46,"column":63}},"14":{"start":{"line":48,"column":12},"end":{"line":48,"column":35}},"15":{"start":{"line":49,"column":12},"end":{"line":49,"column":49}},"16":{"start":{"line":50,"column":12},"end":{"line":50,"column":43}}},"branchMap":{"1":{"line":25,"type":"binary-expr","locations":[{"start":{"line":25,"column":23},"end":{"line":25,"column":62}},{"start":{"line":26,"column":20},"end":{"line":26,"column":70}},{"start":{"line":27,"column":20},"end":{"line":27,"column":71}},{"start":{"line":28,"column":20},"end":{"line":28,"column":29}}]},"2":{"line":30,"type":"binary-expr","locations":[{"start":{"line":30,"column":23},"end":{"line":30,"column":37}},{"start":{"line":31,"column":20},"end":{"line":31,"column":61}},{"start":{"line":32,"column":20},"end":{"line":32,"column":70}},{"start":{"line":33,"column":20},"end":{"line":33,"column":26}}]},"3":{"line":37,"type":"cond-expr","locations":[{"start":{"line":38,"column":14},"end":{"line":38,"column":20}},{"start":{"line":39,"column":14},"end":{"line":39,"column":20}}]},"4":{"line":41,"type":"binary-expr","locations":[{"start":{"line":41,"column":16},"end":{"line":41,"column":44}},{"start":{"line":41,"column":48},"end":{"line":41,"column":53}}]},"5":{"line":45,"type":"if","locations":[{"start":{"line":45,"column":8},"end":{"line":45,"column":8}},{"start":{"line":45,"column":8},"end":{"line":45,"column":8}}]}},"code":["/* istanbul instrument in package npmtest_react_router */","/*jslint","    bitwise: true,","    browser: true,","    maxerr: 8,","    maxlen: 96,","    node: true,","    nomen: true,","    regexp: true,","    stupid: true","*/","(function () {","    'use strict';","    var local;","","","","    // run shared js-env code - pre-init","    (function () {","        // init local","        local = {};","        // init modeJs","        local.modeJs = (function () {","            try {","                return typeof navigator.userAgent === 'string' &&","                    typeof document.querySelector('body') === 'object' &&","                    typeof XMLHttpRequest.prototype.open === 'function' &&","                    'browser';","            } catch (errorCaughtBrowser) {","                return module.exports &&","                    typeof process.versions.node === 'string' &&","                    typeof require('http').createServer === 'function' &&","                    'node';","            }","        }());","        // init global","        local.global = local.modeJs === 'browser'","            ? window","            : global;","        // init utility2_rollup","        local = local.global.utility2_rollup || local;","        // init lib","        local.local = local.npmtest_react_router = local;","        // init exports","        if (local.modeJs === 'browser') {","            local.global.utility2_npmtest_react_router = local;","        } else {","            module.exports = local;","            module.exports.__dirname = __dirname;","            module.exports.module = module;","        }","    }());","}());",""],"l":{"12":2,"14":2,"19":2,"21":2,"23":2,"24":2,"25":2,"30":1,"37":2,"41":2,"43":2,"45":2,"46":1,"48":1,"49":1,"50":1}},"/home/travis/build/npmtest/node-npmtest-react-router/example.js":{"path":"/home/travis/build/npmtest/node-npmtest-react-router/example.js","s":{"1":2,"2":2,"3":2,"4":2,"5":2,"6":2,"7":2,"8":1,"9":2,"10":2,"11":2,"12":2,"13":1,"14":2,"15":2,"16":2,"17":2,"18":2,"19":0,"20":2,"21":1,"22":1,"23":1,"24":1,"25":1,"26":0,"27":0,"28":1,"29":1,"30":2,"31":0,"32":0,"33":0,"34":1,"35":2,"36":2,"37":2,"38":2,"39":2,"40":2,"41":0,"42":2,"43":2,"44":2,"45":1,"46":3,"47":1,"48":1,"49":1,"50":1,"51":1,"52":1,"53":1,"54":1,"55":1,"56":1,"57":0,"58":1,"59":6,"60":6,"61":1,"62":2,"63":0,"64":2,"65":1,"66":1,"67":0,"68":0,"69":0,"70":0,"71":0,"72":0,"73":0,"74":0,"75":0,"76":0,"77":0,"78":0,"79":0,"80":0,"81":0,"82":0,"83":0},"b":{"1":[2,1,1,1],"2":[1,1,1,1],"3":[1,1],"4":[2,2],"5":[1,1],"6":[1,1],"7":[2,0],"8":[2,1,1,1,1,1],"9":[0,2,0],"10":[1,1],"11":[2,1,1],"12":[1,0],"13":[0,2],"14":[2,0,0,0,0,0,0],"15":[0,2],"16":[2,0],"17":[1,1],"18":[0,1],"19":[1,2,0,2],"20":[1,0],"21":[1,1],"22":[0,0],"23":[0,0],"24":[0,0],"25":[0,0],"26":[0,0],"27":[0,0],"28":[0,0]},"f":{"1":2,"2":2,"3":2,"4":2,"5":2,"6":2,"7":2,"8":2,"9":3,"10":1,"11":6,"12":0},"fnMap":{"1":{"name":"(anonymous_1)","line":26,"loc":{"start":{"line":26,"column":1},"end":{"line":26,"column":13}}},"2":{"name":"(anonymous_2)","line":33,"loc":{"start":{"line":33,"column":5},"end":{"line":33,"column":17}}},"3":{"name":"(anonymous_3)","line":37,"loc":{"start":{"line":37,"column":24},"end":{"line":37,"column":36}}},"4":{"name":"(anonymous_4)","line":69,"loc":{"start":{"line":69,"column":31},"end":{"line":69,"column":48}},"skip":true},"5":{"name":"(anonymous_5)","line":78,"loc":{"start":{"line":78,"column":26},"end":{"line":78,"column":45}},"skip":true},"6":{"name":"(anonymous_6)","line":123,"loc":{"start":{"line":123,"column":33},"end":{"line":123,"column":48}},"skip":true},"7":{"name":"(anonymous_7)","line":125,"loc":{"start":{"line":125,"column":27},"end":{"line":125,"column":39}},"skip":true},"8":{"name":"(anonymous_8)","line":133,"loc":{"start":{"line":133,"column":59},"end":{"line":133,"column":74}},"skip":true},"9":{"name":"(anonymous_9)","line":143,"loc":{"start":{"line":143,"column":45},"end":{"line":143,"column":62}},"skip":true},"10":{"name":"(anonymous_10)","line":144,"loc":{"start":{"line":144,"column":73},"end":{"line":144,"column":92}},"skip":true},"11":{"name":"(anonymous_11)","line":272,"loc":{"start":{"line":272,"column":51},"end":{"line":272,"column":77}},"skip":true},"12":{"name":"(anonymous_12)","line":314,"loc":{"start":{"line":314,"column":32},"end":{"line":314,"column":61}},"skip":true}},"statementMap":{"1":{"start":{"line":26,"column":0},"end":{"line":325,"column":5}},"2":{"start":{"line":28,"column":4},"end":{"line":28,"column":14}},"3":{"start":{"line":33,"column":4},"end":{"line":60,"column":9}},"4":{"start":{"line":35,"column":8},"end":{"line":35,"column":19}},"5":{"start":{"line":37,"column":8},"end":{"line":49,"column":13}},"6":{"start":{"line":38,"column":12},"end":{"line":48,"column":13}},"7":{"start":{"line":39,"column":16},"end":{"line":42,"column":30}},"8":{"start":{"line":44,"column":16},"end":{"line":47,"column":27}},"9":{"start":{"line":51,"column":8},"end":{"line":53,"column":21}},"10":{"start":{"line":55,"column":8},"end":{"line":57,"column":45}},"11":{"start":{"line":59,"column":8},"end":{"line":59,"column":35}},"12":{"start":{"line":61,"column":4},"end":{"line":324,"column":5}},"13":{"start":{"line":69,"column":8},"end":{"line":121,"column":10},"skip":true},"14":{"start":{"line":70,"column":12},"end":{"line":88,"column":13},"skip":true},"15":{"start":{"line":76,"column":16},"end":{"line":87,"column":19},"skip":true},"16":{"start":{"line":79,"column":20},"end":{"line":86,"column":21},"skip":true},"17":{"start":{"line":82,"column":24},"end":{"line":82,"column":43},"skip":true},"18":{"start":{"line":83,"column":24},"end":{"line":83,"column":30},"skip":true},"19":{"start":{"line":85,"column":24},"end":{"line":85,"column":49},"skip":true},"20":{"start":{"line":89,"column":12},"end":{"line":107,"column":13},"skip":true},"21":{"start":{"line":92,"column":16},"end":{"line":102,"column":17},"skip":true},"22":{"start":{"line":93,"column":20},"end":{"line":93,"column":86},"skip":true},"23":{"start":{"line":94,"column":20},"end":{"line":95,"column":45},"skip":true},"24":{"start":{"line":96,"column":20},"end":{"line":96,"column":42},"skip":true},"25":{"start":{"line":97,"column":20},"end":{"line":97,"column":48},"skip":true},"26":{"start":{"line":100,"column":20},"end":{"line":100,"column":85},"skip":true},"27":{"start":{"line":101,"column":20},"end":{"line":101,"column":96},"skip":true},"28":{"start":{"line":103,"column":16},"end":{"line":103,"column":22},"skip":true},"29":{"start":{"line":106,"column":16},"end":{"line":106,"column":22},"skip":true},"30":{"start":{"line":108,"column":12},"end":{"line":120,"column":13},"skip":true},"31":{"start":{"line":114,"column":16},"end":{"line":119,"column":17},"skip":true},"32":{"start":{"line":116,"column":20},"end":{"line":116,"column":78},"skip":true},"33":{"start":{"line":118,"column":20},"end":{"line":118,"column":53},"skip":true},"34":{"start":{"line":123,"column":8},"end":{"line":141,"column":11},"skip":true},"35":{"start":{"line":124,"column":12},"end":{"line":124,"column":54},"skip":true},"36":{"start":{"line":125,"column":12},"end":{"line":140,"column":14},"skip":true},"37":{"start":{"line":126,"column":16},"end":{"line":126,"column":28},"skip":true},"38":{"start":{"line":127,"column":16},"end":{"line":127,"column":69},"skip":true},"39":{"start":{"line":128,"column":16},"end":{"line":128,"column":75},"skip":true},"40":{"start":{"line":129,"column":16},"end":{"line":131,"column":17},"skip":true},"41":{"start":{"line":130,"column":20},"end":{"line":130,"column":27},"skip":true},"42":{"start":{"line":133,"column":16},"end":{"line":137,"column":36},"skip":true},"43":{"start":{"line":134,"column":20},"end":{"line":136,"column":55},"skip":true},"44":{"start":{"line":139,"column":16},"end":{"line":139,"column":57},"skip":true},"45":{"start":{"line":143,"column":8},"end":{"line":147,"column":11},"skip":true},"46":{"start":{"line":144,"column":12},"end":{"line":146,"column":15},"skip":true},"47":{"start":{"line":145,"column":16},"end":{"line":145,"column":70},"skip":true},"48":{"start":{"line":149,"column":8},"end":{"line":149,"column":31},"skip":true},"49":{"start":{"line":150,"column":8},"end":{"line":150,"column":14},"skip":true},"50":{"start":{"line":158,"column":8},"end":{"line":158,"column":31},"skip":true},"51":{"start":{"line":160,"column":8},"end":{"line":160,"column":33},"skip":true},"52":{"start":{"line":161,"column":8},"end":{"line":161,"column":37},"skip":true},"53":{"start":{"line":162,"column":8},"end":{"line":162,"column":35},"skip":true},"54":{"start":{"line":164,"column":8},"end":{"line":164,"column":50},"skip":true},"55":{"start":{"line":166,"column":8},"end":{"line":256,"column":2},"skip":true},"56":{"start":{"line":258,"column":8},"end":{"line":286,"column":9},"skip":true},"57":{"start":{"line":259,"column":12},"end":{"line":269,"column":14},"skip":true},"58":{"start":{"line":271,"column":12},"end":{"line":285,"column":19},"skip":true},"59":{"start":{"line":274,"column":20},"end":{"line":274,"column":35},"skip":true},"60":{"start":{"line":275,"column":20},"end":{"line":284,"column":21},"skip":true},"61":{"start":{"line":277,"column":24},"end":{"line":277,"column":64},"skip":true},"62":{"start":{"line":279,"column":24},"end":{"line":279,"column":40},"skip":true},"63":{"start":{"line":281,"column":24},"end":{"line":281,"column":40},"skip":true},"64":{"start":{"line":283,"column":24},"end":{"line":283,"column":39},"skip":true},"65":{"start":{"line":288,"column":8},"end":{"line":290,"column":9},"skip":true},"66":{"start":{"line":289,"column":12},"end":{"line":289,"column":18},"skip":true},"67":{"start":{"line":291,"column":8},"end":{"line":293,"column":54},"skip":true},"68":{"start":{"line":294,"column":8},"end":{"line":301,"column":37},"skip":true},"69":{"start":{"line":302,"column":8},"end":{"line":302,"column":82},"skip":true},"70":{"start":{"line":305,"column":8},"end":{"line":307,"column":9},"skip":true},"71":{"start":{"line":306,"column":12},"end":{"line":306,"column":82},"skip":true},"72":{"start":{"line":309,"column":8},"end":{"line":311,"column":9},"skip":true},"73":{"start":{"line":310,"column":12},"end":{"line":310,"column":18},"skip":true},"74":{"start":{"line":312,"column":8},"end":{"line":312,"column":54},"skip":true},"75":{"start":{"line":313,"column":8},"end":{"line":313,"column":69},"skip":true},"76":{"start":{"line":314,"column":8},"end":{"line":322,"column":36},"skip":true},"77":{"start":{"line":315,"column":12},"end":{"line":315,"column":61},"skip":true},"78":{"start":{"line":316,"column":12},"end":{"line":319,"column":13},"skip":true},"79":{"start":{"line":317,"column":16},"end":{"line":317,"column":75},"skip":true},"80":{"start":{"line":318,"column":16},"end":{"line":318,"column":23},"skip":true},"81":{"start":{"line":320,"column":12},"end":{"line":320,"column":38},"skip":true},"82":{"start":{"line":321,"column":12},"end":{"line":321,"column":27},"skip":true},"83":{"start":{"line":323,"column":8},"end":{"line":323,"column":14},"skip":true}},"branchMap":{"1":{"line":39,"type":"binary-expr","locations":[{"start":{"line":39,"column":23},"end":{"line":39,"column":62}},{"start":{"line":40,"column":20},"end":{"line":40,"column":70}},{"start":{"line":41,"column":20},"end":{"line":41,"column":71}},{"start":{"line":42,"column":20},"end":{"line":42,"column":29}}]},"2":{"line":44,"type":"binary-expr","locations":[{"start":{"line":44,"column":23},"end":{"line":44,"column":37}},{"start":{"line":45,"column":20},"end":{"line":45,"column":61}},{"start":{"line":46,"column":20},"end":{"line":46,"column":70}},{"start":{"line":47,"column":20},"end":{"line":47,"column":26}}]},"3":{"line":51,"type":"cond-expr","locations":[{"start":{"line":52,"column":14},"end":{"line":52,"column":20}},{"start":{"line":53,"column":14},"end":{"line":53,"column":20}}]},"4":{"line":55,"type":"binary-expr","locations":[{"start":{"line":55,"column":16},"end":{"line":55,"column":44}},{"start":{"line":55,"column":49},"end":{"line":57,"column":43}}]},"5":{"line":55,"type":"cond-expr","locations":[{"start":{"line":56,"column":14},"end":{"line":56,"column":56}},{"start":{"line":57,"column":14},"end":{"line":57,"column":43}}]},"6":{"line":61,"type":"switch","locations":[{"start":{"line":68,"column":4},"end":{"line":150,"column":14},"skip":true},{"start":{"line":156,"column":4},"end":{"line":323,"column":14},"skip":true}]},"7":{"line":70,"type":"if","locations":[{"start":{"line":70,"column":12},"end":{"line":70,"column":12},"skip":true},{"start":{"line":70,"column":12},"end":{"line":70,"column":12},"skip":true}]},"8":{"line":70,"type":"binary-expr","locations":[{"start":{"line":70,"column":16},"end":{"line":70,"column":22},"skip":true},{"start":{"line":70,"column":27},"end":{"line":70,"column":32},"skip":true},{"start":{"line":71,"column":20},"end":{"line":71,"column":39},"skip":true},{"start":{"line":72,"column":20},"end":{"line":72,"column":49},"skip":true},{"start":{"line":73,"column":20},"end":{"line":73,"column":58},"skip":true},{"start":{"line":74,"column":20},"end":{"line":74,"column":69},"skip":true}]},"9":{"line":79,"type":"switch","locations":[{"start":{"line":80,"column":20},"end":{"line":80,"column":33},"skip":true},{"start":{"line":81,"column":20},"end":{"line":83,"column":30},"skip":true},{"start":{"line":84,"column":20},"end":{"line":85,"column":49},"skip":true}]},"10":{"line":89,"type":"switch","locations":[{"start":{"line":90,"column":12},"end":{"line":103,"column":22},"skip":true},{"start":{"line":105,"column":12},"end":{"line":106,"column":22},"skip":true}]},"11":{"line":89,"type":"binary-expr","locations":[{"start":{"line":89,"column":20},"end":{"line":89,"column":25},"skip":true},{"start":{"line":89,"column":29},"end":{"line":89,"column":48},"skip":true},{"start":{"line":89,"column":52},"end":{"line":89,"column":74},"skip":true}]},"12":{"line":92,"type":"if","locations":[{"start":{"line":92,"column":16},"end":{"line":92,"column":16},"skip":true},{"start":{"line":92,"column":16},"end":{"line":92,"column":16},"skip":true}]},"13":{"line":108,"type":"if","locations":[{"start":{"line":108,"column":12},"end":{"line":108,"column":12},"skip":true},{"start":{"line":108,"column":12},"end":{"line":108,"column":12},"skip":true}]},"14":{"line":108,"type":"binary-expr","locations":[{"start":{"line":108,"column":16},"end":{"line":108,"column":61},"skip":true},{"start":{"line":108,"column":66},"end":{"line":108,"column":72},"skip":true},{"start":{"line":108,"column":77},"end":{"line":108,"column":82},"skip":true},{"start":{"line":109,"column":20},"end":{"line":109,"column":39},"skip":true},{"start":{"line":110,"column":20},"end":{"line":110,"column":49},"skip":true},{"start":{"line":111,"column":20},"end":{"line":111,"column":58},"skip":true},{"start":{"line":112,"column":20},"end":{"line":112,"column":68},"skip":true}]},"15":{"line":129,"type":"if","locations":[{"start":{"line":129,"column":16},"end":{"line":129,"column":16},"skip":true},{"start":{"line":129,"column":16},"end":{"line":129,"column":16},"skip":true}]},"16":{"line":134,"type":"cond-expr","locations":[{"start":{"line":135,"column":26},"end":{"line":135,"column":29},"skip":true},{"start":{"line":136,"column":26},"end":{"line":136,"column":54},"skip":true}]},"17":{"line":164,"type":"binary-expr","locations":[{"start":{"line":164,"column":27},"end":{"line":164,"column":43},"skip":true},{"start":{"line":164,"column":47},"end":{"line":164,"column":49},"skip":true}]},"18":{"line":258,"type":"if","locations":[{"start":{"line":258,"column":8},"end":{"line":258,"column":8},"skip":true},{"start":{"line":258,"column":8},"end":{"line":258,"column":8},"skip":true}]},"19":{"line":275,"type":"switch","locations":[{"start":{"line":276,"column":20},"end":{"line":277,"column":64},"skip":true},{"start":{"line":278,"column":20},"end":{"line":279,"column":40},"skip":true},{"start":{"line":280,"column":20},"end":{"line":281,"column":40},"skip":true},{"start":{"line":282,"column":20},"end":{"line":283,"column":39},"skip":true}]},"20":{"line":288,"type":"if","locations":[{"start":{"line":288,"column":8},"end":{"line":288,"column":8},"skip":true},{"start":{"line":288,"column":8},"end":{"line":288,"column":8},"skip":true}]},"21":{"line":288,"type":"binary-expr","locations":[{"start":{"line":288,"column":12},"end":{"line":288,"column":40},"skip":true},{"start":{"line":288,"column":44},"end":{"line":288,"column":67},"skip":true}]},"22":{"line":292,"type":"binary-expr","locations":[{"start":{"line":292,"column":12},"end":{"line":292,"column":50},"skip":true},{"start":{"line":293,"column":12},"end":{"line":293,"column":53},"skip":true}]},"23":{"line":295,"type":"binary-expr","locations":[{"start":{"line":295,"column":12},"end":{"line":295,"column":70},"skip":true},{"start":{"line":296,"column":12},"end":{"line":301,"column":36},"skip":true}]},"24":{"line":302,"type":"binary-expr","locations":[{"start":{"line":302,"column":43},"end":{"line":302,"column":75},"skip":true},{"start":{"line":302,"column":79},"end":{"line":302,"column":81},"skip":true}]},"25":{"line":305,"type":"if","locations":[{"start":{"line":305,"column":8},"end":{"line":305,"column":8},"skip":true},{"start":{"line":305,"column":8},"end":{"line":305,"column":8},"skip":true}]},"26":{"line":309,"type":"if","locations":[{"start":{"line":309,"column":8},"end":{"line":309,"column":8},"skip":true},{"start":{"line":309,"column":8},"end":{"line":309,"column":8},"skip":true}]},"27":{"line":312,"type":"binary-expr","locations":[{"start":{"line":312,"column":27},"end":{"line":312,"column":43},"skip":true},{"start":{"line":312,"column":47},"end":{"line":312,"column":53},"skip":true}]},"28":{"line":316,"type":"if","locations":[{"start":{"line":316,"column":12},"end":{"line":316,"column":12},"skip":true},{"start":{"line":316,"column":12},"end":{"line":316,"column":12},"skip":true}]}},"code":["/*","example.js","","quickstart example","","instruction","    1. save this script as example.js","    2. run the shell command:","        $ npm install npmtest-react-router && PORT=8081 node example.js","    3. play with the browser-demo on http://127.0.0.1:8081","*/","","","","/* istanbul instrument in package npmtest_react_router */","/*jslint","    bitwise: true,","    browser: true,","    maxerr: 8,","    maxlen: 96,","    node: true,","    nomen: true,","    regexp: true,","    stupid: true","*/","(function () {","    'use strict';","    var local;","","","","    // run shared js-env code - pre-init","    (function () {","        // init local","        local = {};","        // init modeJs","        local.modeJs = (function () {","            try {","                return typeof navigator.userAgent === 'string' &&","                    typeof document.querySelector('body') === 'object' &&","                    typeof XMLHttpRequest.prototype.open === 'function' &&","                    'browser';","            } catch (errorCaughtBrowser) {","                return module.exports &&","                    typeof process.versions.node === 'string' &&","                    typeof require('http').createServer === 'function' &&","                    'node';","            }","        }());","        // init global","        local.global = local.modeJs === 'browser'","            ? window","            : global;","        // init utility2_rollup","        local = local.global.utility2_rollup || (local.modeJs === 'browser'","            ? local.global.utility2_npmtest_react_router","            : global.utility2_moduleExports);","        // export local","        local.global.local = local;","    }());","    switch (local.modeJs) {","","","","    // post-init","    // run browser js-env code - post-init","    /* istanbul ignore next */","    case 'browser':","        local.testRunBrowser = function (event) {","            if (!event || (event &&","                    event.currentTarget &&","                    event.currentTarget.className &&","                    event.currentTarget.className.includes &&","                    event.currentTarget.className.includes('onreset'))) {","                // reset output","                Array.from(","                    document.querySelectorAll('body > .resettable')","                ).forEach(function (element) {","                    switch (element.tagName) {","                    case 'INPUT':","                    case 'TEXTAREA':","                        element.value = '';","                        break;","                    default:","                        element.textContent = '';","                    }","                });","            }","            switch (event && event.currentTarget && event.currentTarget.id) {","            case 'testRunButton1':","                // show tests","                if (document.querySelector('#testReportDiv1').style.display === 'none') {","                    document.querySelector('#testReportDiv1').style.display = 'block';","                    document.querySelector('#testRunButton1').textContent =","                        'hide internal test';","                    local.modeTest = true;","                    local.testRunDefault(local);","                // hide tests","                } else {","                    document.querySelector('#testReportDiv1').style.display = 'none';","                    document.querySelector('#testRunButton1').textContent = 'run internal test';","                }","                break;","            // custom-case","            default:","                break;","            }","            if (document.querySelector('#inputTextareaEval1') && (!event || (event &&","                    event.currentTarget &&","                    event.currentTarget.className &&","                    event.currentTarget.className.includes &&","                    event.currentTarget.className.includes('oneval')))) {","                // try to eval input-code","                try {","                    /*jslint evil: true*/","                    eval(document.querySelector('#inputTextareaEval1').value);","                } catch (errorCaught) {","                    console.error(errorCaught.stack);","                }","            }","        };","        // log stderr and stdout to #outputTextareaStdout1","        ['error', 'log'].forEach(function (key) {","            console[key + '_original'] = console[key];","            console[key] = function () {","                var element;","                console[key + '_original'].apply(console, arguments);","                element = document.querySelector('#outputTextareaStdout1');","                if (!element) {","                    return;","                }","                // append text to #outputTextareaStdout1","                element.value += Array.from(arguments).map(function (arg) {","                    return typeof arg === 'string'","                        ? arg","                        : JSON.stringify(arg, null, 4);","                }).join(' ') + '\\n';","                // scroll textarea to bottom","                element.scrollTop = element.scrollHeight;","            };","        });","        // init event-handling","        ['change', 'click', 'keyup'].forEach(function (event) {","            Array.from(document.querySelectorAll('.on' + event)).forEach(function (element) {","                element.addEventListener(event, local.testRunBrowser);","            });","        });","        // run tests","        local.testRunBrowser();","        break;","","","","    // run node js-env code - post-init","    /* istanbul ignore next */","    case 'node':","        // export local","        module.exports = local;","        // require modules","        local.fs = require('fs');","        local.http = require('http');","        local.url = require('url');","        // init assets","        local.assetsDict = local.assetsDict || {};","        /* jslint-ignore-begin */","        local.assetsDict['/assets.index.template.html'] = '\\","<!doctype html>\\n\\","<html lang=\"en\">\\n\\","<head>\\n\\","<meta charset=\"UTF-8\">\\n\\","<meta name=\"viewport\" content=\"width=device-width, initial-scale=1\">\\n\\","<title>{{env.npm_package_name}} (v{{env.npm_package_version}})</title>\\n\\","<style>\\n\\","/*csslint\\n\\","    box-sizing: false,\\n\\","    universal-selector: false\\n\\","*/\\n\\","* {\\n\\","    box-sizing: border-box;\\n\\","}\\n\\","body {\\n\\","    background: #dde;\\n\\","    font-family: Arial, Helvetica, sans-serif;\\n\\","    margin: 2rem;\\n\\","}\\n\\","body > * {\\n\\","    margin-bottom: 1rem;\\n\\","}\\n\\",".utility2FooterDiv {\\n\\","    margin-top: 20px;\\n\\","    text-align: center;\\n\\","}\\n\\","</style>\\n\\","<style>\\n\\","/*csslint\\n\\","*/\\n\\","textarea {\\n\\","    font-family: monospace;\\n\\","    height: 10rem;\\n\\","    width: 100%;\\n\\","}\\n\\","textarea[readonly] {\\n\\","    background: #ddd;\\n\\","}\\n\\","</style>\\n\\","</head>\\n\\","<body>\\n\\","<!-- utility2-comment\\n\\","<div id=\"ajaxProgressDiv1\" style=\"background: #d00; height: 2px; left: 0; margin: 0; padding: 0; position: fixed; top: 0; transition: background 0.5s, width 1.5s; width: 25%;\"></div>\\n\\","utility2-comment -->\\n\\","<h1>\\n\\","<!-- utility2-comment\\n\\","    <a\\n\\","        {{#if env.npm_package_homepage}}\\n\\","        href=\"{{env.npm_package_homepage}}\"\\n\\","        {{/if env.npm_package_homepage}}\\n\\","        target=\"_blank\"\\n\\","    >\\n\\","utility2-comment -->\\n\\","        {{env.npm_package_name}} (v{{env.npm_package_version}})\\n\\","<!-- utility2-comment\\n\\","    </a>\\n\\","utility2-comment -->\\n\\","</h1>\\n\\","<h3>{{env.npm_package_description}}</h3>\\n\\","<!-- utility2-comment\\n\\","<h4><a download href=\"assets.app.js\">download standalone app</a></h4>\\n\\","<button class=\"onclick onreset\" id=\"testRunButton1\">run internal test</button><br>\\n\\","<div id=\"testReportDiv1\" style=\"display: none;\"></div>\\n\\","utility2-comment -->\\n\\","\\n\\","\\n\\","\\n\\","<label>stderr and stdout</label>\\n\\","<textarea class=\"resettable\" id=\"outputTextareaStdout1\" readonly></textarea>\\n\\","<!-- utility2-comment\\n\\","{{#if isRollup}}\\n\\","<script src=\"assets.app.js\"></script>\\n\\","{{#unless isRollup}}\\n\\","utility2-comment -->\\n\\","<script src=\"assets.utility2.rollup.js\"></script>\\n\\","<script src=\"jsonp.utility2._stateInit?callback=window.utility2._stateInit\"></script>\\n\\","<script src=\"assets.npmtest_react_router.rollup.js\"></script>\\n\\","<script src=\"assets.example.js\"></script>\\n\\","<script src=\"assets.test.js\"></script>\\n\\","<!-- utility2-comment\\n\\","{{/if isRollup}}\\n\\","utility2-comment -->\\n\\","<div class=\"utility2FooterDiv\">\\n\\","    [ this app was created with\\n\\","    <a href=\"https://github.com/kaizhu256/node-utility2\" target=\"_blank\">utility2</a>\\n\\","    ]\\n\\","</div>\\n\\","</body>\\n\\","</html>\\n\\","';","        /* jslint-ignore-end */","        if (local.templateRender) {","            local.assetsDict['/'] = local.templateRender(","                local.assetsDict['/assets.index.template.html'],","                {","                    env: local.objectSetDefault(local.env, {","                        npm_package_description: 'the greatest app in the world!',","                        npm_package_name: 'my-app',","                        npm_package_nameAlias: 'my_app',","                        npm_package_version: '0.0.1'","                    })","                }","            );","        } else {","            local.assetsDict['/'] = local.assetsDict['/assets.index.template.html']","                .replace((/\\{\\{env\\.(\\w+?)\\}\\}/g), function (match0, match1) {","                    // jslint-hack","                    String(match0);","                    switch (match1) {","                    case 'npm_package_description':","                        return 'the greatest app in the world!';","                    case 'npm_package_name':","                        return 'my-app';","                    case 'npm_package_nameAlias':","                        return 'my_app';","                    case 'npm_package_version':","                        return '0.0.1';","                    }","                });","        }","        // run the cli","        if (local.global.utility2_rollup || module !== require.main) {","            break;","        }","        local.assetsDict['/assets.example.js'] =","            local.assetsDict['/assets.example.js'] ||","            local.fs.readFileSync(__filename, 'utf8');","        local.assetsDict['/assets.npmtest_react_router.rollup.js'] =","            local.assetsDict['/assets.npmtest_react_router.rollup.js'] ||","            local.fs.readFileSync(","                // buildCustomOrg-hack","                local.npmtest_react_router.__dirname +","                    '/lib.npmtest_react_router.js',","                'utf8'","            ).replace((/^#!/), '//');","        local.assetsDict['/favicon.ico'] = local.assetsDict['/favicon.ico'] || '';","        // if $npm_config_timeout_exit exists,","        // then exit this process after $npm_config_timeout_exit ms","        if (Number(process.env.npm_config_timeout_exit)) {","            setTimeout(process.exit, Number(process.env.npm_config_timeout_exit));","        }","        // start server","        if (local.global.utility2_serverHttp1) {","            break;","        }","        process.env.PORT = process.env.PORT || '8081';","        console.error('server starting on port ' + process.env.PORT);","        local.http.createServer(function (request, response) {","            request.urlParsed = local.url.parse(request.url);","            if (local.assetsDict[request.urlParsed.pathname] !== undefined) {","                response.end(local.assetsDict[request.urlParsed.pathname]);","                return;","            }","            response.statusCode = 404;","            response.end();","        }).listen(process.env.PORT);","        break;","    }","}());",""],"l":{"26":2,"28":2,"33":2,"35":2,"37":2,"38":2,"39":2,"44":1,"51":2,"55":2,"59":2,"61":2,"69":1,"70":2,"76":2,"79":2,"82":2,"83":2,"85":1,"89":2,"92":1,"93":1,"94":1,"96":1,"97":1,"100":1,"101":1,"103":1,"106":1,"108":2,"114":1,"116":1,"118":1,"123":1,"124":2,"125":2,"126":2,"127":2,"128":2,"129":2,"130":1,"133":2,"134":2,"139":2,"143":1,"144":3,"145":1,"149":1,"150":1,"158":1,"160":1,"161":1,"162":1,"164":1,"166":1,"258":1,"259":1,"271":1,"274":6,"275":6,"277":1,"279":2,"281":1,"283":2,"288":1,"289":1,"291":1,"294":1,"302":1,"305":1,"306":1,"309":1,"310":1,"312":1,"313":1,"314":1,"315":1,"316":1,"317":1,"318":1,"320":1,"321":1,"323":1}},"/home/travis/build/npmtest/node-npmtest-react-router/react-router/index.js":{"path":"/home/travis/build/npmtest/node-npmtest-react-router/react-router/index.js","s":{"1":1,"2":1,"3":1,"4":1,"5":1,"6":1,"7":1,"8":1,"9":1,"10":1,"11":1,"12":1,"13":1,"14":1,"15":1,"16":1,"17":1,"18":1,"19":1,"20":1,"21":1,"22":9,"23":1,"24":1,"25":1,"26":1,"27":1,"28":1,"29":1,"30":1,"31":1},"b":{"1":[9,0],"2":[9,9]},"f":{"1":9},"fnMap":{"1":{"name":"_interopRequireDefault","line":42,"loc":{"start":{"line":42,"column":0},"end":{"line":42,"column":37}}}},"statementMap":{"1":{"start":{"line":3,"column":0},"end":{"line":3,"column":26}},"2":{"start":{"line":4,"column":0},"end":{"line":4,"column":183}},"3":{"start":{"line":6,"column":0},"end":{"line":6,"column":47}},"4":{"start":{"line":8,"column":0},"end":{"line":8,"column":60}},"5":{"start":{"line":10,"column":0},"end":{"line":10,"column":35}},"6":{"start":{"line":12,"column":0},"end":{"line":12,"column":48}},"7":{"start":{"line":14,"column":0},"end":{"line":14,"column":39}},"8":{"start":{"line":16,"column":0},"end":{"line":16,"column":52}},"9":{"start":{"line":18,"column":0},"end":{"line":18,"column":33}},"10":{"start":{"line":20,"column":0},"end":{"line":20,"column":46}},"11":{"start":{"line":22,"column":0},"end":{"line":22,"column":35}},"12":{"start":{"line":24,"column":0},"end":{"line":24,"column":48}},"13":{"start":{"line":26,"column":0},"end":{"line":26,"column":47}},"14":{"start":{"line":28,"column":0},"end":{"line":28,"column":60}},"15":{"start":{"line":30,"column":0},"end":{"line":30,"column":35}},"16":{"start":{"line":32,"column":0},"end":{"line":32,"column":48}},"17":{"start":{"line":34,"column":0},"end":{"line":34,"column":41}},"18":{"start":{"line":36,"column":0},"end":{"line":36,"column":54}},"19":{"start":{"line":38,"column":0},"end":{"line":38,"column":43}},"20":{"start":{"line":40,"column":0},"end":{"line":40,"column":56}},"21":{"start":{"line":42,"column":0},"end":{"line":42,"column":95}},"22":{"start":{"line":42,"column":39},"end":{"line":42,"column":93}},"23":{"start":{"line":44,"column":0},"end":{"line":44,"column":46}},"24":{"start":{"line":45,"column":0},"end":{"line":45,"column":34}},"25":{"start":{"line":46,"column":0},"end":{"line":46,"column":38}},"26":{"start":{"line":47,"column":0},"end":{"line":47,"column":32}},"27":{"start":{"line":48,"column":0},"end":{"line":48,"column":34}},"28":{"start":{"line":49,"column":0},"end":{"line":49,"column":46}},"29":{"start":{"line":50,"column":0},"end":{"line":50,"column":34}},"30":{"start":{"line":51,"column":0},"end":{"line":51,"column":40}},"31":{"start":{"line":52,"column":0},"end":{"line":52,"column":42}}},"branchMap":{"1":{"line":42,"type":"cond-expr","locations":[{"start":{"line":42,"column":70},"end":{"line":42,"column":73}},{"start":{"line":42,"column":76},"end":{"line":42,"column":92}}]},"2":{"line":42,"type":"binary-expr","locations":[{"start":{"line":42,"column":46},"end":{"line":42,"column":49}},{"start":{"line":42,"column":53},"end":{"line":42,"column":67}}]}},"code":["'use strict';","","exports.__esModule = true;","exports.withRouter = exports.matchPath = exports.Switch = exports.StaticRouter = exports.Router = exports.Route = exports.Redirect = exports.Prompt = exports.MemoryRouter = undefined;","","var _MemoryRouter2 = require('./MemoryRouter');","","var _MemoryRouter3 = _interopRequireDefault(_MemoryRouter2);","","var _Prompt2 = require('./Prompt');","","var _Prompt3 = _interopRequireDefault(_Prompt2);","","var _Redirect2 = require('./Redirect');","","var _Redirect3 = _interopRequireDefault(_Redirect2);","","var _Route2 = require('./Route');","","var _Route3 = _interopRequireDefault(_Route2);","","var _Router2 = require('./Router');","","var _Router3 = _interopRequireDefault(_Router2);","","var _StaticRouter2 = require('./StaticRouter');","","var _StaticRouter3 = _interopRequireDefault(_StaticRouter2);","","var _Switch2 = require('./Switch');","","var _Switch3 = _interopRequireDefault(_Switch2);","","var _matchPath2 = require('./matchPath');","","var _matchPath3 = _interopRequireDefault(_matchPath2);","","var _withRouter2 = require('./withRouter');","","var _withRouter3 = _interopRequireDefault(_withRouter2);","","function _interopRequireDefault(obj) { return obj && obj.__esModule ? obj : { default: obj }; }","","exports.MemoryRouter = _MemoryRouter3.default;","exports.Prompt = _Prompt3.default;","exports.Redirect = _Redirect3.default;","exports.Route = _Route3.default;","exports.Router = _Router3.default;","exports.StaticRouter = _StaticRouter3.default;","exports.Switch = _Switch3.default;","exports.matchPath = _matchPath3.default;","exports.withRouter = _withRouter3.default;"],"l":{"3":1,"4":1,"6":1,"8":1,"10":1,"12":1,"14":1,"16":1,"18":1,"20":1,"22":1,"24":1,"26":1,"28":1,"30":1,"32":1,"34":1,"36":1,"38":1,"40":1,"42":9,"44":1,"45":1,"46":1,"47":1,"48":1,"49":1,"50":1,"51":1,"52":1}},"/home/travis/build/npmtest/node-npmtest-react-router/react-router/MemoryRouter.js":{"path":"/home/travis/build/npmtest/node-npmtest-react-router/react-router/MemoryRouter.js","s":{"1":1,"2":1,"3":1,"4":1,"5":1,"6":1,"7":1,"8":1,"9":3,"10":1,"11":0,"12":0,"13":1,"14":0,"15":0,"16":0,"17":1,"18":1,"19":0,"20":1,"21":1,"22":1,"23":1,"24":1,"25":1,"26":0,"27":0,"28":0,"29":0,"30":0,"31":1,"32":0,"33":1,"34":1,"35":1},"b":{"1":[2,1],"2":[3,3],"3":[0,0],"4":[0,0],"5":[0,0],"6":[0,0,0],"7":[0,1],"8":[1,0],"9":[1,1],"10":[1,0],"11":[1,0]},"f":{"1":3,"2":0,"3":0,"4":1,"5":1,"6":0,"7":0},"fnMap":{"1":{"name":"_interopRequireDefault","line":17,"loc":{"start":{"line":17,"column":0},"end":{"line":17,"column":37}}},"2":{"name":"_classCallCheck","line":19,"loc":{"start":{"line":19,"column":0},"end":{"line":19,"column":48}}},"3":{"name":"_possibleConstructorReturn","line":21,"loc":{"start":{"line":21,"column":0},"end":{"line":21,"column":48}}},"4":{"name":"_inherits","line":23,"loc":{"start":{"line":23,"column":0},"end":{"line":23,"column":41}}},"5":{"name":"(anonymous_5)","line":28,"loc":{"start":{"line":28,"column":19},"end":{"line":28,"column":47}}},"6":{"name":"MemoryRouter","line":31,"loc":{"start":{"line":31,"column":2},"end":{"line":31,"column":26}}},"7":{"name":"render","line":43,"loc":{"start":{"line":43,"column":34},"end":{"line":43,"column":52}}}},"statementMap":{"1":{"start":{"line":3,"column":0},"end":{"line":3,"column":26}},"2":{"start":{"line":5,"column":0},"end":{"line":5,"column":30}},"3":{"start":{"line":7,"column":0},"end":{"line":7,"column":45}},"4":{"start":{"line":9,"column":0},"end":{"line":9,"column":66}},"5":{"start":{"line":11,"column":0},"end":{"line":11,"column":73}},"6":{"start":{"line":13,"column":0},"end":{"line":13,"column":34}},"7":{"start":{"line":15,"column":0},"end":{"line":15,"column":47}},"8":{"start":{"line":17,"column":0},"end":{"line":17,"column":95}},"9":{"start":{"line":17,"column":39},"end":{"line":17,"column":93}},"10":{"start":{"line":19,"column":0},"end":{"line":19,"column":153}},"11":{"start":{"line":19,"column":50},"end":{"line":19,"column":151}},"12":{"start":{"line":19,"column":92},"end":{"line":19,"column":149}},"13":{"start":{"line":21,"column":0},"end":{"line":21,"column":240}},"14":{"start":{"line":21,"column":50},"end":{"line":21,"column":151}},"15":{"start":{"line":21,"column":63},"end":{"line":21,"column":149}},"16":{"start":{"line":21,"column":152},"end":{"line":21,"column":238}},"17":{"start":{"line":23,"column":0},"end":{"line":23,"column":494}},"18":{"start":{"line":23,"column":43},"end":{"line":23,"column":208}},"19":{"start":{"line":23,"column":106},"end":{"line":23,"column":206}},"20":{"start":{"line":23,"column":209},"end":{"line":23,"column":373}},"21":{"start":{"line":23,"column":374},"end":{"line":23,"column":492}},"22":{"start":{"line":23,"column":390},"end":{"line":23,"column":492}},"23":{"start":{"line":28,"column":0},"end":{"line":48,"column":29}},"24":{"start":{"line":29,"column":2},"end":{"line":29,"column":44}},"25":{"start":{"line":31,"column":2},"end":{"line":41,"column":3}},"26":{"start":{"line":32,"column":4},"end":{"line":32,"column":27}},"27":{"start":{"line":34,"column":4},"end":{"line":34,"column":40}},"28":{"start":{"line":36,"column":4},"end":{"line":38,"column":5}},"29":{"start":{"line":37,"column":6},"end":{"line":37,"column":35}},"30":{"start":{"line":40,"column":4},"end":{"line":40,"column":259}},"31":{"start":{"line":43,"column":2},"end":{"line":45,"column":4}},"32":{"start":{"line":44,"column":4},"end":{"line":44,"column":117}},"33":{"start":{"line":47,"column":2},"end":{"line":47,"column":22}},"34":{"start":{"line":50,"column":0},"end":{"line":56,"column":2}},"35":{"start":{"line":57,"column":0},"end":{"line":57,"column":31}}},"branchMap":{"1":{"line":17,"type":"cond-expr","locations":[{"start":{"line":17,"column":70},"end":{"line":17,"column":73}},{"start":{"line":17,"column":76},"end":{"line":17,"column":92}}]},"2":{"line":17,"type":"binary-expr","locations":[{"start":{"line":17,"column":46},"end":{"line":17,"column":49}},{"start":{"line":17,"column":53},"end":{"line":17,"column":67}}]},"3":{"line":19,"type":"if","locations":[{"start":{"line":19,"column":50},"end":{"line":19,"column":50}},{"start":{"line":19,"column":50},"end":{"line":19,"column":50}}]},"4":{"line":21,"type":"if","locations":[{"start":{"line":21,"column":50},"end":{"line":21,"column":50}},{"start":{"line":21,"column":50},"end":{"line":21,"column":50}}]},"5":{"line":21,"type":"cond-expr","locations":[{"start":{"line":21,"column":226},"end":{"line":21,"column":230}},{"start":{"line":21,"column":233},"end":{"line":21,"column":237}}]},"6":{"line":21,"type":"binary-expr","locations":[{"start":{"line":21,"column":159},"end":{"line":21,"column":163}},{"start":{"line":21,"column":168},"end":{"line":21,"column":192}},{"start":{"line":21,"column":196},"end":{"line":21,"column":222}}]},"7":{"line":23,"type":"if","locations":[{"start":{"line":23,"column":43},"end":{"line":23,"column":43}},{"start":{"line":23,"column":43},"end":{"line":23,"column":43}}]},"8":{"line":23,"type":"binary-expr","locations":[{"start":{"line":23,"column":47},"end":{"line":23,"column":79}},{"start":{"line":23,"column":83},"end":{"line":23,"column":102}}]},"9":{"line":23,"type":"binary-expr","locations":[{"start":{"line":23,"column":244},"end":{"line":23,"column":254}},{"start":{"line":23,"column":258},"end":{"line":23,"column":278}}]},"10":{"line":23,"type":"if","locations":[{"start":{"line":23,"column":374},"end":{"line":23,"column":374}},{"start":{"line":23,"column":374},"end":{"line":23,"column":374}}]},"11":{"line":23,"type":"cond-expr","locations":[{"start":{"line":23,"column":414},"end":{"line":23,"column":457}},{"start":{"line":23,"column":460},"end":{"line":23,"column":491}}]}},"code":["'use strict';","","exports.__esModule = true;","","var _react = require('react');","","var _react2 = _interopRequireDefault(_react);","","var _createMemoryHistory = require('history/createMemoryHistory');","","var _createMemoryHistory2 = _interopRequireDefault(_createMemoryHistory);","","var _Router = require('./Router');","","var _Router2 = _interopRequireDefault(_Router);","","function _interopRequireDefault(obj) { return obj && obj.__esModule ? obj : { default: obj }; }","","function _classCallCheck(instance, Constructor) { if (!(instance instanceof Constructor)) { throw new TypeError(\"Cannot call a class as a function\"); } }","","function _possibleConstructorReturn(self, call) { if (!self) { throw new ReferenceError(\"this hasn't been initialised - super() hasn't been called\"); } return call && (typeof call === \"object\" || typeof call === \"function\") ? call : self; }","","function _inherits(subClass, superClass) { if (typeof superClass !== \"function\" && superClass !== null) { throw new TypeError(\"Super expression must either be null or a function, not \" + typeof superClass); } subClass.prototype = Object.create(superClass && superClass.prototype, { constructor: { value: subClass, enumerable: false, writable: true, configurable: true } }); if (superClass) Object.setPrototypeOf ? Object.setPrototypeOf(subClass, superClass) : subClass.__proto__ = superClass; }","","/**"," * The public API for a <Router> that stores location in memory."," */","var MemoryRouter = function (_React$Component) {","  _inherits(MemoryRouter, _React$Component);","","  function MemoryRouter() {","    var _temp, _this, _ret;","","    _classCallCheck(this, MemoryRouter);","","    for (var _len = arguments.length, args = Array(_len), _key = 0; _key < _len; _key++) {","      args[_key] = arguments[_key];","    }","","    return _ret = (_temp = (_this = _possibleConstructorReturn(this, _React$Component.call.apply(_React$Component, [this].concat(args))), _this), _this.history = (0, _createMemoryHistory2.default)(_this.props), _temp), _possibleConstructorReturn(_this, _ret);","  }","","  MemoryRouter.prototype.render = function render() {","    return _react2.default.createElement(_Router2.default, { history: this.history, children: this.props.children });","  };","","  return MemoryRouter;","}(_react2.default.Component);","","MemoryRouter.propTypes = {","  initialEntries: _react.PropTypes.array,","  initialIndex: _react.PropTypes.number,","  getUserConfirmation: _react.PropTypes.func,","  keyLength: _react.PropTypes.number,","  children: _react.PropTypes.node","};","exports.default = MemoryRouter;"],"l":{"3":1,"5":1,"7":1,"9":1,"11":1,"13":1,"15":1,"17":3,"19":1,"21":1,"23":1,"28":1,"29":1,"31":1,"32":0,"34":0,"36":0,"37":0,"40":0,"43":1,"44":0,"47":1,"50":1,"57":1}},"/home/travis/build/npmtest/node-npmtest-react-router/react-router/Router.js":{"path":"/home/travis/build/npmtest/node-npmtest-react-router/react-router/Router.js","s":{"1":1,"2":1,"3":0,"4":0,"5":0,"6":0,"7":0,"8":0,"9":1,"10":1,"11":1,"12":1,"13":1,"14":1,"15":1,"16":3,"17":1,"18":0,"19":0,"20":1,"21":0,"22":0,"23":0,"24":1,"25":1,"26":0,"27":1,"28":1,"29":1,"30":1,"31":1,"32":1,"33":0,"34":0,"35":0,"36":0,"37":0,"38":1,"39":0,"40":1,"41":0,"42":1,"43":0,"44":0,"45":0,"46":0,"47":0,"48":1,"49":0,"50":1,"51":0,"52":1,"53":0,"54":0,"55":1,"56":1,"57":1,"58":1,"59":1},"b":{"1":[1,0],"2":[0,0],"3":[0,3],"4":[3,3],"5":[0,0],"6":[0,0],"7":[0,0],"8":[0,0,0],"9":[0,1],"10":[1,0],"11":[1,1],"12":[1,0],"13":[1,0],"14":[0,0],"15":[0,0]},"f":{"1":0,"2":3,"3":0,"4":0,"5":1,"6":1,"7":0,"8":0,"9":0,"10":0,"11":0,"12":0,"13":0,"14":0},"fnMap":{"1":{"name":"(anonymous_1)","line":5,"loc":{"start":{"line":5,"column":32},"end":{"line":5,"column":50}}},"2":{"name":"_interopRequireDefault","line":19,"loc":{"start":{"line":19,"column":0},"end":{"line":19,"column":37}}},"3":{"name":"_classCallCheck","line":21,"loc":{"start":{"line":21,"column":0},"end":{"line":21,"column":48}}},"4":{"name":"_possibleConstructorReturn","line":23,"loc":{"start":{"line":23,"column":0},"end":{"line":23,"column":48}}},"5":{"name":"_inherits","line":25,"loc":{"start":{"line":25,"column":0},"end":{"line":25,"column":41}}},"6":{"name":"(anonymous_6)","line":30,"loc":{"start":{"line":30,"column":13},"end":{"line":30,"column":41}}},"7":{"name":"Router","line":33,"loc":{"start":{"line":33,"column":2},"end":{"line":33,"column":20}}},"8":{"name":"getChildContext","line":47,"loc":{"start":{"line":47,"column":37},"end":{"line":47,"column":64}}},"9":{"name":"computeMatch","line":59,"loc":{"start":{"line":59,"column":34},"end":{"line":59,"column":66}}},"10":{"name":"componentWillMount","line":68,"loc":{"start":{"line":68,"column":40},"end":{"line":68,"column":70}}},"11":{"name":"(anonymous_11)","line":81,"loc":{"start":{"line":81,"column":35},"end":{"line":81,"column":47}}},"12":{"name":"componentWillReceiveProps","line":88,"loc":{"start":{"line":88,"column":47},"end":{"line":88,"column":93}}},"13":{"name":"componentWillUnmount","line":92,"loc":{"start":{"line":92,"column":42},"end":{"line":92,"column":74}}},"14":{"name":"render","line":96,"loc":{"start":{"line":96,"column":28},"end":{"line":96,"column":46}}}},"statementMap":{"1":{"start":{"line":3,"column":0},"end":{"line":3,"column":26}},"2":{"start":{"line":5,"column":0},"end":{"line":5,"column":257}},"3":{"start":{"line":5,"column":52},"end":{"line":5,"column":239}},"4":{"start":{"line":5,"column":97},"end":{"line":5,"column":123}},"5":{"start":{"line":5,"column":124},"end":{"line":5,"column":237}},"6":{"start":{"line":5,"column":150},"end":{"line":5,"column":235}},"7":{"start":{"line":5,"column":207},"end":{"line":5,"column":233}},"8":{"start":{"line":5,"column":240},"end":{"line":5,"column":254}},"9":{"start":{"line":7,"column":0},"end":{"line":7,"column":34}},"10":{"start":{"line":9,"column":0},"end":{"line":9,"column":49}},"11":{"start":{"line":11,"column":0},"end":{"line":11,"column":38}},"12":{"start":{"line":13,"column":0},"end":{"line":13,"column":53}},"13":{"start":{"line":15,"column":0},"end":{"line":15,"column":30}},"14":{"start":{"line":17,"column":0},"end":{"line":17,"column":45}},"15":{"start":{"line":19,"column":0},"end":{"line":19,"column":95}},"16":{"start":{"line":19,"column":39},"end":{"line":19,"column":93}},"17":{"start":{"line":21,"column":0},"end":{"line":21,"column":153}},"18":{"start":{"line":21,"column":50},"end":{"line":21,"column":151}},"19":{"start":{"line":21,"column":92},"end":{"line":21,"column":149}},"20":{"start":{"line":23,"column":0},"end":{"line":23,"column":240}},"21":{"start":{"line":23,"column":50},"end":{"line":23,"column":151}},"22":{"start":{"line":23,"column":63},"end":{"line":23,"column":149}},"23":{"start":{"line":23,"column":152},"end":{"line":23,"column":238}},"24":{"start":{"line":25,"column":0},"end":{"line":25,"column":494}},"25":{"start":{"line":25,"column":43},"end":{"line":25,"column":208}},"26":{"start":{"line":25,"column":106},"end":{"line":25,"column":206}},"27":{"start":{"line":25,"column":209},"end":{"line":25,"column":373}},"28":{"start":{"line":25,"column":374},"end":{"line":25,"column":492}},"29":{"start":{"line":25,"column":390},"end":{"line":25,"column":492}},"30":{"start":{"line":30,"column":0},"end":{"line":103,"column":29}},"31":{"start":{"line":31,"column":2},"end":{"line":31,"column":38}},"32":{"start":{"line":33,"column":2},"end":{"line":45,"column":3}},"33":{"start":{"line":34,"column":4},"end":{"line":34,"column":27}},"34":{"start":{"line":36,"column":4},"end":{"line":36,"column":34}},"35":{"start":{"line":38,"column":4},"end":{"line":40,"column":5}},"36":{"start":{"line":39,"column":6},"end":{"line":39,"column":35}},"37":{"start":{"line":42,"column":4},"end":{"line":44,"column":55}},"38":{"start":{"line":47,"column":2},"end":{"line":57,"column":4}},"39":{"start":{"line":48,"column":4},"end":{"line":56,"column":6}},"40":{"start":{"line":59,"column":2},"end":{"line":66,"column":4}},"41":{"start":{"line":60,"column":4},"end":{"line":65,"column":6}},"42":{"start":{"line":68,"column":2},"end":{"line":86,"column":4}},"43":{"start":{"line":69,"column":4},"end":{"line":69,"column":22}},"44":{"start":{"line":71,"column":4},"end":{"line":73,"column":33}},"45":{"start":{"line":76,"column":4},"end":{"line":76,"column":143}},"46":{"start":{"line":81,"column":4},"end":{"line":85,"column":7}},"47":{"start":{"line":82,"column":6},"end":{"line":84,"column":9}},"48":{"start":{"line":88,"column":2},"end":{"line":90,"column":4}},"49":{"start":{"line":89,"column":4},"end":{"line":89,"column":107}},"50":{"start":{"line":92,"column":2},"end":{"line":94,"column":4}},"51":{"start":{"line":93,"column":4},"end":{"line":93,"column":20}},"52":{"start":{"line":96,"column":2},"end":{"line":100,"column":4}},"53":{"start":{"line":97,"column":4},"end":{"line":97,"column":39}},"54":{"start":{"line":99,"column":4},"end":{"line":99,"column":69}},"55":{"start":{"line":102,"column":2},"end":{"line":102,"column":16}},"56":{"start":{"line":105,"column":0},"end":{"line":108,"column":2}},"57":{"start":{"line":109,"column":0},"end":{"line":111,"column":2}},"58":{"start":{"line":112,"column":0},"end":{"line":114,"column":2}},"59":{"start":{"line":115,"column":0},"end":{"line":115,"column":25}}},"branchMap":{"1":{"line":5,"type":"binary-expr","locations":[{"start":{"line":5,"column":15},"end":{"line":5,"column":28}},{"start":{"line":5,"column":32},"end":{"line":5,"column":256}}]},"2":{"line":5,"type":"if","locations":[{"start":{"line":5,"column":150},"end":{"line":5,"column":150}},{"start":{"line":5,"column":150},"end":{"line":5,"column":150}}]},"3":{"line":19,"type":"cond-expr","locations":[{"start":{"line":19,"column":70},"end":{"line":19,"column":73}},{"start":{"line":19,"column":76},"end":{"line":19,"column":92}}]},"4":{"line":19,"type":"binary-expr","locations":[{"start":{"line":19,"column":46},"end":{"line":19,"column":49}},{"start":{"line":19,"column":53},"end":{"line":19,"column":67}}]},"5":{"line":21,"type":"if","locations":[{"start":{"line":21,"column":50},"end":{"line":21,"column":50}},{"start":{"line":21,"column":50},"end":{"line":21,"column":50}}]},"6":{"line":23,"type":"if","locations":[{"start":{"line":23,"column":50},"end":{"line":23,"column":50}},{"start":{"line":23,"column":50},"end":{"line":23,"column":50}}]},"7":{"line":23,"type":"cond-expr","locations":[{"start":{"line":23,"column":226},"end":{"line":23,"column":230}},{"start":{"line":23,"column":233},"end":{"line":23,"column":237}}]},"8":{"line":23,"type":"binary-expr","locations":[{"start":{"line":23,"column":159},"end":{"line":23,"column":163}},{"start":{"line":23,"column":168},"end":{"line":23,"column":192}},{"start":{"line":23,"column":196},"end":{"line":23,"column":222}}]},"9":{"line":25,"type":"if","locations":[{"start":{"line":25,"column":43},"end":{"line":25,"column":43}},{"start":{"line":25,"column":43},"end":{"line":25,"column":43}}]},"10":{"line":25,"type":"binary-expr","locations":[{"start":{"line":25,"column":47},"end":{"line":25,"column":79}},{"start":{"line":25,"column":83},"end":{"line":25,"column":102}}]},"11":{"line":25,"type":"binary-expr","locations":[{"start":{"line":25,"column":244},"end":{"line":25,"column":254}},{"start":{"line":25,"column":258},"end":{"line":25,"column":278}}]},"12":{"line":25,"type":"if","locations":[{"start":{"line":25,"column":374},"end":{"line":25,"column":374}},{"start":{"line":25,"column":374},"end":{"line":25,"column":374}}]},"13":{"line":25,"type":"cond-expr","locations":[{"start":{"line":25,"column":414},"end":{"line":25,"column":457}},{"start":{"line":25,"column":460},"end":{"line":25,"column":491}}]},"14":{"line":76,"type":"binary-expr","locations":[{"start":{"line":76,"column":29},"end":{"line":76,"column":45}},{"start":{"line":76,"column":49},"end":{"line":76,"column":95}}]},"15":{"line":99,"type":"cond-expr","locations":[{"start":{"line":99,"column":22},"end":{"line":99,"column":61}},{"start":{"line":99,"column":64},"end":{"line":99,"column":68}}]}},"code":["'use strict';","","exports.__esModule = true;","","var _extends = Object.assign || function (target) { for (var i = 1; i < arguments.length; i++) { var source = arguments[i]; for (var key in source) { if (Object.prototype.hasOwnProperty.call(source, key)) { target[key] = source[key]; } } } return target; };","","var _warning = require('warning');","","var _warning2 = _interopRequireDefault(_warning);","","var _invariant = require('invariant');","","var _invariant2 = _interopRequireDefault(_invariant);","","var _react = require('react');","","var _react2 = _interopRequireDefault(_react);","","function _interopRequireDefault(obj) { return obj && obj.__esModule ? obj : { default: obj }; }","","function _classCallCheck(instance, Constructor) { if (!(instance instanceof Constructor)) { throw new TypeError(\"Cannot call a class as a function\"); } }","","function _possibleConstructorReturn(self, call) { if (!self) { throw new ReferenceError(\"this hasn't been initialised - super() hasn't been called\"); } return call && (typeof call === \"object\" || typeof call === \"function\") ? call : self; }","","function _inherits(subClass, superClass) { if (typeof superClass !== \"function\" && superClass !== null) { throw new TypeError(\"Super expression must either be null or a function, not \" + typeof superClass); } subClass.prototype = Object.create(superClass && superClass.prototype, { constructor: { value: subClass, enumerable: false, writable: true, configurable: true } }); if (superClass) Object.setPrototypeOf ? Object.setPrototypeOf(subClass, superClass) : subClass.__proto__ = superClass; }","","/**"," * The public API for putting history on context."," */","var Router = function (_React$Component) {","  _inherits(Router, _React$Component);","","  function Router() {","    var _temp, _this, _ret;","","    _classCallCheck(this, Router);","","    for (var _len = arguments.length, args = Array(_len), _key = 0; _key < _len; _key++) {","      args[_key] = arguments[_key];","    }","","    return _ret = (_temp = (_this = _possibleConstructorReturn(this, _React$Component.call.apply(_React$Component, [this].concat(args))), _this), _this.state = {","      match: _this.computeMatch(_this.props.history.location.pathname)","    }, _temp), _possibleConstructorReturn(_this, _ret);","  }","","  Router.prototype.getChildContext = function getChildContext() {","    return {","      router: _extends({}, this.context.router, {","        history: this.props.history,","        route: {","          location: this.props.history.location,","          match: this.state.match","        }","      })","    };","  };","","  Router.prototype.computeMatch = function computeMatch(pathname) {","    return {","      path: '/',","      url: '/',","      params: {},","      isExact: pathname === '/'","    };","  };","","  Router.prototype.componentWillMount = function componentWillMount() {","    var _this2 = this;","","    var _props = this.props,","        children = _props.children,","        history = _props.history;","","","    (0, _invariant2.default)(children == null || _react2.default.Children.count(children) === 1, 'A <Router> may have only one child element');","","    // Do this here so we can setState when a <Redirect> changes the","    // location in componentWillMount. This happens e.g. when doing","    // server rendering using a <StaticRouter>.","    this.unlisten = history.listen(function () {","      _this2.setState({","        match: _this2.computeMatch(history.location.pathname)","      });","    });","  };","","  Router.prototype.componentWillReceiveProps = function componentWillReceiveProps(nextProps) {","    (0, _warning2.default)(this.props.history === nextProps.history, 'You cannot change <Router history>');","  };","","  Router.prototype.componentWillUnmount = function componentWillUnmount() {","    this.unlisten();","  };","","  Router.prototype.render = function render() {","    var children = this.props.children;","","    return children ? _react2.default.Children.only(children) : null;","  };","","  return Router;","}(_react2.default.Component);","","Router.propTypes = {","  history: _react.PropTypes.object.isRequired,","  children: _react.PropTypes.node","};","Router.contextTypes = {","  router: _react.PropTypes.object","};","Router.childContextTypes = {","  router: _react.PropTypes.object.isRequired","};","exports.default = Router;"],"l":{"3":1,"5":1,"7":1,"9":1,"11":1,"13":1,"15":1,"17":1,"19":3,"21":1,"23":1,"25":1,"30":1,"31":1,"33":1,"34":0,"36":0,"38":0,"39":0,"42":0,"47":1,"48":0,"59":1,"60":0,"68":1,"69":0,"71":0,"76":0,"81":0,"82":0,"88":1,"89":0,"92":1,"93":0,"96":1,"97":0,"99":0,"102":1,"105":1,"109":1,"112":1,"115":1}},"/home/travis/build/npmtest/node-npmtest-react-router/react-router/Prompt.js":{"path":"/home/travis/build/npmtest/node-npmtest-react-router/react-router/Prompt.js","s":{"1":1,"2":1,"3":1,"4":1,"5":1,"6":1,"7":0,"8":0,"9":1,"10":0,"11":0,"12":0,"13":1,"14":1,"15":0,"16":1,"17":1,"18":1,"19":1,"20":1,"21":1,"22":0,"23":0,"24":1,"25":0,"26":0,"27":0,"28":1,"29":0,"30":0,"31":0,"32":1,"33":0,"34":0,"35":1,"36":0,"37":0,"38":0,"39":0,"40":1,"41":0,"42":1,"43":0,"44":1,"45":1,"46":1,"47":1,"48":1},"b":{"1":[0,1],"2":[1,1],"3":[0,0],"4":[0,0],"5":[0,0],"6":[0,0,0],"7":[0,1],"8":[1,0],"9":[1,1],"10":[1,0],"11":[1,0],"12":[0,0],"13":[0,0],"14":[0,0],"15":[0,0],"16":[0,0],"17":[0,0]},"f":{"1":1,"2":0,"3":0,"4":1,"5":1,"6":0,"7":0,"8":0,"9":0,"10":0,"11":0,"12":0},"fnMap":{"1":{"name":"_interopRequireDefault","line":9,"loc":{"start":{"line":9,"column":0},"end":{"line":9,"column":37}}},"2":{"name":"_classCallCheck","line":11,"loc":{"start":{"line":11,"column":0},"end":{"line":11,"column":48}}},"3":{"name":"_possibleConstructorReturn","line":13,"loc":{"start":{"line":13,"column":0},"end":{"line":13,"column":48}}},"4":{"name":"_inherits","line":15,"loc":{"start":{"line":15,"column":0},"end":{"line":15,"column":41}}},"5":{"name":"(anonymous_5)","line":21,"loc":{"start":{"line":21,"column":13},"end":{"line":21,"column":41}}},"6":{"name":"Prompt","line":24,"loc":{"start":{"line":24,"column":2},"end":{"line":24,"column":20}}},"7":{"name":"enable","line":30,"loc":{"start":{"line":30,"column":28},"end":{"line":30,"column":53}}},"8":{"name":"disable","line":36,"loc":{"start":{"line":36,"column":29},"end":{"line":36,"column":48}}},"9":{"name":"componentWillMount","line":43,"loc":{"start":{"line":43,"column":40},"end":{"line":43,"column":70}}},"10":{"name":"componentWillReceiveProps","line":47,"loc":{"start":{"line":47,"column":47},"end":{"line":47,"column":93}}},"11":{"name":"componentWillUnmount","line":55,"loc":{"start":{"line":55,"column":42},"end":{"line":55,"column":74}}},"12":{"name":"render","line":59,"loc":{"start":{"line":59,"column":28},"end":{"line":59,"column":46}}}},"statementMap":{"1":{"start":{"line":3,"column":0},"end":{"line":3,"column":26}},"2":{"start":{"line":5,"column":0},"end":{"line":5,"column":30}},"3":{"start":{"line":7,"column":0},"end":{"line":7,"column":45}},"4":{"start":{"line":9,"column":0},"end":{"line":9,"column":95}},"5":{"start":{"line":9,"column":39},"end":{"line":9,"column":93}},"6":{"start":{"line":11,"column":0},"end":{"line":11,"column":153}},"7":{"start":{"line":11,"column":50},"end":{"line":11,"column":151}},"8":{"start":{"line":11,"column":92},"end":{"line":11,"column":149}},"9":{"start":{"line":13,"column":0},"end":{"line":13,"column":240}},"10":{"start":{"line":13,"column":50},"end":{"line":13,"column":151}},"11":{"start":{"line":13,"column":63},"end":{"line":13,"column":149}},"12":{"start":{"line":13,"column":152},"end":{"line":13,"column":238}},"13":{"start":{"line":15,"column":0},"end":{"line":15,"column":494}},"14":{"start":{"line":15,"column":43},"end":{"line":15,"column":208}},"15":{"start":{"line":15,"column":106},"end":{"line":15,"column":206}},"16":{"start":{"line":15,"column":209},"end":{"line":15,"column":373}},"17":{"start":{"line":15,"column":374},"end":{"line":15,"column":492}},"18":{"start":{"line":15,"column":390},"end":{"line":15,"column":492}},"19":{"start":{"line":21,"column":0},"end":{"line":64,"column":29}},"20":{"start":{"line":22,"column":2},"end":{"line":22,"column":38}},"21":{"start":{"line":24,"column":2},"end":{"line":28,"column":3}},"22":{"start":{"line":25,"column":4},"end":{"line":25,"column":34}},"23":{"start":{"line":27,"column":4},"end":{"line":27,"column":85}},"24":{"start":{"line":30,"column":2},"end":{"line":34,"column":4}},"25":{"start":{"line":31,"column":4},"end":{"line":31,"column":37}},"26":{"start":{"line":31,"column":22},"end":{"line":31,"column":37}},"27":{"start":{"line":33,"column":4},"end":{"line":33,"column":62}},"28":{"start":{"line":36,"column":2},"end":{"line":41,"column":4}},"29":{"start":{"line":37,"column":4},"end":{"line":40,"column":5}},"30":{"start":{"line":38,"column":6},"end":{"line":38,"column":21}},"31":{"start":{"line":39,"column":6},"end":{"line":39,"column":26}},"32":{"start":{"line":43,"column":2},"end":{"line":45,"column":4}},"33":{"start":{"line":44,"column":4},"end":{"line":44,"column":57}},"34":{"start":{"line":44,"column":25},"end":{"line":44,"column":57}},"35":{"start":{"line":47,"column":2},"end":{"line":53,"column":4}},"36":{"start":{"line":48,"column":4},"end":{"line":52,"colum
[...]
ject. Useful mainly in testing and"," * server-rendering scenarios."," */","","var StaticRouter = function (_React$Component) {","  _inherits(StaticRouter, _React$Component);","","  function StaticRouter() {","    var _temp, _this, _ret;","","    _classCallCheck(this, StaticRouter);","","    for (var _len = arguments.length, args = Array(_len), _key = 0; _key < _len; _key++) {","      args[_key] = arguments[_key];","    }","","    return _ret = (_temp = (_this = _possibleConstructorReturn(this, _React$Component.call.apply(_React$Component, [this].concat(args))), _this), _this.createHref = function (path) {","      return (0, _PathUtils.addLeadingSlash)(_this.props.basename + createURL(path));","    }, _this.handlePush = function (location) {","      var _this$props = _this.props,","          basename = _this$props.basename,","          context = _this$props.context;","","      context.action = 'PUSH';","      context.location = addBasename(basename, createLocation(location));","      context.url = createURL(context.location);","    }, _this.handleReplace = function (location) {","      var _this$props2 = _this.props,","          basename = _this$props2.basename,","          context = _this$props2.context;","","      context.action = 'REPLACE';","      context.location = addBasename(basename, createLocation(location));","      context.url = createURL(context.location);","    }, _this.handleListen = function () {","      return noop;","    }, _this.handleBlock = function () {","      return noop;","    }, _temp), _possibleConstructorReturn(_this, _ret);","  }","","  StaticRouter.prototype.getChildContext = function getChildContext() {","    return {","      router: {","        staticContext: this.props.context","      }","    };","  };","","  StaticRouter.prototype.render = function render() {","    var _props = this.props,","        basename = _props.basename,","        context = _props.context,","        location = _props.location,","        props = _objectWithoutProperties(_props, ['basename', 'context', 'location']);","","    var history = {","      createHref: this.createHref,","      action: 'POP',","      location: stripBasename(basename, createLocation(location)),","      push: this.handlePush,","      replace: this.handleReplace,","      go: staticHandler('go'),","      goBack: staticHandler('goBack'),","      goForward: staticHandler('goForward'),","      listen: this.handleListen,","      block: this.handleBlock","    };","","    return _react2.default.createElement(_Router2.default, _extends({}, props, { history: history }));","  };","","  return StaticRouter;","}(_react2.default.Component);","","StaticRouter.propTypes = {","  basename: _react.PropTypes.string,","  context: _react.PropTypes.object.isRequired,","  location: _react.PropTypes.oneOfType([_react.PropTypes.string, _react.PropTypes.object])","};","StaticRouter.defaultProps = {","  basename: '',","  location: '/'","};","StaticRouter.childContextTypes = {","  router: _react.PropTypes.object.isRequired","};","exports.default = StaticRouter;"],"l":{"3":1,"5":1,"7":1,"9":1,"11":1,"13":1,"15":1,"17":1,"19":1,"21":3,"23":1,"25":1,"27":1,"29":1,"31":1,"32":0,"40":0,"47":1,"48":0,"50":0,"55":1,"56":0,"58":0,"60":0,"62":0,"67":1,"68":0,"71":1,"72":0,"75":1,"76":0,"77":0,"81":1,"90":1,"91":1,"93":1,"94":0,"96":0,"98":0,"99":0,"102":0,"103":0,"105":0,"109":0,"110":0,"111":0,"113":0,"117":0,"118":0,"119":0,"121":0,"123":0,"127":1,"128":0,"135":1,"136":0,"142":0,"155":0,"158":1,"161":1,"166":1,"170":1,"173":1}},"/home/travis/build/npmtest/node-npmtest-react-router/react-router/Switch.js":{"path":"/home/travis/build/npmtest/node-npmtest-react-router/react-router/Switch.js","s":{"1":1,"2":1,"3":1,"4":1,"5":1,"6":1,"7":1,"8":1,"9":3,"10":1,"11":0,"12":0,"13":1,"14":0,"15":0,"16":0,"17":1,"18":1,"19":0,"20":1,"21":1,"22":1,"23":1,"24":1,"25":1,"26":0,"27":0,"28":1,"29":0,"30":0,"31":1,"32":0,"33":0,"34":0,"35":0,"36":0,"37":0,"38":0,"39":0,"40":0,"41":0,"42":0,"43":1,"44":1,"45":1,"46":1},"b":{"1":[1,2],"2":[3,3],"3":[0,0],"4":[0,0],"5":[0,0],"6":[0,0,0],"7":[0,1],"8":[1,0],"9":[1,1],"10":[1,0],"11":[1,0],"12":[0,0],"13":[0,0],"14":[0,0],"15":[0,0],"16":[0,0],"17":[0,0],"18":[0,0]},"f":{"1":3,"2":0,"3":0,"4":1,"5":1,"6":0,"7":0,"8":0,"9":0},"fnMap":{"1":{"name":"_interopRequireDefault","line":17,"loc":{"start":{"line":17,"column":0},"end":{"line":17,"column":37}}},"2":{"name":"_classCallCheck","line":19,"loc":{"start":{"line":19,"column":0},"end":{"line":19,"column":48}}},"3":{"name":"_possibleConstructorReturn","line":21,"loc":{"start":{"line":21,"column":0},"end":{"line":21,"column":48}}},"4":{"name":"_inherits","line":23,"loc":{"start":{"line":23,"column":0},"end":{"line":23,"column":41}}},"5":{"name":"(anonymous_5)","line":28,"loc":{"start":{"line":28,"column":13},"end":{"line":28,"column":41}}},"6":{"name":"Switch","line":31,"loc":{"start":{"line":31,"column":2},"end":{"line":31,"column":20}}},"7":{"name":"componentWillReceiveProps","line":37,"loc":{"start":{"line":37,"column":47},"end":{"line":37,"column":93}}},"8":{"name":"render","line":43,"loc":{"start":{"line":43,"column":28},"end":{"line":43,"column":46}}},"9":{"name":"(anonymous_9)","line":51,"loc":{"start":{"line":51,"column":47},"end":{"line":51,"column":66}}}},"statementMap":{"1":{"start":{"line":3,"column":0},"end":{"line":3,"column":26}},"2":{"start":{"line":5,"column":0},"end":{"line":5,"column":30}},"3":{"start":{"line":7,"column":0},"end":{"line":7,"column":45}},"4":{"start":{"line":9,"column":0},"end":{"line":9,"column":34}},"5":{"start":{"line":11,"column":0},"end":{"line":11,"column":49}},"6":{"start":{"line":13,"column":0},"end":{"line":13,"column":40}},"7":{"start":{"line":15,"column":0},"end":{"line":15,"column":53}},"8":{"start":{"line":17,"column":0},"end":{"line":17,"column":95}},"9":{"start":{"line":17,"column":39},"end":{"line":17,"column":93}},"10":{"start":{"line":19,"column":0},"end":{"line":19,"column":153}},"11":{"start":{"line":19,"column":50},"end":{"line":19,"column":151}},"12":{"start":{"line":19,"column":92},"end":{"line":19,"column":149}},"13":{"start":{"line":21,"column":0},"end":{"line":21,"column":240}},"14":{"start":{"line":21,"column":50},"end":{"line":21,"column":151}},"15":{"start":{"line":21,"column":63},"end":{"line":21,"column":149}},"16":{"start":{"line":21,"column":152},"end":{"line":21,"column":238}},"17":{"start":{"line":23,"column":0},"end":{"line":23,"column":494}},"18":{"start":{"line":23,"column":43},"end":{"line":23,"column":208}},"19":{"start":{"line":23,"column":106},"end":{"line":23,"column":206}},"20":{"start":{"line":23,"column":209},"end":{"line":23,"column":373}},"21":{"start":{"line":23,"column":374},"end":{"line":23,"column":492}},"22":{"start":{"line":23,"column":390},"end":{"line":23,"column":492}},"23":{"start":{"line":28,"column":0},"end":{"line":70,"column":29}},"24":{"start":{"line":29,"column":2},"end":{"line":29,"column":38}},"25":{"start":{"line":31,"column":2},"end":{"line":35,"column":3}},"26":{"start":{"line":32,"column":4},"end":{"line":32,"column":34}},"27":{"start":{"line":34,"column":4},"end":{"line":34,"column":85}},"28":{"start":{"line":37,"column":2},"end":{"line":41,"column":4}},"29":{"start":{"line":38,"column":4},"end":{"line":38,"column":246}},"30":{"start":{"line":40,"column":4},"end":{"line":40,"column":242}},"31":{"start":{"line":43,"column":2},"end":{"line":67,"column":4}},"32":{"start":{"line":44,"column":4},"end":{"line":44,"column":42}},"33":{"start":{"line":45,"column":4},"end":{"line":45,"column":39}},"34":{"start":{"line":47,"column":4},"end":{"line":47,"column":57}},"35":{"start":{"line":49,"column":4},"end":{"line":50,"column":23}},"36":{"start":{"line":51,"column":4},"end":{"line":64,"column":7}},"37":{"start":{"line":52,"column":6},"end":{"line":56,"column":37}},"38":{"start":{"line":58,"column":6},"end":{"line":58,"column":34}},"39":{"start":{"line":60,"column":6},"end":{"line":63,"column":7}},"40":{"start":{"line":61,"column":8},"end":{"line":61,"column":24}},"41":{"start":{"line":62,"column":8},"end":{"line":62,"column":127}},"42":{"start":{"line":66,"column":4},"end":{"line":66,"column":108}},"43":{"start":{"line":69,"column":2},"end":{"line":69,"column":16}},"44":{"start":{"line":72,"column":0},"end":{"line":76,"column":2}},"45":{"start":{"line":77,"column":0},"end":{"line":80,"column":2}},"46":{"start":{"line":81,"column":0},"end":{"line":81,"column":25}}},"branchMap":{"1":{"line":17,"type":"cond-expr","locations":[{"start":{"line":17,"column":70},"end":{"line":17,"column":73}},{"start":{"line":17,"column":76},"end":{"line":17,"column":92}}]},"2":{"line":17,"type":"binary-expr","locations":[{"start":{"line":17,"column":46},"end":{"line":17,"column":49}},{"start":{"line":17,"column":53},"end":{"line":17,"column":67}}]},"3":{"line":19,"type":"if","locations":[{"start":{"line":19,"column":50},"end":{"line":19,"column":50}},{"start":{"line":19,"column":50},"end":{"line":19,"column":50}}]},"4":{"line":21,"type":"if","locations":[{"start":{"line":21,"column":50},"end":{"line":21,"column":50}},{"start":{"line":21,"column":50},"end":{"line":21,"column":50}}]},"5":{"line":21,"type":"cond-expr","locations":[{"start":{"line":21,"column":226},"end":{"line":21,"column":230}},{"start":{"line":21,"column":233},"end":{"line":21,"column":237}}]},"6":{"line":21,"type":"binary-expr","locations":[{"start":{"line":21,"column":159},"end":{"line":21,"column":163}},{"start":{"line":21,"column":168},"end":{"line":21,"column":192}},{"start":{"line":21,"column":196},"end":{"line":21,"column":222}}]},"7":{"line":23,"type":"if","locations":[{"start":{"line":23,"column":43},"end":{"line":23,"column":43}},{"start":{"line":23,"column":43},"end":{"line":23,"column":43}}]},"8":{"line":23,"type":"binary-expr","locations":[{"start":{"line":23,"column":47},"end":{"line":23,"column":79}},{"start":{"line":23,"column":83},"end":{"line":23,"column":102}}]},"9":{"line":23,"type":"binary-expr","locations":[{"start":{"line":23,"column":244},"end":{"line":23,"column":254}},{"start":{"line":23,"column":258},"end":{"line":23,"column":278}}]},"10":{"line":23,"type":"if","locations":[{"start":{"line":23,"column":374},"end":{"line":23,"column":374}},{"start":{"line":23,"column":374},"end":{"line":23,"column":374}}]},"11":{"line":23,"type":"cond-expr","locations":[{"start":{"line":23,"column":414},"end":{"line":23,"column":457}},{"start":{"line":23,"column":460},"end":{"line":23,"column":491}}]},"12":{"line":38,"type":"binary-expr","locations":[{"start":{"line":38,"column":29},"end":{"line":38,"column":47}},{"start":{"line":38,"column":51},"end":{"line":38,"column":71}}]},"13":{"line":40,"type":"binary-expr","locations":[{"start":{"line":40,"column":29},"end":{"line":40,"column":48}},{"start":{"line":40,"column":52},"end":{"line":40,"column":71}}]},"14":{"line":47,"type":"binary-expr","locations":[{"start":{"line":47,"column":19},"end":{"line":47,"column":38}},{"start":{"line":47,"column":42},"end":{"line":47,"column":56}}]},"15":{"line":58,"type":"binary-expr","locations":[{"start":{"line":58,"column":17},"end":{"line":58,"column":25}},{"start":{"line":58,"column":29},"end":{"line":58,"column":33}}]},"16":{"line":60,"type":"if","locations":[{"start":{"line":60,"column":6},"end":{"line":60,"column":6}},{"start":{"line":60,"column":6},"end":{"line":60,"column":6}}]},"17":{"line":62,"type":"cond-expr","locations":[{"start":{"line":62,"column":23},"end":{"line":62,"column":112}},{"start":{"line":62,"column":115},"end":{"line":62,"column":126}}]},"18":{"line":66,"type":"cond-expr","locations":[{"start":{"line":66,"column":19},"end":{"line":66,"column":100}},{"start":{"line":66,"column":103},"end":{"line":66,"column":107}}]}},"code":["'use strict';","","exports.__esModule = true;","","var _react = require('react');","","var _react2 = _interopRequireDefault(_react);","","var _warning = require('warning');","","var _warning2 = _interopRequireDefault(_warning);","","var _matchPath = require('./matchPath');","","var _matchPath2 = _interopRequireDefault(_matchPath);","","function _interopRequireDefault(obj) { return obj && obj.__esModule ? obj : { default: obj }; }","","function _classCallCheck(instance, Constructor) { if (!(instance instanceof Constructor)) { throw new TypeError(\"Cannot call a class as a function\"); } }","","function _possibleConstructorReturn(self, call) { if (!self) { throw new ReferenceError(\"this hasn't been initialised - super() hasn't been called\"); } return call && (typeof call === \"object\" || typeof call === \"function\") ? call : self; }","","function _inherits(subClass, superClass) { if (typeof superClass !== \"function\" && superClass !== null) { throw new TypeError(\"Super expression must either be null or a function, not \" + typeof superClass); } subClass.prototype = Object.create(superClass && superClass.prototype, { constructor: { value: subClass, enumerable: false, writable: true, configurable: true } }); if (superClass) Object.setPrototypeOf ? Object.setPrototypeOf(subClass, superClass) : subClass.__proto__ = superClass; }","","/**"," * The public API for rendering the first <Route> that matches."," */","var Switch = function (_React$Component) {","  _inherits(Switch, _React$Component);","","  function Switch() {","    _classCallCheck(this, Switch);","","    return _possibleConstructorReturn(this, _React$Component.apply(this, arguments));","  }","","  Switch.prototype.componentWillReceiveProps = function componentWillReceiveProps(nextProps) {","    (0, _warning2.default)(!(nextProps.location && !this.props.location), '<Switch> elements should not change from uncontrolled to controlled (or vice versa). You initially used no \"location\" prop and then provided one on a subsequent render.');","","    (0, _warning2.default)(!(!nextProps.location && this.props.location), '<Switch> elements should not change from controlled to uncontrolled (or vice versa). You provided a \"location\" prop initially but omitted it on a subsequent render.');","  };","","  Switch.prototype.render = function render() {","    var route = this.context.router.route;","    var children = this.props.children;","","    var location = this.props.location || route.location;","","    var match = void 0,","        child = void 0;","    _react2.default.Children.forEach(children, function (element) {","      var _element$props = element.props,","          pathProp = _element$props.path,","          exact = _element$props.exact,","          strict = _element$props.strict,","          from = _element$props.from;","","      var path = pathProp || from;","","      if (match == null) {","        child = element;","        match = path ? (0, _matchPath2.default)(location.pathname, { path: path, exact: exact, strict: strict }) : route.match;","      }","    });","","    return match ? _react2.default.cloneElement(child, { location: location, computedMatch: match }) : null;","  };","","  return Switch;","}(_react2.default.Component);","","Switch.contextTypes = {","  router: _react.PropTypes.shape({","    route: _react.PropTypes.object.isRequired","  }).isRequired","};","Switch.propTypes = {","  children: _react.PropTypes.node,","  location: _react.PropTypes.object","};","exports.default = Switch;"],"l":{"3":1,"5":1,"7":1,"9":1,"11":1,"13":1,"15":1,"17":3,"19":1,"21":1,"23":1,"28":1,"29":1,"31":1,"32":0,"34":0,"37":1,"38":0,"40":0,"43":1,"44":0,"45":0,"47":0,"49":0,"51":0,"52":0,"58":0,"60":0,"61":0,"62":0,"66":0,"69":1,"72":1,"77":1,"81":1}},"/home/travis/build/npmtest/node-npmtest-react-router/react-router/withRouter.js":{"path":"/home/travis/build/npmtest/node-npmtest-react-router/react-router/withRouter.js","s":{"1":1,"2":1,"3":0,"4":0,"5":0,"6":0,"7":0,"8":0,"9":1,"10":1,"11":1,"12":1,"13":1,"14":2,"15":1,"16":0,"17":0,"18":0,"19":0,"20":0,"21":1},"b":{"1":[1,0],"2":[0,0],"3":[1,1],"4":[2,2],"5":[0,0]},"f":{"1":0,"2":2,"3":0,"4":0,"5":0},"fnMap":{"1":{"name":"(anonymous_1)","line":5,"loc":{"start":{"line":5,"column":32},"end":{"line":5,"column":50}}},"2":{"name":"_interopRequireDefault","line":15,"loc":{"start":{"line":15,"column":0},"end":{"line":15,"column":37}}},"3":{"name":"withRouter","line":20,"loc":{"start":{"line":20,"column":17},"end":{"line":20,"column":48}}},"4":{"name":"C","line":21,"loc":{"start":{"line":21,"column":10},"end":{"line":21,"column":28}}},"5":{"name":"render","line":22,"loc":{"start":{"line":22,"column":68},"end":{"line":22,"column":105}}}},"statementMap":{"1":{"start":{"line":3,"column":0},"end":{"line":3,"column":26}},"2":{"start":{"line":5,"column":0},"end":{"line":5,"column":257}},"3":{"start":{"line":5,"column":52},"end":{"line":5,"column":239}},"4":{"start":{"line":5,"column":97},"end":{"line":5,"column":123}},"5":{"start":{"line":5,"column":124},"end":{"line":5,"column":237}},"6":{"start":{"line":5,"column":150},"end":{"line":5,"column":235}},"7":{"start":{"line":5,"column":207},"end":{"line":5,"column":233}},"8":{"start":{"line":5,"column":240},"end":{"line":5,"column":254}},"9":{"start":{"line":7,"column":0},"end":{"line":7,"column":30}},"10":{"start":{"line":9,"column":0},"end":{"line":9,"column":45}},"11":{"start":{"line":11,"column":0},"end":{"line":11,"column":32}},"12":{"start":{"line":13,"column":0},"end":{"line":13,"column":45}},"13":{"start":{"line":15,"column":0},"end":{"line":15,"column":95}},"14":{"start":{"line":15,"column":39},"end":{"line":15,"column":93}},"15":{"start":{"line":20,"column":0},"end":{"line":30,"column":2}},"16":{"start":{"line":21,"column":2},"end":{"line":25,"column":4}},"17":{"start":{"line":22,"column":4},"end":{"line":24,"column":11}},"18":{"start":{"line":23,"column":8},"end":{"line":23,"column":98}},"19":{"start":{"line":27,"column":2},"end":{"line":27,"column":82}},"20":{"start":{"line":29,"column":2},"end":{"line":29,"column":11}},"21":{"start":{"line":32,"column":0},"end":{"line":32,"column":29}}},"branchMap":{"1":{"line":5,"type":"binary-expr","locations":[{"start":{"line":5,"column":15},"end":{"line":5,"column":28}},{"start":{"line":5,"column":32},"end":{"line":5,"column":256}}]},"2":{"line":5,"type":"if","locations":[{"start":{"line":5,"column":150},"end":{"line":5,"column":150}},{"start":{"line":5,"column":150},"end":{"line":5,"column":150}}]},"3":{"line":15,"type":"cond-expr","locations":[{"start":{"line":15,"column":70},"end":{"line":15,"column":73}},{"start":{"line":15,"column":76},"end":{"line":15,"column":92}}]},"4":{"line":15,"type":"binary-expr","locations":[{"start":{"line":15,"column":46},"end":{"line":15,"column":49}},{"start":{"line":15,"column":53},"end":{"line":15,"column":67}}]},"5":{"line":27,"type":"binary-expr","locations":[{"start":{"line":27,"column":35},"end":{"line":27,"column":56}},{"start":{"line":27,"column":60},"end":{"line":27,"column":74}}]}},"code":["'use strict';","","exports.__esModule = true;","","var _extends = Object.assign || function (target) { for (var i = 1; i < arguments.length; i++) { var source = arguments[i]; for (var key in source) { if (Object.prototype.hasOwnProperty.call(source, key)) { target[key] = source[key]; } } } return target; };","","var _react = require('react');","","var _react2 = _interopRequireDefault(_react);","","var _Route = require('./Route');","","var _Route2 = _interopRequireDefault(_Route);","","function _interopRequireDefault(obj) { return obj && obj.__esModule ? obj : { default: obj }; }","","/**"," * A public higher-order component to access the imperative API"," */","var withRouter = function withRouter(Component) {","  var C = function C(props) {","    return _react2.default.createElement(_Route2.default, { render: function render(routeComponentProps) {","        return _react2.default.createElement(Component, _extends({}, props, routeComponentProps));","      } });","  };","","  C.displayName = 'withRouter(' + (Component.displayName || Component.name) + ')';","","  return C;","};","","exports.default = withRouter;"],"l":{"3":1,"5":1,"7":1,"9":1,"11":1,"13":1,"15":2,"20":1,"21":0,"22":0,"23":0,"27":0,"29":0,"32":1}}}