{"/home/travis/build/npmtest/node-npmtest-react-router/test.js":{"path":"/home/travis/build/npmtest/node-npmtest-react-router/test.js","s":{"1":2,"2":2,"3":2,"4":2,"5":2,"6":2,"7":2,"8":1,"9":2,"10":2,"11":1,"12":1,"13":1,"14":1,"15":2,"16":2,"17":2,"18":2,"19":1,"20":1,"21":2,"22":2,"23":2,"24":1,"25":1,"26":1,"27":1,"28":1,"29":1,"30":1,"31":1,"32":1,"33":1,"34":1,"35":1,"36":1,"37":1,"38":1,"39":2,"40":2,"41":1,"42":2,"43":2,"44":1,"45":2,"46":2,"47":1,"48":2,"49":2,"50":1,"51":1,"52":1,"53":1,"54":1},"b":{"1":[2,1,1,1],"2":[1,1,1,1],"3":[1,1],"4":[1,1],"5":[1,1],"6":[1,1],"7":[1,1],"8":[1,1],"9":[1,1],"10":[1,1,1],"11":[1,1],"12":[1,1],"13":[1,1],"14":[1,1],"15":[1,1],"16":[1,1],"17":[1,1]},"f":{"1":2,"2":2,"3":2,"4":2,"5":2,"6":1,"7":1,"8":1,"9":2,"10":2,"11":2,"12":2,"13":1},"fnMap":{"1":{"name":"(anonymous_1)","line":12,"loc":{"start":{"line":12,"column":1},"end":{"line":12,"column":13}}},"2":{"name":"(anonymous_2)","line":19,"loc":{"start":{"line":19,"column":5},"end":{"line":19,"column":17}}},"3":{"name":"(anonymous_3)","line":23,"loc":{"start":{"line":23,"column":24},"end":{"line":23,"column":36}}},"4":{"name":"(anonymous_4)","line":61,"loc":{"start":{"line":61,"column":5},"end":{"line":61,"column":17}}},"5":{"name":"(anonymous_5)","line":82,"loc":{"start":{"line":82,"column":5},"end":{"line":82,"column":17}}},"6":{"name":"(anonymous_6)","line":91,"loc":{"start":{"line":91,"column":77},"end":{"line":94,"column":10}}},"7":{"name":"(anonymous_7)","line":112,"loc":{"start":{"line":112,"column":83},"end":{"line":115,"column":10}},"skip":true},"8":{"name":"(anonymous_8)","line":123,"loc":{"start":{"line":123,"column":77},"end":{"line":126,"column":10}},"skip":true},"9":{"name":"(anonymous_9)","line":139,"loc":{"start":{"line":139,"column":12},"end":{"line":139,"column":40}},"skip":true},"10":{"name":"(anonymous_10)","line":147,"loc":{"start":{"line":147,"column":77},"end":{"line":150,"column":10}},"skip":true},"11":{"name":"(anonymous_11)","line":158,"loc":{"start":{"line":158,"column":83},"end":{"line":161,"column":10}},"skip":true},"12":{"name":"(anonymous_12)","line":169,"loc":{"start":{"line":169,"column":79},"end":{"line":172,"column":10}},"skip":true},"13":{"name":"(anonymous_13)","line":180,"loc":{"start":{"line":180,"column":75},"end":{"line":183,"column":10}},"skip":true}},"statementMap":{"1":{"start":{"line":12,"column":0},"end":{"line":195,"column":5}},"2":{"start":{"line":14,"column":4},"end":{"line":14,"column":14}},"3":{"start":{"line":19,"column":4},"end":{"line":56,"column":9}},"4":{"start":{"line":21,"column":8},"end":{"line":21,"column":19}},"5":{"start":{"line":23,"column":8},"end":{"line":35,"column":13}},"6":{"start":{"line":24,"column":12},"end":{"line":34,"column":13}},"7":{"start":{"line":25,"column":16},"end":{"line":28,"column":30}},"8":{"start":{"line":30,"column":16},"end":{"line":33,"column":27}},"9":{"start":{"line":37,"column":8},"end":{"line":39,"column":21}},"10":{"start":{"line":40,"column":8},"end":{"line":53,"column":9}},"11":{"start":{"line":43,"column":12},"end":{"line":46,"column":14}},"12":{"start":{"line":47,"column":12},"end":{"line":47,"column":18}},"13":{"start":{"line":50,"column":12},"end":{"line":51,"column":46}},"14":{"start":{"line":52,"column":12},"end":{"line":52,"column":18}},"15":{"start":{"line":55,"column":8},"end":{"line":55,"column":35}},"16":{"start":{"line":61,"column":4},"end":{"line":63,"column":9}},"17":{"start":{"line":62,"column":8},"end":{"line":62,"column":15}},"18":{"start":{"line":64,"column":4},"end":{"line":77,"column":5}},"19":{"start":{"line":70,"column":8},"end":{"line":70,"column":14}},"20":{"start":{"line":76,"column":8},"end":{"line":76,"column":14}},"21":{"start":{"line":82,"column":4},"end":{"line":84,"column":9}},"22":{"start":{"line":83,"column":8},"end":{"line":83,"column":15}},"23":{"start":{"line":85,"column":4},"end":{"line":194,"column":5}},"24":{"start":{"line":91,"column":8},"end":{"line":99,"column":10}},"25":{"start":{"line":98,"column":12},"end":{"line":98,"column":35}},"26":{"start":{"line":102,"column":8},"end":{"line":104,"column":63}},"27":{"start":{"line":105,"column":8},"end":{"line":105,"column":14}},"28":{"start":{"line":112,"column":8},"end":{"line":121,"column":10},"skip":true},"29":{"start":{"line":119,"column":12},"end":{"line":119,"column":55},"skip":true},"30":{"start":{"line":120,"column":12},"end":{"line":120,"column":48},"skip":true},"31":{"start":{"line":123,"column":8},"end":{"line":136,"column":10},"skip":true},"32":{"start":{"line":130,"column":12},"end":{"line":130,"column":76},"skip":true},"33":{"start":{"line":131,"column":12},"end":{"line":131,"column":73},"skip":true},"34":{"start":{"line":132,"column":12},"end":{"line":132,"column":74},"skip":true},"35":{"start":{"line":133,"column":12},"end":{"line":133,"column":79},"skip":true},"36":{"start":{"line":134,"column":12},"end":{"line":134,"column":25},"skip":true},"37":{"start":{"line":135,"column":12},"end":{"line":135,"column":45},"skip":true},"38":{"start":{"line":138,"column":8},"end":{"line":145,"column":14},"skip":true},"39":{"start":{"line":143,"column":16},"end":{"line":143,"column":29},"skip":true},"40":{"start":{"line":144,"column":16},"end":{"line":144,"column":55},"skip":true},"41":{"start":{"line":147,"column":8},"end":{"line":156,"column":10},"skip":true},"42":{"start":{"line":154,"column":12},"end":{"line":154,"column":25},"skip":true},"43":{"start":{"line":155,"column":12},"end":{"line":155,"column":45},"skip":true},"44":{"start":{"line":158,"column":8},"end":{"line":167,"column":10},"skip":true},"45":{"start":{"line":165,"column":12},"end":{"line":165,"column":25},"skip":true},"46":{"start":{"line":166,"column":12},"end":{"line":166,"column":48},"skip":true},"47":{"start":{"line":169,"column":8},"end":{"line":178,"column":10},"skip":true},"48":{"start":{"line":176,"column":12},"end":{"line":176,"column":25},"skip":true},"49":{"start":{"line":177,"column":12},"end":{"line":177,"column":46},"skip":true},"50":{"start":{"line":180,"column":8},"end":{"line":189,"column":10},"skip":true},"51":{"start":{"line":187,"column":12},"end":{"line":187,"column":94},"skip":true},"52":{"start":{"line":188,"column":12},"end":{"line":188,"column":48},"skip":true},"53":{"start":{"line":192,"column":8},"end":{"line":192,"column":35},"skip":true},"54":{"start":{"line":193,"column":8},"end":{"line":193,"column":14},"skip":true}},"branchMap":{"1":{"line":25,"type":"binary-expr","locations":[{"start":{"line":25,"column":23},"end":{"line":25,"column":62}},{"start":{"line":26,"column":20},"end":{"line":26,"column":70}},{"start":{"line":27,"column":20},"end":{"line":27,"column":71}},{"start":{"line":28,"column":20},"end":{"line":28,"column":29}}]},"2":{"line":30,"type":"binary-expr","locations":[{"start":{"line":30,"column":23},"end":{"line":30,"column":37}},{"start":{"line":31,"column":20},"end":{"line":31,"column":61}},{"start":{"line":32,"column":20},"end":{"line":32,"column":70}},{"start":{"line":33,"column":20},"end":{"line":33,"column":26}}]},"3":{"line":37,"type":"cond-expr","locations":[{"start":{"line":38,"column":14},"end":{"line":38,"column":20}},{"start":{"line":39,"column":14},"end":{"line":39,"column":20}}]},"4":{"line":40,"type":"switch","locations":[{"start":{"line":42,"column":8},"end":{"line":47,"column":18}},{"start":{"line":49,"column":8},"end":{"line":52,"column":18}}]},"5":{"line":44,"type":"binary-expr","locations":[{"start":{"line":44,"column":16},"end":{"line":44,"column":44}},{"start":{"line":44,"column":48},"end":{"line":44,"column":66}}]},"6":{"line":50,"type":"binary-expr","locations":[{"start":{"line":50,"column":21},"end":{"line":50,"column":49}},{"start":{"line":50,"column":53},"end":{"line":50,"column":72}}]},"7":{"line":64,"type":"switch","locations":[{"start":{"line":69,"column":4},"end":{"line":70,"column":14}},{"start":{"line":75,"column":4},"end":{"line":76,"column":14}}]},"8":{"line":85,"type":"switch","locations":[{"start":{"line":90,"column":4},"end":{"line":105,"column":14}},{"start":{"line":111,"column":4},"end":{"line":193,"column":14},"skip":true}]},"9":{"line":91,"type":"binary-expr","locations":[{"start":{"line":91,"column":42},"end":{"line":91,"column":73}},{"start":{"line":91,"column":77},"end":{"line":99,"column":9}}]},"10":{"line":102,"type":"binary-expr","locations":[{"start":{"line":102,"column":18},"end":{"line":102,"column":32}},{"start":{"line":103,"column":12},"end":{"line":103,"column":53}},{"start":{"line":104,"column":12},"end":{"line":104,"column":61}}]},"11":{"line":112,"type":"binary-expr","locations":[{"start":{"line":112,"column":45},"end":{"line":112,"column":79},"skip":true},{"start":{"line":112,"column":83},"end":{"line":121,"column":9},"skip":true}]},"12":{"line":123,"type":"binary-expr","locations":[{"start":{"line":123,"column":42},"end":{"line":123,"column":73},"skip":true},{"start":{"line":123,"column":77},"end":{"line":136,"column":9},"skip":true}]},"13":{"line":138,"type":"binary-expr","locations":[{"start":{"line":138,"column":48},"end":{"line":138,"column":85},"skip":true},{"start":{"line":139,"column":12},"end":{"line":145,"column":13},"skip":true}]},"14":{"line":147,"type":"binary-expr","locations":[{"start":{"line":147,"column":42},"end":{"line":147,"column":73},"skip":true},{"start":{"line":147,"column":77},"end":{"line":156,"column":9},"skip":true}]},"15":{"line":158,"type":"binary-expr","locations":[{"start":{"line":158,"column":45},"end":{"line":158,"column":79},"skip":true},{"start":{"line":158,"column":83},"end":{"line":167,"column":9},"skip":true}]},"16":{"line":169,"type":"binary-expr","locations":[{"start":{"line":169,"column":43},"end":{"line":169,"column":75},"skip":true},{"start":{"line":169,"column":79},"end":{"line":178,"column":9},"skip":true}]},"17":{"line":180,"type":"binary-expr","locations":[{"start":{"line":180,"column":41},"end":{"line":180,"column":71},"skip":true},{"start":{"line":180,"column":75},"end":{"line":189,"column":9},"skip":true}]}},"code":["/* istanbul instrument in package npmtest_react_router */","/*jslint","    bitwise: true,","    browser: true,","    maxerr: 8,","    maxlen: 96,","    node: true,","    nomen: true,","    regexp: true,","    stupid: true","*/","(function () {","    'use strict';","    var local;","","","","    // run shared js-env code - pre-init","    (function () {","        // init local","        local = {};","        // init modeJs","        local.modeJs = (function () {","            try {","                return typeof navigator.userAgent === 'string' &&","                    typeof document.querySelector('body') === 'object' &&","                    typeof XMLHttpRequest.prototype.open === 'function' &&","                    'browser';","            } catch (errorCaughtBrowser) {","                return module.exports &&","                    typeof process.versions.node === 'string' &&","                    typeof require('http').createServer === 'function' &&","                    'node';","            }","        }());","        // init global","        local.global = local.modeJs === 'browser'","            ? window","            : global;","        switch (local.modeJs) {","        // re-init local from window.local","        case 'browser':","            local = local.global.utility2.objectSetDefault(","                local.global.utility2_rollup || local.global.local,","                local.global.utility2","            );","            break;","        // re-init local from example.js","        case 'node':","            local = (local.global.utility2_rollup || require('utility2'))","                .requireExampleJsFromReadme();","            break;","        }","        // export local","        local.global.local = local;","    }());","","","","    // run shared js-env code - function","    (function () {","        return;","    }());","    switch (local.modeJs) {","","","","    // run browser js-env code - function","    case 'browser':","        break;","","","","    // run node js-env code - function","    case 'node':","        break;","    }","","","","    // run shared js-env code - post-init","    (function () {","        return;","    }());","    switch (local.modeJs) {","","","","    // run browser js-env code - post-init","    case 'browser':","        local.testCase_browser_nullCase = local.testCase_browser_nullCase || function (","            options,","            onError","        ) {","        /*","         * this function will test browsers's null-case handling-behavior-behavior","         */","            onError(null, options);","        };","","        // run tests","        local.nop(local.modeTest &&","            document.querySelector('#testRunButton1') &&","            document.querySelector('#testRunButton1').click());","        break;","","","","    // run node js-env code - post-init","    /* istanbul ignore next */","    case 'node':","        local.testCase_buildApidoc_default = local.testCase_buildApidoc_default || function (","            options,","            onError","        ) {","        /*","         * this function will test buildApidoc's default handling-behavior-behavior","         */","            options = { modulePathList: module.paths };","            local.buildApidoc(options, onError);","        };","","        local.testCase_buildApp_default = local.testCase_buildApp_default || function (","            options,","            onError","        ) {","        /*","         * this function will test buildApp's default handling-behavior-behavior","         */","            local.testCase_buildReadme_default(options, local.onErrorThrow);","            local.testCase_buildLib_default(options, local.onErrorThrow);","            local.testCase_buildTest_default(options, local.onErrorThrow);","            local.testCase_buildCustomOrg_default(options, local.onErrorThrow);","            options = [];","            local.buildApp(options, onError);","        };","","        local.testCase_buildCustomOrg_default = local.testCase_buildCustomOrg_default ||","            function (options, onError) {","            /*","             * this function will test buildCustomOrg's default handling-behavior","             */","                options = {};","                local.buildCustomOrg(options, onError);","            };","","        local.testCase_buildLib_default = local.testCase_buildLib_default || function (","            options,","            onError","        ) {","        /*","         * this function will test buildLib's default handling-behavior","         */","            options = {};","            local.buildLib(options, onError);","        };","","        local.testCase_buildReadme_default = local.testCase_buildReadme_default || function (","            options,","            onError","        ) {","        /*","         * this function will test buildReadme's default handling-behavior-behavior","         */","            options = {};","            local.buildReadme(options, onError);","        };","","        local.testCase_buildTest_default = local.testCase_buildTest_default || function (","            options,","            onError","        ) {","        /*","         * this function will test buildTest's default handling-behavior","         */","            options = {};","            local.buildTest(options, onError);","        };","","        local.testCase_webpage_default = local.testCase_webpage_default || function (","            options,","            onError","        ) {","        /*","         * this function will test webpage's default handling-behavior","         */","            options = { modeCoverageMerge: true, url: local.serverLocalHost + '?modeTest=1' };","            local.browserTest(options, onError);","        };","","        // run test-server","        local.testRunServer(local);","        break;","    }","}());",""],"l":{"12":2,"14":2,"19":2,"21":2,"23":2,"24":2,"25":2,"30":1,"37":2,"40":2,"43":1,"47":1,"50":1,"52":1,"55":2,"61":2,"62":2,"64":2,"70":1,"76":1,"82":2,"83":2,"85":2,"91":1,"98":1,"102":1,"105":1,"112":1,"119":1,"120":1,"123":1,"130":1,"131":1,"132":1,"133":1,"134":1,"135":1,"138":1,"143":2,"144":2,"147":1,"154":2,"155":2,"158":1,"165":2,"166":2,"169":1,"176":2,"177":2,"180":1,"187":1,"188":1,"192":1,"193":1}},"/home/travis/build/npmtest/node-npmtest-react-router/lib.npmtest_react_router.js":{"path":"/home/travis/build/npmtest/node-npmtest-react-router/lib.npmtest_react_router.js","s":{"1":2,"2":2,"3":2,"4":2,"5":2,"6":2,"7":2,"8":1,"9":2,"10":2,"11":2,"12":2,"13":1,"14":1,"15":1,"16":1},"b":{"1":[2,1,1,1],"2":[1,1,1,1],"3":[1,1],"4":[2,2],"5":[1,1]},"f":{"1":2,"2":2,"3":2},"fnMap":{"1":{"name":"(anonymous_1)","line":12,"loc":{"start":{"line":12,"column":1},"end":{"line":12,"column":13}}},"2":{"name":"(anonymous_2)","line":19,"loc":{"start":{"line":19,"column":5},"end":{"line":19,"column":17}}},"3":{"name":"(anonymous_3)","line":23,"loc":{"start":{"line":23,"column":24},"end":{"line":23,"column":36}}}},"statementMap":{"1":{"start":{"line":12,"column":0},"end":{"line":53,"column":5}},"2":{"start":{"line":14,"column":4},"end":{"line":14,"column":14}},"3":{"start":{"line":19,"column":4},"end":{"line":52,"column":9}},"4":{"start":{"line":21,"column":8},"end":{"line":21,"column":19}},"5":{"start":{"line":23,"column":8},"end":{"line":35,"column":13}},"6":{"start":{"line":24,"column":12},"end":{"line":34,"column":13}},"7":{"start":{"line":25,"column":16},"end":{"line":28,"column":30}},"8":{"start":{"line":30,"column":16},"end":{"line":33,"column":27}},"9":{"start":{"line":37,"column":8},"end":{"line":39,"column":21}},"10":{"start":{"line":41,"column":8},"end":{"line":41,"column":54}},"11":{"start":{"line":43,"column":8},"end":{"line":43,"column":57}},"12":{"start":{"line":45,"column":8},"end":{"line":51,"column":9}},"13":{"start":{"line":46,"column":12},"end":{"line":46,"column":63}},"14":{"start":{"line":48,"column":12},"end":{"line":48,"column":35}},"15":{"start":{"line":49,"column":12},"end":{"line":49,"column":49}},"16":{"start":{"line":50,"column":12},"end":{"line":50,"column":43}}},"branchMap":{"1":{"line":25,"type":"binary-expr","locations":[{"start":{"line":25,"column":23},"end":{"line":25,"column":62}},{"start":{"line":26,"column":20},"end":{"line":26,"column":70}},{"start":{"line":27,"column":20},"end":{"line":27,"column":71}},{"start":{"line":28,"column":20},"end":{"line":28,"column":29}}]},"2":{"line":30,"type":"binary-expr","locations":[{"start":{"line":30,"column":23},"end":{"line":30,"column":37}},{"start":{"line":31,"column":20},"end":{"line":31,"column":61}},{"start":{"line":32,"column":20},"end":{"line":32,"column":70}},{"start":{"line":33,"column":20},"end":{"line":33,"column":26}}]},"3":{"line":37,"type":"cond-expr","locations":[{"start":{"line":38,"column":14},"end":{"line":38,"column":20}},{"start":{"line":39,"column":14},"end":{"line":39,"column":20}}]},"4":{"line":41,"type":"binary-expr","locations":[{"start":{"line":41,"column":16},"end":{"line":41,"column":44}},{"start":{"line":41,"column":48},"end":{"line":41,"column":53}}]},"5":{"line":45,"type":"if","locations":[{"start":{"line":45,"column":8},"end":{"line":45,"column":8}},{"start":{"line":45,"column":8},"end":{"line":45,"column":8}}]}},"code":["/* istanbul instrument in package npmtest_react_router */","/*jslint","    bitwise: true,","    browser: true,","    maxerr: 8,","    maxlen: 96,","    node: true,","    nomen: true,","    regexp: true,","    stupid: true","*/","(function () {","    'use strict';","    var local;","","","","    // run shared js-env code - pre-init","    (function () {","        // init local","        local = {};","        // init modeJs","        local.modeJs = (function () {","            try {","                return typeof navigator.userAgent === 'string' &&","                    typeof document.querySelector('body') === 'object' &&","                    typeof XMLHttpRequest.prototype.open === 'function' &&","                    'browser';","            } catch (errorCaughtBrowser) {","                return module.exports &&","                    typeof process.versions.node === 'string' &&","                    typeof require('http').createServer === 'function' &&","                    'node';","            }","        }());","        // init global","        local.global = local.modeJs === 'browser'","            ? window","            : global;","        // init utility2_rollup","        local = local.global.utility2_rollup || local;","        // init lib","        local.local = local.npmtest_react_router = local;","        // init exports","        if (local.modeJs === 'browser') {","            local.global.utility2_npmtest_react_router = local;","        } else {","            module.exports = local;","            module.exports.__dirname = __dirname;","            module.exports.module = module;","        }","    }());","}());",""],"l":{"12":2,"14":2,"19":2,"21":2,"23":2,"24":2,"25":2,"30":1,"37":2,"41":2,"43":2,"45":2,"46":1,"48":1,"49":1,"50":1}},"/home/travis/build/npmtest/node-npmtest-react-router/example.js":{"path":"/home/travis/build/npmtest/node-npmtest-react-router/example.js","s":{"1":2,"2":2,"3":2,"4":2,"5":2,"6":2,"7":2,"8":1,"9":2,"10":2,"11":2,"12":2,"13":1,"14":2,"15":2,"16":2,"17":2,"18":2,"19":0,"20":2,"21":1,"22":1,"23":1,"24":1,"25":1,"26":0,"27":0,"28":1,"29":1,"30":2,"31":0,"32":0,"33":0,"34":1,"35":2,"36":2,"37":3,"38":3,"39":3,"40":3,"41":0,"42":3,"43":3,"44":3,"45":1,"46":3,"47":1,"48":1,"49":1,"50":1,"51":1,"52":1,"53":1,"54":1,"55":1,"56":1,"57":0,"58":1,"59":6,"60":6,"61":1,"62":2,"63":0,"64":2,"65":1,"66":1,"67":0,"68":0,"69":0,"70":0,"71":0,"72":0,"73":0,"74":0,"75":0,"76":0,"77":0,"78":0,"79":0,"80":0,"81":0,"82":0,"83":0},"b":{"1":[2,1,1,1],"2":[1,1,1,1],"3":[1,1],"4":[2,2],"5":[1,1],"6":[1,1],"7":[2,0],"8":[2,1,1,1,1,1],"9":[0,2,0],"10":[1,1],"11":[2,1,1],"12":[1,0],"13":[0,2],"14":[2,0,0,0,0,0,0],"15":[0,3],"16":[3,0],"17":[1,1],"18":[0,1],"19":[1,2,0,2],"20":[1,0],"21":[1,1],"22":[0,0],"23":[0,0],"24":[0,0],"25":[0,0],"26":[0,0],"27":[0,0],"28":[0,0]},"f":{"1":2,"2":2,"3":2,"4":2,"5":2,"6":2,"7":3,"8":3,"9":3,"10":1,"11":6,"12":0},"fnMap":{"1":{"name":"(anonymous_1)","line":26,"loc":{"start":{"line":26,"column":1},"end":{"line":26,"column":13}}},"2":{"name":"(anonymous_2)","line":33,"loc":{"start":{"line":33,"column":5},"end":{"line":33,"column":17}}},"3":{"name":"(anonymous_3)","line":37,"loc":{"start":{"line":37,"column":24},"end":{"line":37,"column":36}}},"4":{"name":"(anonymous_4)","line":69,"loc":{"start":{"line":69,"column":31},"end":{"line":69,"column":48}},"skip":true},"5":{"name":"(anonymous_5)","line":78,"loc":{"start":{"line":78,"column":26},"end":{"line":78,"column":45}},"skip":true},"6":{"name":"(anonymous_6)","line":123,"loc":{"start":{"line":123,"column":33},"end":{"line":123,"column":48}},"skip":true},"7":{"name":"(anonymous_7)","line":125,"loc":{"start":{"line":125,"column":27},"end":{"line":125,"column":39}},"skip":true},"8":{"name":"(anonymous_8)","line":133,"loc":{"start":{"line":133,"column":59},"end":{"line":133,"column":74}},"skip":true},"9":{"name":"(anonymous_9)","line":143,"loc":{"start":{"line":143,"column":45},"end":{"line":143,"column":62}},"skip":true},"10":{"name":"(anonymous_10)","line":144,"loc":{"start":{"line":144,"column":73},"end":{"line":144,"column":92}},"skip":true},"11":{"name":"(anonymous_11)","line":272,"loc":{"start":{"line":272,"column":51},"end":{"line":272,"column":77}},"skip":true},"12":{"name":"(anonymous_12)","line":315,"loc":{"start":{"line":315,"column":32},"end":{"line":315,"column":61}},"skip":true}},"statementMap":{"1":{"start":{"line":26,"column":0},"end":{"line":326,"column":5}},"2":{"start":{"line":28,"column":4},"end":{"line":28,"column":14}},"3":{"start":{"line":33,"column":4},"end":{"line":60,"column":9}},"4":{"start":{"line":35,"column":8},"end":{"line":35,"column":19}},"5":{"start":{"line":37,"column":8},"end":{"line":49,"column":13}},"6":{"start":{"line":38,"column":12},"end":{"line":48,"column":13}},"7":{"start":{"line":39,"column":16},"end":{"line":42,"column":30}},"8":{"start":{"line":44,"column":16},"end":{"line":47,"column":27}},"9":{"start":{"line":51,"column":8},"end":{"line":53,"column":21}},"10":{"start":{"line":55,"column":8},"end":{"line":57,"column":45}},"11":{"start":{"line":59,"column":8},"end":{"line":59,"column":35}},"12":{"start":{"line":61,"column":4},"end":{"line":325,"column":5}},"13":{"start":{"line":69,"column":8},"end":{"line":121,"column":10},"skip":true},"14":{"start":{"line":70,"column":12},"end":{"line":88,"column":13},"skip":true},"15":{"start":{"line":76,"column":16},"end":{"line":87,"column":19},"skip":true},"16":{"start":{"line":79,"column":20},"end":{"line":86,"column":21},"skip":true},"17":{"start":{"line":82,"column":24},"end":{"line":82,"column":43},"skip":true},"18":{"start":{"line":83,"column":24},"end":{"line":83,"column":30},"skip":true},"19":{"start":{"line":85,"column":24},"end":{"line":85,"column":49},"skip":true},"20":{"start":{"line":89,"column":12},"end":{"line":107,"column":13},"skip":true},"21":{"start":{"line":92,"column":16},"end":{"line":102,"column":17},"skip":true},"22":{"start":{"line":93,"column":20},"end":{"line":93,"column":86},"skip":true},"23":{"start":{"line":94,"column":20},"end":{"line":95,"column":45},"skip":true},"24":{"start":{"line":96,"column":20},"end":{"line":96,"column":42},"skip":true},"25":{"start":{"line":97,"column":20},"end":{"line":97,"column":48},"skip":true},"26":{"start":{"line":100,"column":20},"end":{"line":100,"column":85},"skip":true},"27":{"start":{"line":101,"column":20},"end":{"line":101,"column":96},"skip":true},"28":{"start":{"line":103,"column":16},"end":{"line":103,"column":22},"skip":true},"29":{"start":{"line":106,"column":16},"end":{"line":106,"column":22},"skip":true},"30":{"start":{"line":108,"column":12},"end":{"line":120,"column":13},"skip":true},"31":{"start":{"line":114,"column":16},"end":{"line":119,"column":17},"skip":true},"32":{"start":{"line":116,"column":20},"end":{"line":116,"column":78},"skip":true},"33":{"start":{"line":118,"column":20},"end":{"line":118,"column":47},"skip":true},"34":{"start":{"line":123,"column":8},"end":{"line":141,"column":11},"skip":true},"35":{"start":{"line":124,"column":12},"end":{"line":124,"column":54},"skip":true},"36":{"start":{"line":125,"column":12},"end":{"line":140,"column":14},"skip":true},"37":{"start":{"line":126,"column":16},"end":{"line":126,"column":28},"skip":true},"38":{"start":{"line":127,"column":16},"end":{"line":127,"column":69},"skip":true},"39":{"start":{"line":128,"column":16},"end":{"line":128,"column":75},"skip":true},"40":{"start":{"line":129,"column":16},"end":{"line":131,"column":17},"skip":true},"41":{"start":{"line":130,"column":20},"end":{"line":130,"column":27},"skip":true},"42":{"start":{"line":133,"column":16},"end":{"line":137,"column":36},"skip":true},"43":{"start":{"line":134,"column":20},"end":{"line":136,"column":55},"skip":true},"44":{"start":{"line":139,"column":16},"end":{"line":139,"column":57},"skip":true},"45":{"start":{"line":143,"column":8},"end":{"line":147,"column":11},"skip":true},"46":{"start":{"line":144,"column":12},"end":{"line":146,"column":15},"skip":true},"47":{"start":{"line":145,"column":16},"end":{"line":145,"column":70},"skip":true},"48":{"start":{"line":149,"column":8},"end":{"line":149,"column":31},"skip":true},"49":{"start":{"line":150,"column":8},"end":{"line":150,"column":14},"skip":true},"50":{"start":{"line":158,"column":8},"end":{"line":158,"column":31},"skip":true},"51":{"start":{"line":160,"column":8},"end":{"line":160,"column":33},"skip":true},"52":{"start":{"line":161,"column":8},"end":{"line":161,"column":37},"skip":true},"53":{"start":{"line":162,"column":8},"end":{"line":162,"column":35},"skip":true},"54":{"start":{"line":164,"column":8},"end":{"line":164,"column":50},"skip":true},"55":{"start":{"line":166,"column":8},"end":{"line":256,"column":2},"skip":true},"56":{"start":{"line":258,"column":8},"end":{"line":286,"column":9},"skip":true},"57":{"start":{"line":259,"column":12},"end":{"line":269,"column":14},"skip":true},"58":{"start":{"line":271,"column":12},"end":{"line":285,"column":19},"skip":true},"59":{"start":{"line":274,"column":20},"end":{"line":274,"column":35},"skip":true},"60":{"start":{"line":275,"column":20},"end":{"line":284,"column":21},"skip":true},"61":{"start":{"line":277,"column":24},"end":{"line":277,"column":64},"skip":true},"62":{"start":{"line":279,"column":24},"end":{"line":279,"column":40},"skip":true},"63":{"start":{"line":281,"column":24},"end":{"line":281,"column":40},"skip":true},"64":{"start":{"line":283,"column":24},"end":{"line":283,"column":39},"skip":true},"65":{"start":{"line":288,"column":8},"end":{"line":290,"column":9},"skip":true},"66":{"start":{"line":289,"column":12},"end":{"line":289,"column":18},"skip":true},"67":{"start":{"line":291,"column":8},"end":{"line":293,"column":54},"skip":true},"68":{"start":{"line":296,"column":8},"end":{"line":301,"column":37},"skip":true},"69":{"start":{"line":303,"column":8},"end":{"line":303,"column":82},"skip":true},"70":{"start":{"line":306,"column":8},"end":{"line":308,"column":9},"skip":true},"71":{"start":{"line":307,"column":12},"end":{"line":307,"column":82},"skip":true},"72":{"start":{"line":310,"column":8},"end":{"line":312,"column":9},"skip":true},"73":{"start":{"line":311,"column":12},"end":{"line":311,"column":18},"skip":true},"74":{"start":{"line":313,"column":8},"end":{"line":313,"column":54},"skip":true},"75":{"start":{"line":314,"column":8},"end":{"line":314,"column":69},"skip":true},"76":{"start":{"line":315,"column":8},"end":{"line":323,"column":36},"skip":true},"77":{"start":{"line":316,"column":12},"end":{"line":316,"column":61},"skip":true},"78":{"start":{"line":317,"column":12},"end":{"line":320,"column":13},"skip":true},"79":{"start":{"line":318,"column":16},"end":{"line":318,"column":75},"skip":true},"80":{"start":{"line":319,"column":16},"end":{"line":319,"column":23},"skip":true},"81":{"start":{"line":321,"column":12},"end":{"line":321,"column":38},"skip":true},"82":{"start":{"line":322,"column":12},"end":{"line":322,"column":27},"skip":true},"83":{"start":{"line":324,"column":8},"end":{"line":324,"column":14},"skip":true}},"branchMap":{"1":{"line":39,"type":"binary-expr","locations":[{"start":{"line":39,"column":23},"end":{"line":39,"column":62}},{"start":{"line":40,"column":20},"end":{"line":40,"column":70}},{"start":{"line":41,"column":20},"end":{"line":41,"column":71}},{"start":{"line":42,"column":20},"end":{"line":42,"column":29}}]},"2":{"line":44,"type":"binary-expr","locations":[{"start":{"line":44,"column":23},"end":{"line":44,"column":37}},{"start":{"line":45,"column":20},"end":{"line":45,"column":61}},{"start":{"line":46,"column":20},"end":{"line":46,"column":70}},{"start":{"line":47,"column":20},"end":{"line":47,"column":26}}]},"3":{"line":51,"type":"cond-expr","locations":[{"start":{"line":52,"column":14},"end":{"line":52,"column":20}},{"start":{"line":53,"column":14},"end":{"line":53,"column":20}}]},"4":{"line":55,"type":"binary-expr","locations":[{"start":{"line":55,"column":16},"end":{"line":55,"column":44}},{"start":{"line":55,"column":49},"end":{"line":57,"column":43}}]},"5":{"line":55,"type":"cond-expr","locations":[{"start":{"line":56,"column":14},"end":{"line":56,"column":56}},{"start":{"line":57,"column":14},"end":{"line":57,"column":43}}]},"6":{"line":61,"type":"switch","locations":[{"start":{"line":68,"column":4},"end":{"line":150,"column":14},"skip":true},{"start":{"line":156,"column":4},"end":{"line":324,"column":14},"skip":true}]},"7":{"line":70,"type":"if","locations":[{"start":{"line":70,"column":12},"end":{"line":70,"column":12},"skip":true},{"start":{"line":70,"column":12},"end":{"line":70,"column":12},"skip":true}]},"8":{"line":70,"type":"binary-expr","locations":[{"start":{"line":70,"column":16},"end":{"line":70,"column":22},"skip":true},{"start":{"line":70,"column":27},"end":{"line":70,"column":32},"skip":true},{"start":{"line":71,"column":20},"end":{"line":71,"column":39},"skip":true},{"start":{"line":72,"column":20},"end":{"line":72,"column":49},"skip":true},{"start":{"line":73,"column":20},"end":{"line":73,"column":58},"skip":true},{"start":{"line":74,"column":20},"end":{"line":74,"column":69},"skip":true}]},"9":{"line":79,"type":"switch","locations":[{"start":{"line":80,"column":20},"end":{"line":80,"column":33},"skip":true},{"start":{"line":81,"column":20},"end":{"line":83,"column":30},"skip":true},{"start":{"line":84,"column":20},"end":{"line":85,"column":49},"skip":true}]},"10":{"line":89,"type":"switch","locations":[{"start":{"line":90,"column":12},"end":{"line":103,"column":22},"skip":true},{"start":{"line":105,"column":12},"end":{"line":106,"column":22},"skip":true}]},"11":{"line":89,"type":"binary-expr","locations":[{"start":{"line":89,"column":20},"end":{"line":89,"column":25},"skip":true},{"start":{"line":89,"column":29},"end":{"line":89,"column":48},"skip":true},{"start":{"line":89,"column":52},"end":{"line":89,"column":74},"skip":true}]},"12":{"line":92,"type":"if","locations":[{"start":{"line":92,"column":16},"end":{"line":92,"column":16},"skip":true},{"start":{"line":92,"column":16},"end":{"line":92,"column":16},"skip":true}]},"13":{"line":108,"type":"if","locations":[{"start":{"line":108,"column":12},"end":{"line":108,"column":12},"skip":true},{"start":{"line":108,"column":12},"end":{"line":108,"column":12},"skip":true}]},"14":{"line":108,"type":"binary-expr","locations":[{"start":{"line":108,"column":16},"end":{"line":108,"column":61},"skip":true},{"start":{"line":108,"column":66},"end":{"line":108,"column":72},"skip":true},{"start":{"line":108,"column":77},"end":{"line":108,"column":82},"skip":true},{"start":{"line":109,"column":20},"end":{"line":109,"column":39},"skip":true},{"start":{"line":110,"column":20},"end":{"line":110,"column":49},"skip":true},{"start":{"line":111,"column":20},"end":{"line":111,"column":58},"skip":true},{"start":{"line":112,"column":20},"end":{"line":112,"column":68},"skip":true}]},"15":{"line":129,"type":"if","locations":[{"start":{"line":129,"column":16},"end":{"line":129,"column":16},"skip":true},{"start":{"line":129,"column":16},"end":{"line":129,"column":16},"skip":true}]},"16":{"line":134,"type":"cond-expr","locations":[{"start":{"line":135,"column":26},"end":{"line":135,"column":29},"skip":true},{"start":{"line":136,"column":26},"end":{"line":136,"column":54},"skip":true}]},"17":{"line":164,"type":"binary-expr","locations":[{"start":{"line":164,"column":27},"end":{"line":164,"column":43},"skip":true},{"start":{"line":164,"column":47},"end":{"line":164,"column":49},"skip":true}]},"18":{"line":258,"type":"if","locations":[{"start":{"line":258,"column":8},"end":{"line":258,"column":8},"skip":true},{"start":{"line":258,"column":8},"end":{"line":258,"column":8},"skip":true}]},"19":{"line":275,"type":"switch","locations":[{"start":{"line":276,"column":20},"end":{"line":277,"column":64},"skip":true},{"start":{"line":278,"column":20},"end":{"line":279,"column":40},"skip":true},{"start":{"line":280,"column":20},"end":{"line":281,"column":40},"skip":true},{"start":{"line":282,"column":20},"end":{"line":283,"column":39},"skip":true}]},"20":{"line":288,"type":"if","locations":[{"start":{"line":288,"column":8},"end":{"line":288,"column":8},"skip":true},{"start":{"line":288,"column":8},"end":{"line":288,"column":8},"skip":true}]},"21":{"line":288,"type":"binary-expr","locations":[{"start":{"line":288,"column":12},"end":{"line":288,"column":40},"skip":true},{"start":{"line":288,"column":44},"end":{"line":288,"column":67},"skip":true}]},"22":{"line":292,"type":"binary-expr","locations":[{"start":{"line":292,"column":12},"end":{"line":292,"column":50},"skip":true},{"start":{"line":293,"column":12},"end":{"line":293,"column":53},"skip":true}]},"23":{"line":297,"type":"binary-expr","locations":[{"start":{"line":297,"column":12},"end":{"line":297,"column":70},"skip":true},{"start":{"line":298,"column":12},"end":{"line":301,"column":36},"skip":true}]},"24":{"line":303,"type":"binary-expr","locations":[{"start":{"line":303,"column":43},"end":{"line":303,"column":75},"skip":true},{"start":{"line":303,"column":79},"end":{"line":303,"column":81},"skip":true}]},"25":{"line":306,"type":"if","locations":[{"start":{"line":306,"column":8},"end":{"line":306,"column":8},"skip":true},{"start":{"line":306,"column":8},"end":{"line":306,"column":8},"skip":true}]},"26":{"line":310,"type":"if","locations":[{"start":{"line":310,"column":8},"end":{"line":310,"column":8},"skip":true},{"start":{"line":310,"column":8},"end":{"line":310,"column":8},"skip":true}]},"27":{"line":313,"type":"binary-expr","locations":[{"start":{"line":313,"column":27},"end":{"line":313,"column":43},"skip":true},{"start":{"line":313,"column":47},"end":{"line":313,"column":53},"skip":true}]},"28":{"line":317,"type":"if","locations":[{"start":{"line":317,"column":12},"end":{"line":317,"column":12},"skip":true},{"start":{"line":317,"column":12},"end":{"line":317,"column":12},"skip":true}]}},"code":["/*","example.js","","quickstart example","","instruction","    1. save this script as example.js","    2. run the shell command:","        $ npm install npmtest-react-router && PORT=8081 node example.js","    3. play with the browser-demo on http://127.0.0.1:8081","*/","","","","/* istanbul instrument in package npmtest_react_router */","/*jslint","    bitwise: true,","    browser: true,","    maxerr: 8,","    maxlen: 96,","    node: true,","    nomen: true,","    regexp: true,","    stupid: true","*/","(function () {","    'use strict';","    var local;","","","","    // run shared js-env code - pre-init","    (function () {","        // init local","        local = {};","        // init modeJs","        local.modeJs = (function () {","            try {","                return typeof navigator.userAgent === 'string' &&","                    typeof document.querySelector('body') === 'object' &&","                    typeof XMLHttpRequest.prototype.open === 'function' &&","                    'browser';","            } catch (errorCaughtBrowser) {","                return module.exports &&","                    typeof process.versions.node === 'string' &&","                    typeof require('http').createServer === 'function' &&","                    'node';","            }","        }());","        // init global","        local.global = local.modeJs === 'browser'","            ? window","            : global;","        // init utility2_rollup","        local = local.global.utility2_rollup || (local.modeJs === 'browser'","            ? local.global.utility2_npmtest_react_router","            : global.utility2_moduleExports);","        // export local","        local.global.local = local;","    }());","    switch (local.modeJs) {","","","","    // post-init","    // run browser js-env code - post-init","    /* istanbul ignore next */","    case 'browser':","        local.testRunBrowser = function (event) {","            if (!event || (event &&","                    event.currentTarget &&","                    event.currentTarget.className &&","                    event.currentTarget.className.includes &&","                    event.currentTarget.className.includes('onreset'))) {","                // reset output","                Array.from(","                    document.querySelectorAll('body > .resettable')","                ).forEach(function (element) {","                    switch (element.tagName) {","                    case 'INPUT':","                    case 'TEXTAREA':","                        element.value = '';","                        break;","                    default:","                        element.textContent = '';","                    }","                });","            }","            switch (event && event.currentTarget && event.currentTarget.id) {","            case 'testRunButton1':","                // show tests","                if (document.querySelector('#testReportDiv1').style.display === 'none') {","                    document.querySelector('#testReportDiv1').style.display = 'block';","                    document.querySelector('#testRunButton1').textContent =","                        'hide internal test';","                    local.modeTest = true;","                    local.testRunDefault(local);","                // hide tests","                } else {","                    document.querySelector('#testReportDiv1').style.display = 'none';","                    document.querySelector('#testRunButton1').textContent = 'run internal test';","                }","                break;","            // custom-case","            default:","                break;","            }","            if (document.querySelector('#inputTextareaEval1') && (!event || (event &&","                    event.currentTarget &&","                    event.currentTarget.className &&","                    event.currentTarget.className.includes &&","                    event.currentTarget.className.includes('oneval')))) {","                // try to eval input-code","                try {","                    /*jslint evil: true*/","                    eval(document.querySelector('#inputTextareaEval1').value);","                } catch (errorCaught) {","                    console.error(errorCaught);","                }","            }","        };","        // log stderr and stdout to #outputTextareaStdout1","        ['error', 'log'].forEach(function (key) {","            console[key + '_original'] = console[key];","            console[key] = function () {","                var element;","                console[key + '_original'].apply(console, arguments);","                element = document.querySelector('#outputTextareaStdout1');","                if (!element) {","                    return;","                }","                // append text to #outputTextareaStdout1","                element.value += Array.from(arguments).map(function (arg) {","                    return typeof arg === 'string'","                        ? arg","                        : JSON.stringify(arg, null, 4);","                }).join(' ') + '\\n';","                // scroll textarea to bottom","                element.scrollTop = element.scrollHeight;","            };","        });","        // init event-handling","        ['change', 'click', 'keyup'].forEach(function (event) {","            Array.from(document.querySelectorAll('.on' + event)).forEach(function (element) {","                element.addEventListener(event, local.testRunBrowser);","            });","        });","        // run tests","        local.testRunBrowser();","        break;","","","","    // run node js-env code - post-init","    /* istanbul ignore next */","    case 'node':","        // export local","        module.exports = local;","        // require modules","        local.fs = require('fs');","        local.http = require('http');","        local.url = require('url');","        // init assets","        local.assetsDict = local.assetsDict || {};","        /* jslint-ignore-begin */","        local.assetsDict['/assets.index.template.html'] = '\\","<!doctype html>\\n\\","<html lang=\"en\">\\n\\","<head>\\n\\","<meta charset=\"UTF-8\">\\n\\","<meta name=\"viewport\" content=\"width=device-width, initial-scale=1\">\\n\\","<title>{{env.npm_package_name}} (v{{env.npm_package_version}})</title>\\n\\","<style>\\n\\","/*csslint\\n\\","    box-sizing: false,\\n\\","    universal-selector: false\\n\\","*/\\n\\","* {\\n\\","    box-sizing: border-box;\\n\\","}\\n\\","body {\\n\\","    background: #dde;\\n\\","    font-family: Arial, Helvetica, sans-serif;\\n\\","    margin: 2rem;\\n\\","}\\n\\","body > * {\\n\\","    margin-bottom: 1rem;\\n\\","}\\n\\",".utility2FooterDiv {\\n\\","    margin-top: 20px;\\n\\","    text-align: center;\\n\\","}\\n\\","</style>\\n\\","<style>\\n\\","/*csslint\\n\\","*/\\n\\","textarea {\\n\\","    font-family: monospace;\\n\\","    height: 10rem;\\n\\","    width: 100%;\\n\\","}\\n\\","textarea[readonly] {\\n\\","    background: #ddd;\\n\\","}\\n\\","</style>\\n\\","</head>\\n\\","<body>\\n\\","<!-- utility2-comment\\n\\","<div id=\"ajaxProgressDiv1\" style=\"background: #d00; height: 2px; left: 0; margin: 0; padding: 0; position: fixed; top: 0; transition: background 0.5s, width 1.5s; width: 25%;\"></div>\\n\\","utility2-comment -->\\n\\","<h1>\\n\\","<!-- utility2-comment\\n\\","    <a\\n\\","        {{#if env.npm_package_homepage}}\\n\\","        href=\"{{env.npm_package_homepage}}\"\\n\\","        {{/if env.npm_package_homepage}}\\n\\","        target=\"_blank\"\\n\\","    >\\n\\","utility2-comment -->\\n\\","        {{env.npm_package_name}} (v{{env.npm_package_version}})\\n\\","<!-- utility2-comment\\n\\","    </a>\\n\\","utility2-comment -->\\n\\","</h1>\\n\\","<h3>{{env.npm_package_description}}</h3>\\n\\","<!-- utility2-comment\\n\\","<h4><a download href=\"assets.app.js\">download standalone app</a></h4>\\n\\","<button class=\"onclick onreset\" id=\"testRunButton1\">run internal test</button><br>\\n\\","<div id=\"testReportDiv1\" style=\"display: none;\"></div>\\n\\","utility2-comment -->\\n\\","\\n\\","\\n\\","\\n\\","<label>stderr and stdout</label>\\n\\","<textarea class=\"resettable\" id=\"outputTextareaStdout1\" readonly></textarea>\\n\\","<!-- utility2-comment\\n\\","{{#if isRollup}}\\n\\","<script src=\"assets.app.js\"></script>\\n\\","{{#unless isRollup}}\\n\\","utility2-comment -->\\n\\","<script src=\"assets.utility2.rollup.js\"></script>\\n\\","<script src=\"jsonp.utility2._stateInit?callback=window.utility2._stateInit\"></script>\\n\\","<script src=\"assets.npmtest_react_router.rollup.js\"></script>\\n\\","<script src=\"assets.example.js\"></script>\\n\\","<script src=\"assets.test.js\"></script>\\n\\","<!-- utility2-comment\\n\\","{{/if isRollup}}\\n\\","utility2-comment -->\\n\\","<div class=\"utility2FooterDiv\">\\n\\","    [ this app was created with\\n\\","    <a href=\"https://github.com/kaizhu256/node-utility2\" target=\"_blank\">utility2</a>\\n\\","    ]\\n\\","</div>\\n\\","</body>\\n\\","</html>\\n\\","';","        /* jslint-ignore-end */","        if (local.templateRender) {","            local.assetsDict['/'] = local.templateRender(","                local.assetsDict['/assets.index.template.html'],","                {","                    env: local.objectSetDefault(local.env, {","                        npm_package_description: 'the greatest app in the world!',","                        npm_package_name: 'my-app',","                        npm_package_nameAlias: 'my_app',","                        npm_package_version: '0.0.1'","                    })","                }","            );","        } else {","            local.assetsDict['/'] = local.assetsDict['/assets.index.template.html']","                .replace((/\\{\\{env\\.(\\w+?)\\}\\}/g), function (match0, match1) {","                    // jslint-hack","                    String(match0);","                    switch (match1) {","                    case 'npm_package_description':","                        return 'the greatest app in the world!';","                    case 'npm_package_name':","                        return 'my-app';","                    case 'npm_package_nameAlias':","                        return 'my_app';","                    case 'npm_package_version':","                        return '0.0.1';","                    }","                });","        }","        // run the cli","        if (local.global.utility2_rollup || module !== require.main) {","            break;","        }","        local.assetsDict['/assets.example.js'] =","            local.assetsDict['/assets.example.js'] ||","            local.fs.readFileSync(__filename, 'utf8');","        // bug-workaround - long $npm_package_buildCustomOrg","        /* jslint-ignore-begin */","        local.assetsDict['/assets.npmtest_react_router.rollup.js'] =","            local.assetsDict['/assets.npmtest_react_router.rollup.js'] ||","            local.fs.readFileSync(","                local.npmtest_react_router.__dirname + '/lib.npmtest_react_router.js',","                'utf8'","            ).replace((/^#!/), '//');","        /* jslint-ignore-end */","        local.assetsDict['/favicon.ico'] = local.assetsDict['/favicon.ico'] || '';","        // if $npm_config_timeout_exit exists,","        // then exit this process after $npm_config_timeout_exit ms","        if (Number(process.env.npm_config_timeout_exit)) {","            setTimeout(process.exit, Number(process.env.npm_config_timeout_exit));","        }","        // start server","        if (local.global.utility2_serverHttp1) {","            break;","        }","        process.env.PORT = process.env.PORT || '8081';","        console.error('server starting on port ' + process.env.PORT);","        local.http.createServer(function (request, response) {","            request.urlParsed = local.url.parse(request.url);","            if (local.assetsDict[request.urlParsed.pathname] !== undefined) {","                response.end(local.assetsDict[request.urlParsed.pathname]);","                return;","            }","            response.statusCode = 404;","            response.end();","        }).listen(process.env.PORT);","        break;","    }","}());",""],"l":{"26":2,"28":2,"33":2,"35":2,"37":2,"38":2,"39":2,"44":1,"51":2,"55":2,"59":2,"61":2,"69":1,"70":2,"76":2,"79":2,"82":2,"83":2,"85":1,"89":2,"92":1,"93":1,"94":1,"96":1,"97":1,"100":1,"101":1,"103":1,"106":1,"108":2,"114":1,"116":1,"118":1,"123":1,"124":2,"125":2,"126":3,"127":3,"128":3,"129":3,"130":1,"133":3,"134":3,"139":3,"143":1,"144":3,"145":1,"149":1,"150":1,"158":1,"160":1,"161":1,"162":1,"164":1,"166":1,"258":1,"259":1,"271":1,"274":6,"275":6,"277":1,"279":2,"281":1,"283":2,"288":1,"289":1,"291":1,"296":1,"303":1,"306":1,"307":1,"310":1,"311":1,"313":1,"314":1,"315":1,"316":1,"317":1,"318":1,"319":1,"321":1,"322":1,"324":1}},"/home/travis/build/npmtest/node-npmtest-react-router/node_modules/react-router/index.js":{"path":"/home/travis/build/npmtest/node-npmtest-react-router/node_modules/react-router/index.js","s":{"1":1,"2":1,"3":1,"4":1,"5":1,"6":1,"7":1,"8":1,"9":1,"10":1,"11":1,"12":1,"13":1,"14":1,"15":1,"16":1,"17":1,"18":1,"19":1,"20":1,"21":1,"22":9,"23":1,"24":1,"25":1,"26":1,"27":1,"28":1,"29":1,"30":1,"31":1},"b":{"1":[9,0],"2":[9,9]},"f":{"1":9},"fnMap":{"1":{"name":"_interopRequireDefault","line":42,"loc":{"start":{"line":42,"column":0},"end":{"line":42,"column":37}}}},"statementMap":{"1":{"start":{"line":3,"column":0},"end":{"line":3,"column":26}},"2":{"start":{"line":4,"column":0},"end":{"line":4,"column":183}},"3":{"start":{"line":6,"column":0},"end":{"line":6,"column":47}},"4":{"start":{"line":8,"column":0},"end":{"line":8,"column":60}},"5":{"start":{"line":10,"column":0},"end":{"line":10,"column":35}},"6":{"start":{"line":12,"column":0},"end":{"line":12,"column":48}},"7":{"start":{"line":14,"column":0},"end":{"line":14,"column":39}},"8":{"start":{"line":16,"column":0},"end":{"line":16,"column":52}},"9":{"start":{"line":18,"column":0},"end":{"line":18,"column":33}},"10":{"start":{"line":20,"column":0},"end":{"line":20,"column":46}},"11":{"start":{"line":22,"column":0},"end":{"line":22,"column":35}},"12":{"start":{"line":24,"column":0},"end":{"line":24,"column":48}},"13":{"start":{"line":26,"column":0},"end":{"line":26,"column":47}},"14":{"start":{"line":28,"column":0},"end":{"line":28,"column":60}},"15":{"start":{"line":30,"column":0},"end":{"line":30,"column":35}},"16":{"start":{"line":32,"column":0},"end":{"line":32,"column":48}},"17":{"start":{"line":34,"column":0},"end":{"line":34,"column":41}},"18":{"start":{"line":36,"column":0},"end":{"line":36,"column":54}},"19":{"start":{"line":38,"column":0},"end":{"line":38,"column":43}},"20":{"start":{"line":40,"column":0},"end":{"line":40,"column":56}},"21":{"start":{"line":42,"column":0},"end":{"line":42,"column":95}},"22":{"start":{"line":42,"column":39},"end":{"line":42,"column":93}},"23":{"start":{"line":44,"column":0},"end":{"line":44,"column":46}},"24":{"start":{"line":45,"column":0},"end":{"line":45,"column":34}},"25":{"start":{"line":46,"column":0},"end":{"line":46,"column":38}},"26":{"start":{"line":47,"column":0},"end":{"line":47,"column":32}},"27":{"start":{"line":48,"column":0},"end":{"line":48,"column":34}},"28":{"start":{"line":49,"column":0},"end":{"line":49,"column":46}},"29":{"start":{"line":50,"column":0},"end":{"line":50,"column":34}},"30":{"start":{"line":51,"column":0},"end":{"line":51,"column":40}},"31":{"start":{"line":52,"column":0},"end":{"line":52,"column":42}}},"branchMap":{"1":{"line":42,"type":"cond-expr","locations":[{"start":{"line":42,"column":70},"end":{"line":42,"column":73}},{"start":{"line":42,"column":76},"end":{"line":42,"column":92}}]},"2":{"line":42,"type":"binary-expr","locations":[{"start":{"line":42,"column":46},"end":{"line":42,"column":49}},{"start":{"line":42,"column":53},"end":{"line":42,"column":67}}]}},"code":["'use strict';","","exports.__esModule = true;","exports.withRouter = exports.matchPath = exports.Switch = exports.StaticRouter = exports.Router = exports.Route = exports.Redirect = exports.Prompt = exports.MemoryRouter = undefined;","","var _MemoryRouter2 = require('./MemoryRouter');","","var _MemoryRouter3 = _interopRequireDefault(_MemoryRouter2);","","var _Prompt2 = require('./Prompt');","","var _Prompt3 = _interopRequireDefault(_Prompt2);","","var _Redirect2 = require('./Redirect');","","var _Redirect3 = _interopRequireDefault(_Redirect2);","","var _Route2 = require('./Route');","","var _Route3 = _interopRequireDefault(_Route2);","","var _Router2 = require('./Router');","","var _Router3 = _interopRequireDefault(_Router2);","","var _StaticRouter2 = require('./StaticRouter');","","var _StaticRouter3 = _interopRequireDefault(_StaticRouter2);","","var _Switch2 = require('./Switch');","","var _Switch3 = _interopRequireDefault(_Switch2);","","var _matchPath2 = require('./matchPath');","","var _matchPath3 = _interopRequireDefault(_matchPath2);","","var _withRouter2 = require('./withRouter');","","var _withRouter3 = _interopRequireDefault(_withRouter2);","","function _interopRequireDefault(obj) { return obj && obj.__esModule ? obj : { default: obj }; }","","exports.MemoryRouter = _MemoryRouter3.default;","exports.Prompt = _Prompt3.default;","exports.Redirect = _Redirect3.default;","exports.Route = _Route3.default;","exports.Router = _Router3.default;","exports.StaticRouter = _StaticRouter3.default;","exports.Switch = _Switch3.default;","exports.matchPath = _matchPath3.default;","exports.withRouter = _withRouter3.default;"],"l":{"3":1,"4":1,"6":1,"8":1,"10":1,"12":1,"14":1,"16":1,"18":1,"20":1,"22":1,"24":1,"26":1,"28":1,"30":1,"32":1,"34":1,"36":1,"38":1,"40":1,"42":9,"44":1,"45":1,"46":1,"47":1,"48":1,"49":1,"50":1,"51":1,"52":1}},"/home/travis/build/npmtest/node-npmtest-react-router/node_modules/react-router/MemoryRouter.js":{"path":"/home/travis/build/npmtest/node-npmtest-react-router/node_modules/react-router/MemoryRouter.js","s":{"1":1,"2":1,"3":1,"4":1,"5":1,"6":1,"7":1,"8":1,"9":1,"10":1,"11":4,"12":1,"13":0,"14":0,"15":1,"16":0,"17":0,"18":0,"19":1,"20":1,"21":0,"22":1,"23":1,"24":1,"25":1,"26":1,"27":1,"28":0,"29":0,"30":0,"31":0,"32":0,"33":1,"34":0,"35":1,"36":1,"37":1},"b":{"1":[2,2],"2":[4,4],"3":[0,0],"4":[0,0],"5":[0,0],"6":[0,0,0],"7":[0,1],"8":[1,0],"9":[1,1],"10":[1,0],"11":[1,0]},"f":{"1":4,"2":0,"3":0,"4":1,"5":1,"6":0,"7":0},"fnMap":{"1":{"name":"_interopRequireDefault","line":21,"loc":{"start":{"line":21,"column":0},"end":{"line":21,"column":37}}},"2":{"name":"_classCallCheck","line":23,"loc":{"start":{"line":23,"column":0},"end":{"line":23,"column":48}}},"3":{"name":"_possibleConstructorReturn","line":25,"loc":{"start":{"line":25,"column":0},"end":{"line":25,"column":48}}},"4":{"name":"_inherits","line":27,"loc":{"start":{"line":27,"column":0},"end":{"line":27,"column":41}}},"5":{"name":"(anonymous_5)","line":32,"loc":{"start":{"line":32,"column":19},"end":{"line":32,"column":47}}},"6":{"name":"MemoryRouter","line":35,"loc":{"start":{"line":35,"column":2},"end":{"line":35,"column":26}}},"7":{"name":"render","line":47,"loc":{"start":{"line":47,"column":34},"end":{"line":47,"column":52}}}},"statementMap":{"1":{"start":{"line":3,"column":0},"end":{"line":3,"column":26}},"2":{"start":{"line":5,"column":0},"end":{"line":5,"column":30}},"3":{"start":{"line":7,"column":0},"end":{"line":7,"column":45}},"4":{"start":{"line":9,"column":0},"end":{"line":9,"column":39}},"5":{"start":{"line":11,"column":0},"end":{"line":11,"column":53}},"6":{"start":{"line":13,"column":0},"end":{"line":13,"column":66}},"7":{"start":{"line":15,"column":0},"end":{"line":15,"column":73}},"8":{"start":{"line":17,"column":0},"end":{"line":17,"column":34}},"9":{"start":{"line":19,"column":0},"end":{"line":19,"column":47}},"10":{"start":{"line":21,"column":0},"end":{"line":21,"column":95}},"11":{"start":{"line":21,"column":39},"end":{"line":21,"column":93}},"12":{"start":{"line":23,"column":0},"end":{"line":23,"column":153}},"13":{"start":{"line":23,"column":50},"end":{"line":23,"column":151}},"14":{"start":{"line":23,"column":92},"end":{"line":23,"column":149}},"15":{"start":{"line":25,"column":0},"end":{"line":25,"column":240}},"16":{"start":{"line":25,"column":50},"end":{"line":25,"column":151}},"17":{"start":{"line":25,"column":63},"end":{"line":25,"column":149}},"18":{"start":{"line":25,"column":152},"end":{"line":25,"column":238}},"19":{"start":{"line":27,"column":0},"end":{"line":27,"column":494}},"20":{"start":{"line":27,"column":43},"end":{"line":27,"column":208}},"21":{"start":{"line":27,"column":106},"end":{"line":27,"column":206}},"22":{"start":{"line":27,"column":209},"end":{"line":27,"column":373}},"23":{"start":{"line":27,"column":374},"end":{"line":27,"column":492}},"24":{"start":{"line":27,"column":390},"end":{"line":27,"column":492}},"25":{"start":{"line":32,"column":0},"end":{"line":52,"column":29}},"26":{"start":{"line":33,"column":2},"end":{"line":33,"column":44}},"27":{"start":{"line":35,"column":2},"end":{"line":45,"column":3}},"28":{"start":{"line":36,"column":4},"end":{"line":36,"column":27}},"29":{"start":{"line":38,"column":4},"end":{"line":38,"column":40}},"30":{"start":{"line":40,"column":4},"end":{"line":42,"column":5}},"31":{"start":{"line":41,"column":6},"end":{"line":41,"column":35}},"32":{"start":{"line":44,"column":4},"end":{"line":44,"column":259}},"33":{"start":{"line":47,"column":2},"end":{"line":49,"column":4}},"34":{"start":{"line":48,"column":4},"end":{"line":48,"column":117}},"35":{"start":{"line":51,"column":2},"end":{"line":51,"column":22}},"36":{"start":{"line":54,"column":0},"end":{"line":60,"column":2}},"37":{"start":{"line":61,"column":0},"end":{"line":61,"column":31}}},"branchMap":{"1":{"line":21,"type":"cond-expr","locations":[{"start":{"line":21,"column":70},"end":{"line":21,"column":73}},{"start":{"line":21,"column":76},"end":{"line":21,"column":92}}]},"2":{"line":21,"type":"binary-expr","locations":[{"start":{"line":21,"column":46},"end":{"line":21,"column":49}},{"start":{"line":21,"column":53},"end":{"line":21,"column":67}}]},"3":{"line":23,"type":"if","locations":[{"start":{"line":23,"column":50},"end":{"line":23,"column":50}},{"start":{"line":23,"column":50},"end":{"line":23,"column":50}}]},"4":{"line":25,"type":"if","locations":[{"start":{"line":25,"column":50},"end":{"line":25,"column":50}},{"start":{"line":25,"column":50},"end":{"line":25,"column":50}}]},"5":{"line":25,"type":"cond-expr","locations":[{"start":{"line":25,"column":226},"end":{"line":25,"column":230}},{"start":{"line":25,"column":233},"end":{"line":25,"column":237}}]},"6":{"line":25,"type":"binary-expr","locations":[{"start":{"line":25,"column":159},"end":{"line":25,"column":163}},{"start":{"line":25,"column":168},"end":{"line":25,"column":192}},{"start":{"line":25,"column":196},"end":{"line":25,"column":222}}]},"7":{"line":27,"type":"if","locations":[{"start":{"line":27,"column":43},"end":{"line":27,"column":43}},{"start":{"line":27,"column":43},"end":{"line":27,"column":43}}]},"8":{"line":27,"type":"binary-expr","locations":[{"start":{"line":27,"column":47},"end":{"line":27,"column":79}},{"start":{"line":27,"column":83},"end":{"line":27,"column":102}}]},"9":{"line":27,"type":"binary-expr","locations":[{"start":{"line":27,"column":244},"end":{"line":27,"column":254}},{"start":{"line":27,"column":258},"end":{"line":27,"column":278}}]},"10":{"line":27,"type":"if","locations":[{"start":{"line":27,"column":374},"end":{"line":27,"column":374}},{"start":{"line":27,"column":374},"end":{"line":27,"column":374}}]},"11":{"line":27,"type":"cond-expr","locations":[{"start":{"line":27,"column":414},"end":{"line":27,"column":457}},{"start":{"line":27,"column":460},"end":{"line":27,"column":491}}]}},"code":["'use strict';","","exports.__esModule = true;","","var _react = require('react');","","var _react2 = _interopRequireDefault(_react);","","var _propTypes = require('prop-types');","","var _propTypes2 = _interopRequireDefault(_propTypes);","","var _createMemoryHistory = require('history/createMemoryHistory');","","var _createMemoryHistory2 = _interopRequireDefault(_createMemoryHistory);","","var _Router = require('./Router');","","var _Router2 = _interopRequireDefault(_Router);","","function _interopRequireDefault(obj) { return obj && obj.__esModule ? obj : { default: obj }; }","","function _classCallCheck(instance, Constructor) { if (!(instance instanceof Constructor)) { throw new TypeError(\"Cannot call a class as a function\"); } }","","function _possibleConstructorReturn(self, call) { if (!self) { throw new ReferenceError(\"this hasn't been initialised - super() hasn't been called\"); } return call && (typeof call === \"object\" || typeof call === \"function\") ? call : self; }","","function _inherits(subClass, superClass) { if (typeof superClass !== \"function\" && superClass !== null) { throw new TypeError(\"Super expression must either be null or a function, not \" + typeof superClass); } subClass.prototype = Object.create(superClass && superClass.prototype, { constructor: { value: subClass, enumerable: false, writable: true, configurable: true } }); if (superClass) Object.setPrototypeOf ? Object.setPrototypeOf(subClass, superClass) : subClass.__proto__ = superClass; }","","/**"," * The public API for a <Router> that stores location in memory."," */","var MemoryRouter = function (_React$Component) {","  _inherits(MemoryRouter, _React$Component);","","  function MemoryRouter() {","    var _temp, _this, _ret;","","    _classCallCheck(this, MemoryRouter);","","    for (var _len = arguments.length, args = Array(_len), _key = 0; _key < _len; _key++) {","      args[_key] = arguments[_key];","    }","","    return _ret = (_temp = (_this = _possibleConstructorReturn(this, _React$Component.call.apply(_React$Component, [this].concat(args))), _this), _this.history = (0, _createMemoryHistory2.default)(_this.props), _temp), _possibleConstructorReturn(_this, _ret);","  }","","  MemoryRouter.prototype.render = function render() {","    return _react2.default.createElement(_Router2.default, { history: this.history, children: this.props.children });","  };","","  return MemoryRouter;","}(_react2.default.Component);","","MemoryRouter.propTypes = {","  initialEntries: _propTypes2.default.array,","  initialIndex: _propTypes2.default.number,","  getUserConfirmation: _propTypes2.default.func,","  keyLength: _propTypes2.default.number,","  children: _propTypes2.default.node","};","exports.default = MemoryRouter;"],"l":{"3":1,"5":1,"7":1,"9":1,"11":1,"13":1,"15":1,"17":1,"19":1,"21":4,"23":1,"25":1,"27":1,"32":1,"33":1,"35":1,"36":0,"38":0,"40":0,"41":0,"44":0,"47":1,"48":0,"51":1,"54":1,"61":1}},"/home/travis/build/npmtest/node-npmtest-react-router/node_modules/react-router/Router.js":{"path":"/home/travis/build/npmtest/node-npmtest-react-router/node_modules/react-router/Router.js","s":{"1":1,"2":1,"3":0,"4":0,"5":0,"6":0,"7":0,"8":0,"9":1,"10":1,"11":1,"12":1,"13":1,"14":1,"15":1,"16":1,"17":1,"18":4,"19":1,"20":0,"21":0,"22":1,"23":0,"24":0,"25":0,"26":1,"27":1,"28":0,"29":1,"30":1,"31":1,"32":1,"33":1,"34":1,"35":0,"36":0,"37":0,"38":0,"39":0,"40":1,"41":0,"42":1,"43":0,"44":1,"45":0,"46":0,"47":0,"48":0,"49":0,"50":1,"51":0,"52":1,"53":0,"54":1,"55":0,"56":0,"57":1,"58":1,"59":1,"60":1,"61":1},"b":{"1":[1,0],"2":[0,0],"3":[0,4],"4":[4,4],"5":[0,0],"6":[0,0],"7":[0,0],"8":[0,0,0],"9":[0,1],"10":[1,0],"11":[1,1],"12":[1,0],"13":[1,0],"14":[0,0],"15":[0,0]},"f":{"1":0,"2":4,"3":0,"4":0,"5":1,"6":1,"7":0,"8":0,"9":0,"10":0,"11":0,"12":0,"13":0,"14":0},"fnMap":{"1":{"name":"(anonymous_1)","line":5,"loc":{"start":{"line":5,"column":32},"end":{"line":5,"column":50}}},"2":{"name":"_interopRequireDefault","line":23,"loc":{"start":{"line":23,"column":0},"end":{"line":23,"column":37}}},"3":{"name":"_classCallCheck","line":25,"loc":{"start":{"line":25,"column":0},"end":{"line":25,"column":48}}},"4":{"name":"_possibleConstructorReturn","line":27,"loc":{"start":{"line":27,"column":0},"end":{"line":27,"column":48}}},"5":{"name":"_inherits","line":29,"loc":{"start":{"line":29,"column":0},"end":{"line":29,"column":41}}},"6":{"name":"(anonymous_6)","line":34,"loc":{"start":{"line":34,"column":13},"end":{"line":34,"column":41}}},"7":{"name":"Router","line":37,"loc":{"start":{"line":37,"column":2},"end":{"line":37,"column":20}}},"8":{"name":"getChildContext","line":51,"loc":{"start":{"line":51,"column":37},"end":{"line":51,"column":64}}},"9":{"name":"computeMatch","line":63,"loc":{"start":{"line":63,"column":34},"end":{"line":63,"column":66}}},"10":{"name":"componentWillMount","line":72,"loc":{"start":{"line":72,"column":40},"end":{"line":72,"column":70}}},"11":{"name":"(anonymous_11)","line":85,"loc":{"start":{"line":85,"column":35},"end":{"line":85,"column":47}}},"12":{"name":"componentWillReceiveProps","line":92,"loc":{"start":{"line":92,"column":47},"end":{"line":92,"column":93}}},"13":{"name":"componentWillUnmount","line":96,"loc":{"start":{"line":96,"column":42},"end":{"line":96,"column":74}}},"14":{"name":"render","line":100,"loc":{"start":{"line":100,"column":28},"end":{"line":100,"column":46}}}},"statementMap":{"1":{"start":{"line":3,"column":0},"end":{"line":3,"column":26}},"2":{"start":{"line":5,"column":0},"end":{"line":5,"column":257}},"3":{"start":{"line":5,"column":52},"end":{"line":5,"column":239}},"4":{"start":{"line":5,"column":97},"end":{"line":5,"column":123}},"5":{"start":{"line":5,"column":124},"end":{"line":5,"column":237}},"6":{"start":{"line":5,"column":150},"end":{"line":5,"column":235}},"7":{"start":{"line":5,"column":207},"end":{"line":5,"column":233}},"8":{"start":{"line":5,"column":240},"end":{"line":5,"column":254}},"9":{"start":{"line":7,"column":0},"end":{"line":7,"column":34}},"10":{"start":{"line":9,"column":0},"end":{"line":9,"column":49}},"11":{"start":{"line":11,"column":0},"end":{"line":11,"column":38}},"12":{"start":{"line":13,"column":0},"end":{"line":13,"column":53}},"13":{"start":{"line":15,"column":0},"end":{"line":15,"column":30}},"14":{"start":{"line":17,"column":0},"end":{"line":17,"column":45}},"15":{"start":{"line":19,"column":0},"end":{"line":19,"column":39}},"16":{"start":{"line":21,"column":0},"end":{"line":21,"column":53}},"17":{"start":{"line":23,"column":0},"end":{"line":23,"column":95}},"18":{"start":{"line":23,"column":39},"end":{"line":23,"column":93}},"19":{"start":{"line":25,"column":0},"end":{"line":25,"column":153}},"20":{"start":{"line":25,"column":50},"end":{"line":25,"column":151}},"21":{"start":{"line":25,"column":92},"end":{"line":25,"column":149}},"22":{"start":{"line":27,"column":0},"end":{"line":27,"column":240}},"23":{"start":{"line":27,"column":50},"end":{"line":27,"column":151}},"24":{"start":{"line":27,"column":63},"end":{"line":27,"column":149}},"25":{"start":{"line":27,"column":152},"end":{"line":27,"column":238}},"26":{"start":{"line":29,"column":0},"end":{"line":29,"column":494}},"27":{"start":{"line":29,"column":43},"end":{"line":29,"column":208}},"28":{"start":{"line":29,"column":106},"end":{"line":29,"column":206}},"29":{"start":{"line":29,"column":209},"end":{"line":29,"column":373}},"30":{"start":{"line":29,"column":374},"end":{"line":29,"column":492}},"31":{"start":{"line":29,"column":390},"end":{"line":29,"column":492}},"32":{"start":{"line":34,"column":0},"end":{"line":107,"column":29}},"33":{"start":{"line":35,"column":2},"end":{"line":35,"column":38}},"34":{"start":{"line":37,"column":2},"end":{"line":49,"column":3}},"35":{"start":{"line":38,"column":4},"end":{"line":38,"column":27}},"36":{"start":{"line":40,"column":4},"end":{"line":40,"column":34}},"37":{"start":{"line":42,"column":4},"end":{"line":44,"column":5}},"38":{"start":{"line":43,"column":6},"end":{"line":43,"column":35}},"39":{"start":{"line":46,"column":4},"end":{"line":48,"column":55}},"40":{"start":{"line":51,"column":2},"end":{"line":61,"column":4}},"41":{"start":{"line":52,"column":4},"end":{"line":60,"column":6}},"42":{"start":{"line":63,"column":2},"end":{"line":70,"column":4}},"43":{"start":{"line":64,"column":4},"end":{"line":69,"column":6}},"44":{"start":{"line":72,"column":2},"end":{"line":90,"column":4}},"45":{"start":{"line":73,"column":4},"end":{"line":73,"column":22}},"46":{"start":{"line":75,"column":4},"end":{"line":77,"column":33}},"47":{"start":{"line":80,"column":4},"end":{"line":80,"column":143}},"48":{"start":{"line":85,"column":4},"end":{"line":89,"column":7}},"49":{"start":{"line":86,"column":6},"end":{"line":88,"column":9}},"50":{"start":{"line":92,"column":2},"end":{"line":94,"column":4}},"51":{"start":{"line":93,"column":4},"end":{"line":93,"column":107}},"52":{"start":{"line":96,"column":2},"end":{"line":98,"column":4}},"53":{"start":{"line":97,"column":4},"end":{"line":97,"column":20}},"54":{"start":{"line":100,"column":2},"end":{"line":104,"column":4}},"55":{"start":{"line":101,"column":4},"end":{"line":101,"column":39}},"56":{"start":{"line":103,"column":4},"end":{"line":103,"column":69}},"57":{"start":{"line":106,"column":2},"end":{"line":106,"column":16}},"58":{"start":{"line":109,"column":0},"end":{"line":112,"column":2}},"59":{"start":{"line":113,"column":0},"end":{"line":115,"column":2}},"60":{"start":{"line":116,"column":0},"end":{"line":118,"column":2}},"61":{"start":{"line":119,"column":0},"end":{"line":119,"column":25}}},"branchMap":{"1":{"line":5,"type":"binary-expr","locations":[{"start":{"line":5,"column":15},"end":{"line":5,"column":28}},{"start":{"line":5,"column":32},"end":{"line":5,"column":256}}]},"2":{"line":5,"type":"if","locations":[{"start":{"line":5,"column":150},"end":{"line":5,"column":150}},{"start":{"line":5,"column":150},"end":{"line":5,"column":150}}]},"3":{"line":23,"type":"cond-expr","locations":[{"start":{"line":23,"column":70},"end":{"line":23,"column":73}},{"start":{"line":23,"column":76},"end":{"line":23,"column":92}}]},"4":{"line":23,"type":"binary-expr","locations":[{"start":{"line":23,"column":46},"end":{"line":23,"column":49}},{"start":{"line":23,"column":53},"end":{"line":23,"column":67}}]},"5":{"line":25,"type":"if","locations":[{"start":{"line":25,"column":50},"end":{"line":25,"column":50}},{"start":{"line":25,"column":50},"end":{"line":25,"column":50}}]},"6":{"line":27,"type":"if","locations":[{"start":{"line":27,"column":50},"end":{"line":27,"column":50}},{"start":{"line":27,"column":50},"end":{"line":27,"column":50}}]},"7":{"line":27,"type":"cond-expr","locations":[{"start":{"line":27,"column":226},"end":{"line":27,"column":230}},{"start":{"line":27,"column":233},"end":{"line":27,"column":237}}]},"8":{"line":27,"type":"binary-expr","locations":[{"start":{"line":27,"column":159},"end":{"line":27,"column":163}},{"start":{"line":27,"column":168},"end":{"line":27,"column":192}},{"start":{"line":27,"column":196},"end":{"line":27,"column":222}}]},"9":{"line":29,"type":"if","locations":[{"start":{"line":29,"column":43},"end":{"line":29,"column":43}},{"start":{"line":29,"column":43},"end":{"line":29,"column":43}}]},"10":{"line":29,"type":"binary-expr","locations":[{"start":{"line":29,"column":47},"end":{"line":29,"column":79}},{"start":{"line":29,"column":83},"end":{"line":29,"column":102}}]},"11":{"line":29,"type":"binary-expr","locations":[{"start":{"line":29,"column":244},"end":{"line":29,"column":254}},{"start":{"line":29,"column":258},"end":{"line":29,"column":278}}]},"12":{"line":29,"type":"if","locations":[{"start":{"line":29,"column":374},"end":{"line":29,"column":374}},{"start":{"line":29,"column":374},"end":{"line":29,"column":374}}]},"13":{"line":29,"type":"cond-expr","locations":[{"start":{"line":29,"column":414},"end":{"line":29,"column":457}},{"start":{"line":29,"column":460},"end":{"line":29,"column":491}}]},"14":{"line":80,"type":"binary-expr","locations":[{"start":{"line":80,"column":29},"end":{"line":80,"column":45}},{"start":{"line":80,"column":49},"end":{"line":80,"column":95}}]},"15":{"line":103,"type":"cond-expr","locations":[{"start":{"line":103,"column":22},"end":{"line":103,"column":61}},{"start":{"line":103,"column":64},"end":{"line":103,"column":68}}]}},"code":["'use strict';","","exports.__esModule = true;","","var _extends = Object.assign || function (target) { for (var i = 1; i < arguments.length; i++) { var source = arguments[i]; for (var key in source) { if (Object.prototype.hasOwnProperty.call(source, key)) { target[key] = source[key]; } } } return target; };","","var _warning = require('warning');","","var _warning2 = _interopRequireDefault(_warning);","","var _invariant = require('invariant');","","var _invariant2 = _interopRequireDefault(_invariant);","","var _react = require('react');","","var _react2 = _interopRequireDefault(_react);","","var _propTypes = require('prop-types');","","var _propTypes2 = _interopRequireDefault(_propTypes);","","function _interopRequireDefault(obj) { return obj && obj.__esModule ? obj : { default: obj }; }","","function _classCallCheck(instance, Constructor) { if (!(instance instanceof Constructor)) { throw new TypeError(\"Cannot call a class as a function\"); } }","","function _possibleConstructorReturn(self, call) { if (!self) { throw new ReferenceError(\"this hasn't been initialised - super() hasn't been called\"); } return call && (typeof call === \"object\" || typeof call === \"function\") ? call : self; }","","function _inherits(subClass, superClass) { if (typeof superClass !== \"function\" && superClass !== null) { throw new TypeError(\"Super expression must either be null or a function, not \" + typeof superClass); } subClass.prototype = Object.create(superClass && superClass.prototype, { constructor: { value: subClass, enumerable: false, writable: true, configurable: true } }); if (superClass) Object.setPrototypeOf ? Object.setPrototypeOf(subClass, superClass) : subClass.__proto__ = superClass; }","","/**"," * The public API for putting history on context."," */","var Router = function (_React$Component) {","  _inherits(Router, _React$Component);","","  function Router() {","    var _temp, _this, _ret;","","    _classCallCheck(this, Router);","","    for (var _len = arguments.length, args = Array(_len), _key = 0; _key < _len; _key++) {","      args[_key] = arguments[_key];","    }","","    return _ret = (_temp = (_this = _possibleConstructorReturn(this, _React$Component.call.apply(_React$Component, [this].concat(args))), _this), _this.state = {","      match: _this.computeMatch(_this.props.history.location.pathname)","    }, _temp), _possibleConstructorReturn(_this, _ret);","  }","","  Router.prototype.getChildContext = function getChildContext() {","    return {","      router: _extends({}, this.context.router, {","        history: this.props.history,","        route: {","          location: this.props.history.location,","          match: this.state.match","        }","      })","    };","  };","","  Router.prototype.computeMatch = function computeMatch(pathname) {","    return {","      path: '/',","      url: '/',","      params: {},","      isExact: pathname === '/'","    };","  };","","  Router.prototype.componentWillMount = function componentWillMount() {","    var _this2 = this;","","    var _props = this.props,","        children = _props.children,","        history = _props.history;","","","    (0, _invariant2.default)(children == null || _react2.default.Children.count(children) === 1, 'A <Router> may have only one child element');","","    // Do this here so we can setState when a <Redirect> changes the","    // location in componentWillMount. This happens e.g. when doing","    // server rendering using a <StaticRouter>.","    this.unlisten = history.listen(function () {","      _this2.setState({","        match: _this2.computeMatch(history.location.pathname)","      });","    });","  };","","  Router.prototype.componentWillReceiveProps = function componentWillReceiveProps(nextProps) {","    (0, _warning2.default)(this.props.history === nextProps.history, 'You cannot change <Router history>');","  };","","  Router.prototype.componentWillUnmount = function componentWillUnmount() {","    this.unlisten();","  };","","  Router.prototype.render = function render() {","    var children = this.props.children;","","    return children ? _react2.default.Children.only(children) : null;","  };","","  return Router;","}(_react2.default.Component);","","Router.propTypes = {","  history: _propTypes2.default.object.isRequired,","  children: _propTypes2.default.node","};","Router.contextTypes = {","  router: _propTypes2.default.object","};","Router.childContextTypes = {","  router: _propTypes2.default.object.isRequired","};","exports.default = Router;"],"l":{"3":1,"5":1,"7":1,"9":1,"11":1,"13":1,"15":1,"17":1,"19":1,"21":1,"23":4,"25":1,"27":1,"29":1,"34":1,"35":1,"37":1,"38":0,"40":0,"42":0,"43":0,"46":0,"51":1,"52":0,"63":1,"64":0,"72":1,"73":0,"75":0,"80":0,"85":0,"86":0,"92":1,"93":0,"96":1,"97":0,"100":1,"101":0,"103":0,"106":1,"109":1,"113":1,"116":1,"119":1}},"/home/travis/build/npmtest/node-npmtest-react-router/node_modules/react-router/Prompt.js":{"path":"/home/travis/build/npmtest/node-npmtest-react-router/node_modules/react-router/Prompt.js","s":{"1":1,"2":1,"3":1,"4":1,"5":1,"6":1,"7":2,"8":1,"9":0,"10":0,"11":1,"12":0,"13":0,"14":0,"15":1,"16":1,"17":0,"18":1,"19":1,"20":1,"21":1,"22":1,"23":1,"24":0,"25":0,"26":1,"27":0,"28":0,"29":0,"30":1,"31":0,"32":0,"33":0,"34":1,"35":0,"36":0,"37":1,"38":0,"39":0,"40":0,"41":0,"42":1,"43":0,"44":1,"45":0,"46":1,"47":1,"48":1,"49":1,"50":1},"b":{"1":[0,2],"2":[2,2],"3":[0,0],"4":[0,0],"5":[0,0],"6":[0,0,0],"7":[0,1],"8":[1,0],"9":[1,1],"10":[1,0],"11":[1,0],"12":[0,0],"13":[0,0],"14":[0,0],"15":[0,0],"16":[0,0],"17":[0,0]},"f":{"1":2,"2":0,"3":0,"4":1,"5":1,"6":0,"7":0,"8":0,"9":0,"10":0,"11":0,"12":0},"fnMap":{"1":{"name":"_interopRequireDefault","line":13,"loc":{"start":{"line":13,"column":0},"end":{"line":13,"column":37}}},"2":{"name":"_classCallCheck","line":15,"loc":{"start":{"line":15,"column":0},"end":{"line":15,"column":48}}},"3":{"name":"_possibleConstructorReturn","line":17,"loc":{"start":{"line":17,"column":0},"end":{"line":17,"column":48}}},"4":{"name":"_inherits","line":19,"loc":{"start":{"line":19,"column":0},"end":{"line":19,"column":41}}},"5":{"name":"(anonymous_5)","line":25,"loc":{"start":{"line":25,"column":13},"end":{"line":25,"column":41}}},"6":{"name":"Prompt","line":28,"loc":{"start":{"line":28,"column":2},"end":{"line":28,"column":20}}},"7":{"name":"enable","line":34,"loc":{"start":{"line":34,"column":28},"end":{"line":34,"column":53}}},"8":{"name":"disable","line":40,"loc":{"start":{"line":40,"column":29},"end":{"line":40,"column":48}}},"9":{"name":"componentWillMount","line":47,"loc":{"start":{"line":47,"column":40},"end":{"line":47,"column":70}}},"10":{"name":"componentWillReceiveProps","line":5
[...]
eLocation(object) {","\t  var _object$pathname = object.pathname,","\t      pathname = _object$pathname === undefined ? '/' : _object$pathname,","\t      _object$search = object.search,","\t      search = _object$search === undefined ? '' : _object$search,","\t      _object$hash = object.hash,","\t      hash = _object$hash === undefined ? '' : _object$hash;","","","\t  return {","\t    pathname: pathname,","\t    search: search === '?' ? '' : search,","\t    hash: hash === '#' ? '' : hash","\t  };","\t};","","\tvar addBasename = function addBasename(basename, location) {","\t  if (!basename) return location;","","\t  return _extends({}, location, {","\t    pathname: (0, _PathUtils.addLeadingSlash)(basename) + location.pathname","\t  });","\t};","","\tvar stripBasename = function stripBasename(basename, location) {","\t  if (!basename) return location;","","\t  var base = (0, _PathUtils.addLeadingSlash)(basename);","","\t  if (location.pathname.indexOf(base) !== 0) return location;","","\t  return _extends({}, location, {","\t    pathname: location.pathname.substr(base.length)","\t  });","\t};","","\tvar createLocation = function createLocation(location) {","\t  return typeof location === 'string' ? (0, _PathUtils.parsePath)(location) : normalizeLocation(location);","\t};","","\tvar createURL = function createURL(location) {","\t  return typeof location === 'string' ? location : (0, _PathUtils.createPath)(location);","\t};","","\tvar staticHandler = function staticHandler(methodName) {","\t  return function () {","\t     true ?  false ? (0, _invariant2.default)(false, 'You cannot %s with <StaticRouter>', methodName) : (0, _invariant2.default)(false) : void 0;","\t  };","\t};","","\tvar noop = function noop() {};","","\t/**","\t * The public top-level API for a \"static\" <Router>, so-called because it","\t * can't actually change the current location. Instead, it just records","\t * location changes in a context object. Useful mainly in testing and","\t * server-rendering scenarios.","\t */","","\tvar StaticRouter = function (_React$Component) {","\t  _inherits(StaticRouter, _React$Component);","","\t  function StaticRouter() {","\t    var _temp, _this, _ret;","","\t    _classCallCheck(this, StaticRouter);","","\t    for (var _len = arguments.length, args = Array(_len), _key = 0; _key < _len; _key++) {","\t      args[_key] = arguments[_key];","\t    }","","\t    return _ret = (_temp = (_this = _possibleConstructorReturn(this, _React$Component.call.apply(_React$Component, [this].concat(args))), _this), _this.createHref = function (path) {","\t      return (0, _PathUtils.addLeadingSlash)(_this.props.basename + createURL(path));","\t    }, _this.handlePush = function (location) {","\t      var _this$props = _this.props,","\t          basename = _this$props.basename,","\t          context = _this$props.context;","","\t      context.action = 'PUSH';","\t      context.location = addBasename(basename, createLocation(location));","\t      context.url = createURL(context.location);","\t    }, _this.handleReplace = function (location) {","\t      var _this$props2 = _this.props,","\t          basename = _this$props2.basename,","\t          context = _this$props2.context;","","\t      context.action = 'REPLACE';","\t      context.location = addBasename(basename, createLocation(location));","\t      context.url = createURL(context.location);","\t    }, _this.handleListen = function () {","\t      return noop;","\t    }, _this.handleBlock = function () {","\t      return noop;","\t    }, _temp), _possibleConstructorReturn(_this, _ret);","\t  }","","\t  StaticRouter.prototype.getChildContext = function getChildContext() {","\t    return {","\t      router: {","\t        staticContext: this.props.context","\t      }","\t    };","\t  };","","\t  StaticRouter.prototype.render = function render() {","\t    var _props = this.props,","\t        basename = _props.basename,","\t        context = _props.context,","\t        location = _props.location,","\t        props = _objectWithoutProperties(_props, ['basename', 'context', 'location']);","","\t    var history = {","\t      createHref: this.createHref,","\t      action: 'POP',","\t      location: stripBasename(basename, createLocation(location)),","\t      push: this.handlePush,","\t      replace: this.handleReplace,","\t      go: staticHandler('go'),","\t      goBack: staticHandler('goBack'),","\t      goForward: staticHandler('goForward'),","\t      listen: this.handleListen,","\t      block: this.handleBlock","\t    };","","\t    return _react2.default.createElement(_Router2.default, _extends({}, props, { history: history }));","\t  };","","\t  return StaticRouter;","\t}(_react2.default.Component);","","\tStaticRouter.defaultProps = {","\t  basename: '',","\t  location: '/'","\t};","\tStaticRouter.childContextTypes = {","\t  router: _propTypes2.default.object.isRequired","\t};","\texports.default = StaticRouter;","","/***/ },","/* 23 */","/***/ function(module, exports, __webpack_require__) {","","\t'use strict';","","\texports.__esModule = true;","","\tvar _react = __webpack_require__(2);","","\tvar _react2 = _interopRequireDefault(_react);","","\tvar _propTypes = __webpack_require__(3);","","\tvar _propTypes2 = _interopRequireDefault(_propTypes);","","\tvar _warning = __webpack_require__(8);","","\tvar _warning2 = _interopRequireDefault(_warning);","","\tvar _matchPath = __webpack_require__(19);","","\tvar _matchPath2 = _interopRequireDefault(_matchPath);","","\tfunction _interopRequireDefault(obj) { return obj && obj.__esModule ? obj : { default: obj }; }","","\tfunction _classCallCheck(instance, Constructor) { if (!(instance instanceof Constructor)) { throw new TypeError(\"Cannot call a class as a function\"); } }","","\tfunction _possibleConstructorReturn(self, call) { if (!self) { throw new ReferenceError(\"this hasn't been initialised - super() hasn't been called\"); } return call && (typeof call === \"object\" || typeof call === \"function\") ? call : self; }","","\tfunction _inherits(subClass, superClass) { if (typeof superClass !== \"function\" && superClass !== null) { throw new TypeError(\"Super expression must either be null or a function, not \" + typeof superClass); } subClass.prototype = Object.create(superClass && superClass.prototype, { constructor: { value: subClass, enumerable: false, writable: true, configurable: true } }); if (superClass) Object.setPrototypeOf ? Object.setPrototypeOf(subClass, superClass) : subClass.__proto__ = superClass; }","","\t/**","\t * The public API for rendering the first <Route> that matches.","\t */","\tvar Switch = function (_React$Component) {","\t  _inherits(Switch, _React$Component);","","\t  function Switch() {","\t    _classCallCheck(this, Switch);","","\t    return _possibleConstructorReturn(this, _React$Component.apply(this, arguments));","\t  }","","\t  Switch.prototype.componentWillReceiveProps = function componentWillReceiveProps(nextProps) {","\t     false ? (0, _warning2.default)(!(nextProps.location && !this.props.location), '<Switch> elements should not change from uncontrolled to controlled (or vice versa). You initially used no \"location\" prop and then provided one on a subsequent render.') : void 0;","","\t     false ? (0, _warning2.default)(!(!nextProps.location && this.props.location), '<Switch> elements should not change from controlled to uncontrolled (or vice versa). You provided a \"location\" prop initially but omitted it on a subsequent render.') : void 0;","\t  };","","\t  Switch.prototype.render = function render() {","\t    var route = this.context.router.route;","\t    var children = this.props.children;","","\t    var location = this.props.location || route.location;","","\t    var match = void 0,","\t        child = void 0;","\t    _react2.default.Children.forEach(children, function (element) {","\t      if (!_react2.default.isValidElement(element)) return;","","\t      var _element$props = element.props,","\t          pathProp = _element$props.path,","\t          exact = _element$props.exact,","\t          strict = _element$props.strict,","\t          from = _element$props.from;","","\t      var path = pathProp || from;","","\t      if (match == null) {","\t        child = element;","\t        match = path ? (0, _matchPath2.default)(location.pathname, { path: path, exact: exact, strict: strict }) : route.match;","\t      }","\t    });","","\t    return match ? _react2.default.cloneElement(child, { location: location, computedMatch: match }) : null;","\t  };","","\t  return Switch;","\t}(_react2.default.Component);","","\tSwitch.contextTypes = {","\t  router: _propTypes2.default.shape({","\t    route: _propTypes2.default.object.isRequired","\t  }).isRequired","\t};","\texports.default = Switch;","","/***/ },","/* 24 */","/***/ function(module, exports, __webpack_require__) {","","\t'use strict';","","\texports.__esModule = true;","","\tvar _extends = Object.assign || function (target) { for (var i = 1; i < arguments.length; i++) { var source = arguments[i]; for (var key in source) { if (Object.prototype.hasOwnProperty.call(source, key)) { target[key] = source[key]; } } } return target; };","","\tvar _react = __webpack_require__(2);","","\tvar _react2 = _interopRequireDefault(_react);","","\tvar _propTypes = __webpack_require__(3);","","\tvar _propTypes2 = _interopRequireDefault(_propTypes);","","\tvar _hoistNonReactStatics = __webpack_require__(25);","","\tvar _hoistNonReactStatics2 = _interopRequireDefault(_hoistNonReactStatics);","","\tvar _Route = __webpack_require__(18);","","\tvar _Route2 = _interopRequireDefault(_Route);","","\tfunction _interopRequireDefault(obj) { return obj && obj.__esModule ? obj : { default: obj }; }","","\tfunction _objectWithoutProperties(obj, keys) { var target = {}; for (var i in obj) { if (keys.indexOf(i) >= 0) continue; if (!Object.prototype.hasOwnProperty.call(obj, i)) continue; target[i] = obj[i]; } return target; }","","\t/**","\t * A public higher-order component to access the imperative API","\t */","\tvar withRouter = function withRouter(Component) {","\t  var C = function C(props) {","\t    var wrappedComponentRef = props.wrappedComponentRef,","\t        remainingProps = _objectWithoutProperties(props, ['wrappedComponentRef']);","","\t    return _react2.default.createElement(_Route2.default, { render: function render(routeComponentProps) {","\t        return _react2.default.createElement(Component, _extends({}, remainingProps, routeComponentProps, { ref: wrappedComponentRef }));","\t      } });","\t  };","","\t  C.displayName = 'withRouter(' + (Component.displayName || Component.name) + ')';","\t  C.WrappedComponent = Component;","","","\t  return (0, _hoistNonReactStatics2.default)(C, Component);","\t};","","\texports.default = withRouter;","","/***/ },","/* 25 */","/***/ function(module, exports) {","","\t/**","\t * Copyright 2015, Yahoo! Inc.","\t * Copyrights licensed under the New BSD License. See the accompanying LICENSE file for terms.","\t */","\t'use strict';","","\tvar REACT_STATICS = {","\t    childContextTypes: true,","\t    contextTypes: true,","\t    defaultProps: true,","\t    displayName: true,","\t    getDefaultProps: true,","\t    mixins: true,","\t    propTypes: true,","\t    type: true","\t};","","\tvar KNOWN_STATICS = {","\t    name: true,","\t    length: true,","\t    prototype: true,","\t    caller: true,","\t    arguments: true,","\t    arity: true","\t};","","\tvar isGetOwnPropertySymbolsAvailable = typeof Object.getOwnPropertySymbols === 'function';","","\tmodule.exports = function hoistNonReactStatics(targetComponent, sourceComponent, customStatics) {","\t    if (typeof sourceComponent !== 'string') { // don't hoist over string (html) components","\t        var keys = Object.getOwnPropertyNames(sourceComponent);","","\t        /* istanbul ignore else */","\t        if (isGetOwnPropertySymbolsAvailable) {","\t            keys = keys.concat(Object.getOwnPropertySymbols(sourceComponent));","\t        }","","\t        for (var i = 0; i < keys.length; ++i) {","\t            if (!REACT_STATICS[keys[i]] && !KNOWN_STATICS[keys[i]] && (!customStatics || !customStatics[keys[i]])) {","\t                try {","\t                    targetComponent[keys[i]] = sourceComponent[keys[i]];","\t                } catch (error) {","","\t                }","\t            }","\t        }","\t    }","","\t    return targetComponent;","\t};","","","/***/ }","/******/ ])","});",";"],"l":{"1":1,"2":1,"3":1,"4":0,"5":0,"6":0,"7":0,"9":0,"11":1,"13":1,"16":1,"19":52,"20":26,"23":26,"30":26,"33":26,"36":26,"41":1,"44":1,"47":1,"50":1,"59":1,"60":1,"62":1,"64":1,"66":1,"68":1,"70":1,"72":1,"74":1,"76":1,"78":1,"80":1,"82":1,"84":1,"86":1,"88":1,"90":1,"92":1,"94":1,"96":1,"98":9,"100":1,"101":1,"102":1,"103":1,"104":1,"105":1,"106":1,"107":1,"108":1,"116":1,"118":1,"120":1,"122":1,"124":1,"126":1,"128":1,"130":1,"132":1,"134":4,"136":1,"138":1,"140":1,"145":1,"146":1,"148":1,"149":0,"151":0,"153":0,"154":0,"157":0,"160":1,"161":0,"164":1,"167":1,"173":1,"188":1,"189":0,"194":0,"195":0,"202":0,"203":0,"207":1,"226":1,"227":1,"229":1,"232":1,"233":0,"240":1,"241":1,"242":6,"244":1,"264":1,"265":1,"267":1,"288":1,"289":3,"290":0,"299":1,"301":1,"302":1,"303":1,"304":1,"305":1,"306":0,"308":1,"309":0,"312":1,"341":1,"343":1,"344":0,"345":0,"346":0,"351":1,"352":0,"354":0,"355":0,"356":0,"357":0,"359":0,"360":0,"361":0,"362":0,"364":0,"367":0,"368":0,"372":1,"380":1,"382":1,"384":1,"386":1,"388":1,"390":1,"392":1,"394":1,"396":1,"398":2,"400":1,"401":0,"407":1,"408":0,"409":0,"418":0,"420":0,"421":0,"423":0,"425":0,"428":0,"429":0,"432":0,"433":0,"434":0,"439":0,"441":0,"442":0,"444":0,"445":0,"447":0,"448":0,"450":0,"451":0,"453":0,"454":0,"455":0,"457":0,"460":0,"469":0,"470":0,"472":0,"473":0,"475":0,"476":0,"478":0,"480":0,"484":0,"485":0,"487":0,"488":0,"490":0,"491":0,"492":0,"500":0,"505":0,"506":0,"509":0,"510":0,"513":0,"514":0,"515":0,"518":0,"519":0,"520":0,"523":0,"524":0,"527":0,"544":0,"547":1,"571":1,"573":1,"574":0,"575":0,"576":0,"577":0,"578":0,"580":0,"581":0,"587":0,"588":0,"594":0,"595":0,"596":0,"598":0,"600":0,"601":0,"603":0,"606":0,"612":1,"621":1,"622":1,"623":0,"626":1,"627":0,"630":1,"631":0,"634":1,"635":0,"638":1,"639":0,"640":0,"641":0,"643":0,"644":0,"645":0,"646":0,"649":0,"650":0,"651":0,"652":0,"655":0,"657":0,"664":1,"665":0,"670":0,"672":0,"674":0,"676":0,"685":1,"686":1,"688":1,"690":1,"692":1,"694":1,"696":1,"698":1,"700":2,"702":1,"703":0,"704":0,"706":0,"707":0,"710":0,"712":0,"714":0,"715":0,"717":0,"720":0,"721":0,"723":0,"726":0,"729":0,"731":0,"733":0,"734":0,"735":0,"736":0,"740":0,"743":1,"744":0,"753":1,"754":0,"758":1,"759":0,"760":0,"761":0,"765":1,"766":0,"768":0,"769":0,"771":0,"772":0,"773":0,"775":0,"777":0,"778":0,"780":0,"781":0,"784":0,"786":0,"787":0,"788":0,"789":0,"791":0,"794":0,"795":0,"796":0,"798":0,"799":0,"800":0,"801":0,"802":0,"803":0,"804":0,"805":0,"809":0,"810":0,"811":0,"813":0,"815":0,"817":0,"820":1,"828":1,"830":1,"832":1,"833":0,"835":0,"837":0,"838":0,"840":0,"841":0,"845":0,"846":0,"848":0,"850":0,"851":0,"852":0,"854":0,"856":0,"857":0,"859":0,"861":0,"862":0,"866":0,"869":1,"877":1,"879":1,"881":1,"883":1,"885":1,"886":0,"888":0,"889":0,"891":0,"893":0,"894":0,"898":0,"902":0,"903":0,"905":0,"906":0,"907":0,"909":0,"911":0,"915":0,"918":0,"922":0,"924":0,"925":0,"927":0,"928":0,"931":0,"933":0,"934":0,"935":0,"936":0,"941":0,"942":0,"943":0,"946":0,"947":0,"951":0,"959":1,"967":1,"969":1,"971":1,"973":1,"975":1,"977":1,"979":1,"981":1,"983":1,"985":1,"987":4,"989":1,"991":1,"993":1,"998":1,"999":1,"1001":1,"1002":0,"1004":0,"1006":0,"1007":0,"1010":0,"1015":1,"1016":0,"1027":1,"1028":0,"1036":1,"1037":0,"1039":0,"1044":0,"1049":0,"1050":0,"1056":1,"1057":0,"1060":1,"1061":0,"1064":1,"1065":0,"1067":0,"1070":1,"1073":1,"1076":1,"1079":1,"1107":1,"1108":0,"1109":0,"1110":0,"1114":0,"1115":0,"1116":0,"1117":0,"1122":0,"1123":0,"1124":0,"1125":0,"1127":0,"1130":0,"1131":0,"1135":1,"1144":1,"1146":1,"1148":1,"1150":1,"1152":1,"1154":2,"1156":1,"1158":1,"1160":1,"1166":1,"1167":1,"1169":1,"1170":0,"1172":0,"1175":1,"1176":0,"1178":0,"1181":1,"1182":0,"1183":0,"1184":0,"1188":1,"1189":0,"1192":1,"1193":0,"1194":0,"1196":0,"1200":1,"1201":0,"1204":1,"1205":0,"1208":1,"1211":1,"1214":1,"1221":1,"1229":1,"1231":1,"1233":1,"1235":1,"1237":1,"1239":2,"1241":1,"1243":1,"1245":1,"1251":1,"1252":1,"1254":1,"1255":0,"1257":0,"1260":1,"1261":0,"1264":1,"1265":0,"1268":1,"1269":0,"1272":1,"1273":0,"1274":0,"1279":0,"1280":0,"1282":0,"1286":1,"1287":0,"1290":1,"1293":1,"1296":1,"1305":1,"1313":1,"1315":1,"1317":1,"1319":1,"1321":1,"1323":1,"1325":1,"1327":1,"1329":1,"1331":1,"1333":4,"1335":1,"1337":1,"1339":1,"1344":1,"1345":1,"1347":1,"1348":0,"1350":0,"1352":0,"1353":0,"1356":0,"1361":1,"1362":0,"1372":1,"1373":0,"1378":0,"1380":0,"1382":0,"1384":0,"1387":1,"1388":0,"1394":0,"1396":0,"1398":0,"1401":1,"1402":0,"1404":0,"1406":0,"1411":1,"1412":0,"1413":0,"1417":0,"1422":0,"1423":0,"1425":0,"1432":1,"1435":1,"1442":1,"1445":1,"1453":1,"1455":1,"1457":1,"1459":1,"1461":1,"1462":1,"1463":1,"1465":1,"1466":0,"1467":0,"1469":0,"1471":0,"1472":0,"1473":0,"1475":0,"1476":0,"1477":0,"1480":0,"1486":1,"1487":0,"1489":0,"1491":0,"1499":0,"1503":0,"1505":0,"1507":0,"1510":0,"1512":0,"1514":0,"1519":0,"1520":0,"1525":1,"1531":1,"1536":1,"1537":1,"1538":1,"1539":1,"1540":1,"1547":1,"1567":1,"1568":0,"1569":0,"1570":0,"1571":0,"1572":0,"1573":0,"1575":0,"1576":0,"1577":0,"1578":0,"1579":0,"1580":0,"1583":0,"1584":0,"1585":0,"1588":0,"1589":0,"1590":0,"1591":0,"1592":0,"1593":0,"1594":0,"1597":0,"1598":0,"1599":0,"1602":0,"1603":0,"1604":0,"1605":0,"1606":0,"1608":0,"1621":0,"1622":0,"1626":0,"1627":0,"1630":0,"1640":1,"1641":0,"1650":1,"1651":0,"1652":0,"1662":1,"1663":0,"1664":0,"1671":1,"1673":0,"1676":0,"1677":0,"1678":0,"1682":0,"1683":0,"1684":0,"1685":0,"1686":0,"1688":0,"1689":0,"1691":0,"1692":0,"1694":0,"1697":0,"1698":0,"1700":0,"1701":0,"1703":0,"1704":0,"1707":0,"1709":0,"1713":0,"1714":0,"1715":0,"1718":0,"1719":0,"1720":0,"1722":0,"1726":0,"1727":0,"1729":0,"1730":0,"1733":0,"1736":0,"1739":0,"1741":0,"1742":0,"1745":0,"1748":0,"1758":1,"1759":0,"1768":1,"1769":0,"1779":1,"1780":0,"1781":0,"1790":1,"1791":0,"1801":1,"1803":0,"1805":0,"1806":0,"1807":0,"1820":0,"1831":1,"1832":0,"1834":0,"1835":0,"1838":0,"1840":0,"1851":1,"1852":0,"1863":1,"1864":0,"1865":0,"1866":0,"1869":0,"1871":0,"1872":0,"1873":0,"1876":0,"1877":0,"1879":0,"1880":0,"1882":0,"1883":0,"1885":0,"1887":0,"1888":0,"1891":0,"1892":0,"1893":0,"1895":0,"1898":0,"1901":0,"1905":0,"1906":0,"1912":0,"1913":0,"1916":0,"1917":0,"1921":0,"1924":0,"1939":1,"1940":0,"1941":0,"1942":0,"1945":0,"1947":0,"1948":0,"1951":0,"1952":0,"1955":0,"1963":1,"1964":0,"1974":1,"1976":1,"1978":1,"1980":1,"1982":1,"1984":1,"1986":1,"1988":1,"1990":1,"1992":1,"1994":1,"1996":4,"1998":1,"2000":1,"2002":1,"2004":1,"2006":1,"2007":0,"2015":0,"2022":1,"2023":0,"2025":0,"2030":1,"2031":0,"2033":0,"2035":0,"2037":0,"2042":1,"2043":0,"2046":1,"2047":0,"2050":1,"2051":0,"2052":0,"2056":1,"2065":1,"2066":1,"2068":1,"2069":0,"2071":0,"2073":0,"2074":0,"2077":0,"2078":0,"2080":0,"2084":0,"2085":0,"2086":0,"2088":0,"2092":0,"2093":0,"2094":0,"2096":0,"2098":0,"2102":1,"2103":0,"2110":1,"2111":0,"2117":0,"2130":0,"2133":1,"2136":1,"2140":1,"2143":1,"2151":1,"2153":1,"2155":1,"2157":1,"2159":1,"2161":1,"2163":1,"2165":1,"2167":1,"2169":4,"2171":1,"2173":1,"2175":1,"2180":1,"2181":1,"2183":1,"2184":0,"2186":0,"2189":1,"2190":0,"2192":0,"2195":1,"2196":0,"2197":0,"2199":0,"2201":0,"2203":0,"2204":0,"2206":0,"2212":0,"2214":0,"2215":0,"2216":0,"2220":0,"2223":1,"2226":1,"2231":1,"2239":1,"2241":1,"2243":1,"2245":1,"2247":1,"2249":1,"2251":1,"2253":1,"2255":1,"2257":1,"2259":4,"2261":1,"2266":1,"2267":0,"2268":0,"2271":0,"2272":0,"2276":0,"2277":0,"2280":0,"2283":1,"2295":1,"2306":1,"2315":1,"2317":1,"2318":0,"2319":0,"2322":0,"2323":0,"2326":0,"2327":0,"2328":0,"2329":0,"2337":0}}}